2025-11-08 10:37:14,090 - Base_datos.conexion - INFO - Conexión exitosa a MySQL en puerto 3308
2025-11-08 10:37:14,137 - Base_datos.conexion - INFO - Conexión a base de datos cerrada
2025-11-08 10:38:36,923 - Base_datos.conexion - INFO - Conexión exitosa a MySQL en puerto 3308
2025-11-08 10:38:36,940 - Base_datos.conexion - INFO - Conexión a base de datos cerrada
2025-11-08 10:39:32,993 - Base_datos.conexion - INFO - Conexión exitosa a MySQL en puerto 3308
2025-11-08 10:39:33,018 - Base_datos.conexion - INFO - Conexión a base de datos cerrada
2025-11-08 10:41:39,146 - Base_datos.conexion - INFO - Conexión exitosa a MySQL en puerto 3308
2025-11-08 10:41:39,174 - Base_datos.conexion - INFO - Conexión a base de datos cerrada
2025-11-08 10:58:57,147 - conexion - INFO - Conexión exitosa a MySQL en puerto 3308
2025-11-08 10:58:57,166 - conexion - INFO - Conexión a base de datos cerrada
2025-11-08 10:58:58,881 - __main__ - INFO - Eliminando tablas existentes (si las hay)...
2025-11-08 10:58:59,139 - __main__ - INFO - Tablas eliminadas.
2025-11-08 10:58:59,139 - __main__ - INFO - Iniciando creación de tablas en la base de datos
2025-11-08 10:58:59,421 - __main__ - INFO - Tablas creadas exitosamente en observatorio_bilinguismo
2025-11-08 10:58:59,422 - __main__ - INFO - Proceso de creación de tablas finalizado
2025-11-08 10:59:20,888 - Base_datos.conexion - INFO - Conexión exitosa a MySQL en puerto 3308
2025-11-08 10:59:20,903 - Base_datos.conexion - INFO - Conexión a base de datos cerrada
2025-11-08 11:02:47,504 - Base_datos.conexion - INFO - Conexión exitosa a MySQL en puerto 3308
2025-11-08 11:02:47,520 - Base_datos.conexion - INFO - Conexión a base de datos cerrada
2025-11-08 11:03:51,218 - Base_datos.conexion - INFO - Conexión exitosa a MySQL en puerto 3308
2025-11-08 11:03:51,236 - Base_datos.conexion - INFO - Conexión a base de datos cerrada
2025-11-08 11:04:19,625 - Base_datos.conexion - INFO - Conexión exitosa a MySQL en puerto 3308
2025-11-08 11:04:19,636 - Base_datos.conexion - INFO - Conexión a base de datos cerrada
2025-11-08 11:04:39,540 - Base_datos.conexion - INFO - Conexión exitosa a MySQL en puerto 3308
2025-11-08 11:04:39,555 - Base_datos.conexion - INFO - Conexión a base de datos cerrada
2025-11-08 11:05:19,353 - Base_datos.conexion - INFO - Conexión exitosa a MySQL en puerto 3308
2025-11-08 11:05:19,371 - Base_datos.conexion - INFO - Conexión a base de datos cerrada
2025-11-08 11:47:21,405 - Base_datos.conexion - INFO - Conexión exitosa a MySQL en puerto 3308
2025-11-08 11:47:21,422 - Base_datos.conexion - INFO - Conexión a base de datos cerrada
2025-11-08 11:54:19,426 - Base_datos.conexion - INFO - Conexión exitosa a MySQL en puerto 3308
2025-11-08 11:54:19,440 - Base_datos.conexion - INFO - Conexión a base de datos cerrada
2025-11-08 12:02:35,879 - Base_datos.conexion - INFO - Conexión exitosa a MySQL en puerto 3308
2025-11-08 12:02:35,895 - Base_datos.conexion - INFO - Conexión a base de datos cerrada
2025-11-08 12:03:11,889 - conexion - INFO - Conexión exitosa a MySQL en puerto 3308
2025-11-08 12:03:11,925 - conexion - INFO - Conexión a base de datos cerrada
2025-11-08 12:03:12,029 - __main__ - INFO - Eliminando tablas existentes (si las hay)...
2025-11-08 12:03:12,268 - __main__ - INFO - Tablas eliminadas.
2025-11-08 12:03:12,268 - __main__ - INFO - Iniciando creación de tablas en la base de datos
2025-11-08 12:03:12,526 - __main__ - INFO - Tablas creadas exitosamente en observatorio_bilinguismo
2025-11-08 12:03:12,527 - __main__ - INFO - Proceso de creación de tablas finalizado
2025-11-08 12:03:18,371 - Base_datos.conexion - INFO - Conexión exitosa a MySQL en puerto 3308
2025-11-08 12:03:18,385 - Base_datos.conexion - INFO - Conexión a base de datos cerrada
2025-11-08 12:03:28,885 - Base_datos.conexion - INFO - Conexión exitosa a MySQL en puerto 3308
2025-11-08 12:03:28,903 - Base_datos.conexion - INFO - Conexión a base de datos cerrada
2025-11-08 12:04:01,942 - Base_datos.conexion - INFO - Conexión exitosa a MySQL en puerto 3308
2025-11-08 12:04:01,961 - Base_datos.conexion - INFO - Conexión a base de datos cerrada
2025-11-08 12:04:21,533 - Base_datos.conexion - INFO - Conexión exitosa a MySQL en puerto 3308
2025-11-08 12:04:21,548 - Base_datos.conexion - INFO - Conexión a base de datos cerrada
2025-11-08 12:04:47,806 - Base_datos.conexion - INFO - Conexión exitosa a MySQL en puerto 3308
2025-11-08 12:04:47,820 - Base_datos.conexion - INFO - Conexión a base de datos cerrada
2025-11-08 12:05:02,992 - Base_datos.conexion - INFO - Conexión exitosa a MySQL en puerto 3308
2025-11-08 12:05:03,006 - Base_datos.conexion - INFO - Conexión a base de datos cerrada
2025-11-08 12:05:16,005 - Base_datos.conexion - INFO - Conexión exitosa a MySQL en puerto 3308
2025-11-08 12:05:16,022 - Base_datos.conexion - INFO - Conexión a base de datos cerrada
2025-11-08 12:05:36,614 - Base_datos.conexion - INFO - Conexión exitosa a MySQL en puerto 3308
2025-11-08 12:05:36,629 - Base_datos.conexion - INFO - Conexión a base de datos cerrada
