2025-11-02 08:38:35,363 - Base_datos.conexion - INFO - Conexión exitosa a MySQL en puerto 3308
2025-11-02 08:38:35,741 - Base_datos.conexion - INFO - Conexión a base de datos cerrada
2025-11-02 08:38:35,743 - __main__ - INFO - Loading data from d:\Proyectos Jc Code\Archivos para BD rionegro\Observatorio\CSVs\data_2023.csv
2025-11-02 08:38:35,803 - __main__ - INFO - Columnas CSV: ['#', 'TIPO DE IDENTIFICACIÓN', 'NÚMERO DE IDENTIFICACIÓN', 'LUGAR DE EXPEDICIÓN', 'NOMBRES', 'APELLIDOS', 'FECHA DE NACIMIENTO', 'EDAD', 'TELÉFONO 1', 'TELÉFONO 2', 'CORREO ELECTRÓNICO', 'MUNICIPIO', 'DIRECCIÓN', 'NOMBRE DEL ACUDIENTE', 'TIPO DE DOCUMENTO', 'NÚMERO DE DOCUMENTO', 'PARENTESCO', 'Institución Educativa 2022', 'Grado 2022', 'MCER (diagnóstico)', 'MCER (diagnóstico)2', 'NIVEL 2022-1', 'NIVEL 2022-2', 'POBLACIÓN 2022', 'Día', 'Jornada', 'SEDE NODAL 2022', 'GRUPO PMB 2022', 'DOCENTE PMB 2022', 'ESTADO 2022', 'Institución Educativa 2023', 'Sede I.E.', 'Grado 2023', 'Población 2023', 'Nivel 2023- ETAPA 1', 'Día 2023', 'Jornada 2023', 'Sede Nodal 2023', 'Docente 2023', 'FECHA LLAMADA', 'ANOTACIÓN', 'FECHA LLAMADA2', 'ANOTACIÓN2', 'FECHA LLAMADA3', 'ANOTACIÓN3', 'ANOTACIÓN4', 'DIAG', 'Diag %', 'MCER', 'ESTADO MATRICULA', '13-may', '20-may', '27-may', '03-jun', '10-jun', '08-jul', '15-jul', '22-jul', '29-jul', '05-ago', '12-ago', 'ESTADO ETAPA 1', 'Jornada 2023.1', 'Sede Nodal 2023.1', 'Docente 2023.1', 'Población 2023.1', 'Nivel 2023-ETAPA 2', 'CODIGO SAP', 'ID GRUPO', 'ESTADO MATRÍCULA ETAPA 2', '19-ago', '26-ago', '02-sep', '09-sep', '16-sep', '23-sep', '30-sep', '07-oct', '21-oct', '04-nov', 'ESTADO ETAPA 2', 'CERTIFICADO', 'DIAG2', 'Diag %2', 'MCER2', 'SEXO', 'FECHA ACTUAL', 'TIPO POBLACION', 'NIVEL_MCER', 'ENTIDAD', 'NOMBRE CURSO', 'IDIOMA', 'FECHA INICIAL', 'FECHA FINAL', 'COLEGIO ABREVIADO PARA LISTADOS', 'GRUPO']
2025-11-02 08:38:35,805 - __main__ - INFO - Total de registros en CSV: 1044
2025-11-02 08:38:35,844 - __main__ - INFO - PERSONA_ID ya existe en Sedes_instituciones
2025-11-02 08:38:35,867 - __main__ - INFO - Inserted 0 new Tipo_documentos
2025-11-02 08:38:36,000 - __main__ - INFO - Inserted 6 new Nivel_MCER
2025-11-02 08:38:36,007 - __main__ - INFO - Inserted 0 new Ciudades
2025-11-02 08:38:36,054 - __main__ - INFO - Inserted 2 new Instituciones_educativas
2025-11-02 08:38:36,150 - __main__ - INFO - Personas en CSV: 1044, Nuevas: 1, Ya existentes: 1043
2025-11-02 08:38:36,198 - __main__ - INFO - ✅ Inserted 1 new Personas
2025-11-02 08:43:15,810 - Base_datos.conexion - INFO - Conexión exitosa a MySQL en puerto 3308
2025-11-02 08:43:15,834 - Base_datos.conexion - INFO - Conexión a base de datos cerrada
2025-11-02 08:43:15,835 - __main__ - INFO - Loading data from d:\Proyectos Jc Code\Archivos para BD rionegro\Observatorio\CSVs\data_2023.csv
2025-11-02 08:43:15,863 - __main__ - INFO - Columnas CSV: ['#', 'TIPO DE IDENTIFICACIÓN', 'NÚMERO DE IDENTIFICACIÓN', 'LUGAR DE EXPEDICIÓN', 'NOMBRES', 'APELLIDOS', 'FECHA DE NACIMIENTO', 'EDAD', 'TELÉFONO 1', 'TELÉFONO 2', 'CORREO ELECTRÓNICO', 'MUNICIPIO', 'DIRECCIÓN', 'NOMBRE DEL ACUDIENTE', 'TIPO DE DOCUMENTO', 'NÚMERO DE DOCUMENTO', 'PARENTESCO', 'Institución Educativa 2022', 'Grado 2022', 'MCER (diagnóstico)', 'MCER (diagnóstico)2', 'NIVEL 2022-1', 'NIVEL 2022-2', 'POBLACIÓN 2022', 'Día', 'Jornada', 'SEDE NODAL 2022', 'GRUPO PMB 2022', 'DOCENTE PMB 2022', 'ESTADO 2022', 'Institución Educativa 2023', 'Sede I.E.', 'Grado 2023', 'Población 2023', 'Nivel 2023- ETAPA 1', 'Día 2023', 'Jornada 2023', 'Sede Nodal 2023', 'Docente 2023', 'FECHA LLAMADA', 'ANOTACIÓN', 'FECHA LLAMADA2', 'ANOTACIÓN2', 'FECHA LLAMADA3', 'ANOTACIÓN3', 'ANOTACIÓN4', 'DIAG', 'Diag %', 'MCER', 'ESTADO MATRICULA', '13-may', '20-may', '27-may', '03-jun', '10-jun', '08-jul', '15-jul', '22-jul', '29-jul', '05-ago', '12-ago', 'ESTADO ETAPA 1', 'Jornada 2023.1', 'Sede Nodal 2023.1', 'Docente 2023.1', 'Población 2023.1', 'Nivel 2023-ETAPA 2', 'CODIGO SAP', 'ID GRUPO', 'ESTADO MATRÍCULA ETAPA 2', '19-ago', '26-ago', '02-sep', '09-sep', '16-sep', '23-sep', '30-sep', '07-oct', '21-oct', '04-nov', 'ESTADO ETAPA 2', 'CERTIFICADO', 'DIAG2', 'Diag %2', 'MCER2', 'SEXO', 'FECHA ACTUAL', 'TIPO POBLACION', 'NIVEL_MCER', 'ENTIDAD', 'NOMBRE CURSO', 'IDIOMA', 'FECHA INICIAL', 'FECHA FINAL', 'COLEGIO ABREVIADO PARA LISTADOS', 'GRUPO']
2025-11-02 08:43:15,863 - __main__ - INFO - Total de registros en CSV: 1043
2025-11-02 08:43:15,882 - __main__ - INFO - PERSONA_ID ya existe en Sedes_instituciones
2025-11-02 08:43:15,890 - __main__ - INFO - Inserted 0 new Tipo_documentos
2025-11-02 08:43:15,927 - __main__ - INFO - Inserted 6 new Nivel_MCER
2025-11-02 08:43:15,932 - __main__ - INFO - Inserted 0 new Ciudades
2025-11-02 08:43:15,960 - __main__ - INFO - Inserted 2 new Instituciones_educativas
2025-11-02 08:43:15,985 - __main__ - INFO - Personas en CSV: 1043, Nuevas: 1, Ya existentes: 1042
2025-11-02 08:43:16,019 - __main__ - INFO - ✅ Inserted 1 new Personas
2025-11-02 08:43:54,987 - Base_datos.conexion - INFO - Conexión exitosa a MySQL en puerto 3308
2025-11-02 08:43:55,023 - Base_datos.conexion - INFO - Conexión a base de datos cerrada
2025-11-02 08:43:55,024 - __main__ - INFO - Loading data from d:\Proyectos Jc Code\Archivos para BD rionegro\Observatorio\CSVs\data_2023.csv
2025-11-02 08:43:55,055 - __main__ - INFO - Columnas CSV: ['#', 'TIPO DE IDENTIFICACIÓN', 'NÚMERO DE IDENTIFICACIÓN', 'LUGAR DE EXPEDICIÓN', 'NOMBRES', 'APELLIDOS', 'FECHA DE NACIMIENTO', 'EDAD', 'TELÉFONO 1', 'TELÉFONO 2', 'CORREO ELECTRÓNICO', 'MUNICIPIO', 'DIRECCIÓN', 'NOMBRE DEL ACUDIENTE', 'TIPO DE DOCUMENTO', 'NÚMERO DE DOCUMENTO', 'PARENTESCO', 'Institución Educativa 2022', 'Grado 2022', 'MCER (diagnóstico)', 'MCER (diagnóstico)2', 'NIVEL 2022-1', 'NIVEL 2022-2', 'POBLACIÓN 2022', 'Día', 'Jornada', 'SEDE NODAL 2022', 'GRUPO PMB 2022', 'DOCENTE PMB 2022', 'ESTADO 2022', 'Institución Educativa 2023', 'Sede I.E.', 'Grado 2023', 'Población 2023', 'Nivel 2023- ETAPA 1', 'Día 2023', 'Jornada 2023', 'Sede Nodal 2023', 'Docente 2023', 'FECHA LLAMADA', 'ANOTACIÓN', 'FECHA LLAMADA2', 'ANOTACIÓN2', 'FECHA LLAMADA3', 'ANOTACIÓN3', 'ANOTACIÓN4', 'DIAG', 'Diag %', 'MCER', 'ESTADO MATRICULA', '13-may', '20-may', '27-may', '03-jun', '10-jun', '08-jul', '15-jul', '22-jul', '29-jul', '05-ago', '12-ago', 'ESTADO ETAPA 1', 'Jornada 2023.1', 'Sede Nodal 2023.1', 'Docente 2023.1', 'Población 2023.1', 'Nivel 2023-ETAPA 2', 'CODIGO SAP', 'ID GRUPO', 'ESTADO MATRÍCULA ETAPA 2', '19-ago', '26-ago', '02-sep', '09-sep', '16-sep', '23-sep', '30-sep', '07-oct', '21-oct', '04-nov', 'ESTADO ETAPA 2', 'CERTIFICADO', 'DIAG2', 'Diag %2', 'MCER2', 'SEXO', 'FECHA ACTUAL', 'TIPO POBLACION', 'NIVEL_MCER', 'ENTIDAD', 'NOMBRE CURSO', 'IDIOMA', 'FECHA INICIAL', 'FECHA FINAL', 'COLEGIO ABREVIADO PARA LISTADOS', 'GRUPO']
2025-11-02 08:43:55,056 - __main__ - INFO - Total de registros en CSV: 1044
2025-11-02 08:43:55,077 - __main__ - INFO - PERSONA_ID ya existe en Sedes_instituciones
2025-11-02 08:43:55,086 - __main__ - INFO - Inserted 0 new Tipo_documentos
2025-11-02 08:43:55,122 - __main__ - INFO - Inserted 6 new Nivel_MCER
2025-11-02 08:43:55,127 - __main__ - INFO - Inserted 0 new Ciudades
2025-11-02 08:43:55,159 - __main__ - INFO - Inserted 2 new Instituciones_educativas
2025-11-02 08:43:55,190 - __main__ - INFO - Personas en CSV: 1044, Nuevas: 1, Ya existentes: 1043
2025-11-02 08:43:55,230 - __main__ - INFO - ✅ Inserted 1 new Personas
2025-11-02 08:50:05,052 - Base_datos.conexion - INFO - Conexión exitosa a MySQL en puerto 3308
2025-11-02 08:50:05,076 - Base_datos.conexion - INFO - Conexión a base de datos cerrada
2025-11-02 08:50:05,076 - __main__ - INFO - Loading data from d:\Proyectos Jc Code\Archivos para BD rionegro\Observatorio\CSVs\data_2023.csv
2025-11-02 08:50:05,101 - __main__ - INFO - Columnas CSV: ['#', 'TIPO DE IDENTIFICACIÓN', 'NÚMERO DE IDENTIFICACIÓN', 'LUGAR DE EXPEDICIÓN', 'NOMBRES', 'APELLIDOS', 'FECHA DE NACIMIENTO', 'EDAD', 'TELÉFONO 1', 'TELÉFONO 2', 'CORREO ELECTRÓNICO', 'MUNICIPIO', 'DIRECCIÓN', 'NOMBRE DEL ACUDIENTE', 'TIPO DE DOCUMENTO', 'NÚMERO DE DOCUMENTO', 'PARENTESCO', 'Institución Educativa 2022', 'Grado 2022', 'MCER (diagnóstico)', 'MCER (diagnóstico)2', 'NIVEL 2022-1', 'NIVEL 2022-2', 'POBLACIÓN 2022', 'Día', 'Jornada', 'SEDE NODAL 2022', 'GRUPO PMB 2022', 'DOCENTE PMB 2022', 'ESTADO 2022', 'Institución Educativa 2023', 'Sede I.E.', 'Grado 2023', 'Población 2023', 'Nivel 2023- ETAPA 1', 'Día 2023', 'Jornada 2023', 'Sede Nodal 2023', 'Docente 2023', 'FECHA LLAMADA', 'ANOTACIÓN', 'FECHA LLAMADA2', 'ANOTACIÓN2', 'FECHA LLAMADA3', 'ANOTACIÓN3', 'ANOTACIÓN4', 'DIAG', 'Diag %', 'MCER', 'ESTADO MATRICULA', '13-may', '20-may', '27-may', '03-jun', '10-jun', '08-jul', '15-jul', '22-jul', '29-jul', '05-ago', '12-ago', 'ESTADO ETAPA 1', 'Jornada 2023.1', 'Sede Nodal 2023.1', 'Docente 2023.1', 'Población 2023.1', 'Nivel 2023-ETAPA 2', 'CODIGO SAP', 'ID GRUPO', 'ESTADO MATRÍCULA ETAPA 2', '19-ago', '26-ago', '02-sep', '09-sep', '16-sep', '23-sep', '30-sep', '07-oct', '21-oct', '04-nov', 'ESTADO ETAPA 2', 'CERTIFICADO', 'DIAG2', 'Diag %2', 'MCER2', 'SEXO', 'FECHA ACTUAL', 'TIPO POBLACION', 'NIVEL_MCER', 'ENTIDAD', 'NOMBRE CURSO', 'IDIOMA', 'FECHA INICIAL', 'FECHA FINAL', 'COLEGIO ABREVIADO PARA LISTADOS', 'GRUPO']
2025-11-02 08:50:05,101 - __main__ - INFO - Total de registros en CSV: 1044
2025-11-02 08:50:05,121 - __main__ - INFO - PERSONA_ID ya existe en Sedes_instituciones
2025-11-02 08:50:05,129 - __main__ - INFO - Inserted 0 new Tipo_documentos
2025-11-02 08:50:05,160 - __main__ - INFO - Inserted 6 new Nivel_MCER
2025-11-02 08:50:05,166 - __main__ - INFO - Inserted 0 new Ciudades
2025-11-02 08:50:05,192 - __main__ - INFO - Inserted 2 new Instituciones_educativas
2025-11-02 08:50:05,216 - __main__ - INFO - Personas en CSV: 1044, Nuevas: 1, Ya existentes: 1043
2025-11-02 08:51:05,061 - Base_datos.conexion - INFO - Conexión exitosa a MySQL en puerto 3308
2025-11-02 08:51:05,082 - Base_datos.conexion - INFO - Conexión a base de datos cerrada
2025-11-02 08:51:05,082 - __main__ - INFO - Loading data from d:\Proyectos Jc Code\Archivos para BD rionegro\Observatorio\CSVs\data_2023.csv
2025-11-02 08:51:05,108 - __main__ - INFO - Columnas CSV: ['#', 'TIPO DE IDENTIFICACIÓN', 'NÚMERO DE IDENTIFICACIÓN', 'LUGAR DE EXPEDICIÓN', 'NOMBRES', 'APELLIDOS', 'FECHA DE NACIMIENTO', 'EDAD', 'TELÉFONO 1', 'TELÉFONO 2', 'CORREO ELECTRÓNICO', 'MUNICIPIO', 'DIRECCIÓN', 'NOMBRE DEL ACUDIENTE', 'TIPO DE DOCUMENTO', 'NÚMERO DE DOCUMENTO', 'PARENTESCO', 'Institución Educativa 2022', 'Grado 2022', 'MCER (diagnóstico)', 'MCER (diagnóstico)2', 'NIVEL 2022-1', 'NIVEL 2022-2', 'POBLACIÓN 2022', 'Día', 'Jornada', 'SEDE NODAL 2022', 'GRUPO PMB 2022', 'DOCENTE PMB 2022', 'ESTADO 2022', 'Institución Educativa 2023', 'Sede I.E.', 'Grado 2023', 'Población 2023', 'Nivel 2023- ETAPA 1', 'Día 2023', 'Jornada 2023', 'Sede Nodal 2023', 'Docente 2023', 'FECHA LLAMADA', 'ANOTACIÓN', 'FECHA LLAMADA2', 'ANOTACIÓN2', 'FECHA LLAMADA3', 'ANOTACIÓN3', 'ANOTACIÓN4', 'DIAG', 'Diag %', 'MCER', 'ESTADO MATRICULA', '13-may', '20-may', '27-may', '03-jun', '10-jun', '08-jul', '15-jul', '22-jul', '29-jul', '05-ago', '12-ago', 'ESTADO ETAPA 1', 'Jornada 2023.1', 'Sede Nodal 2023.1', 'Docente 2023.1', 'Población 2023.1', 'Nivel 2023-ETAPA 2', 'CODIGO SAP', 'ID GRUPO', 'ESTADO MATRÍCULA ETAPA 2', '19-ago', '26-ago', '02-sep', '09-sep', '16-sep', '23-sep', '30-sep', '07-oct', '21-oct', '04-nov', 'ESTADO ETAPA 2', 'CERTIFICADO', 'DIAG2', 'Diag %2', 'MCER2', 'SEXO', 'FECHA ACTUAL', 'TIPO POBLACION', 'NIVEL_MCER', 'ENTIDAD', 'NOMBRE CURSO', 'IDIOMA', 'FECHA INICIAL', 'FECHA FINAL', 'COLEGIO ABREVIADO PARA LISTADOS', 'GRUPO']
2025-11-02 08:51:05,109 - __main__ - INFO - Total de registros en CSV: 1044
2025-11-02 08:51:05,125 - __main__ - INFO - PERSONA_ID ya existe en Sedes_instituciones
2025-11-02 08:51:05,134 - __main__ - INFO - Inserted 0 new Tipo_documentos
2025-11-02 08:51:05,163 - __main__ - INFO - Inserted 6 new Nivel_MCER
2025-11-02 08:51:05,170 - __main__ - INFO - Inserted 0 new Ciudades
2025-11-02 08:51:05,192 - __main__ - INFO - Inserted 2 new Instituciones_educativas
2025-11-02 08:51:05,215 - __main__ - INFO - Personas en CSV: 1044, Nuevas: 1, Ya existentes: 1043
2025-11-02 08:51:05,249 - __main__ - INFO - ✅ Inserted 1 new Personas
2025-11-02 08:51:05,249 - __main__ - INFO - Columnas de sedes encontradas en CSV: ['GRUPO PMB 2022', 'Jornada 2023', 'FECHA INICIAL', 'FECHA FINAL', 'Sede Nodal 2023', 'Institución Educativa 2023', 'NÚMERO DE IDENTIFICACIÓN']
2025-11-02 08:51:36,889 - Base_datos.conexion - INFO - Conexión exitosa a MySQL en puerto 3308
2025-11-02 08:51:36,943 - Base_datos.conexion - INFO - Conexión a base de datos cerrada
2025-11-02 08:51:36,943 - __main__ - INFO - Loading data from d:\Proyectos Jc Code\Archivos para BD rionegro\Observatorio\CSVs\data_2023.csv
2025-11-02 08:51:36,976 - __main__ - INFO - Columnas CSV: ['#', 'TIPO DE IDENTIFICACIÓN', 'NÚMERO DE IDENTIFICACIÓN', 'LUGAR DE EXPEDICIÓN', 'NOMBRES', 'APELLIDOS', 'FECHA DE NACIMIENTO', 'EDAD', 'TELÉFONO 1', 'TELÉFONO 2', 'CORREO ELECTRÓNICO', 'MUNICIPIO', 'DIRECCIÓN', 'NOMBRE DEL ACUDIENTE', 'TIPO DE DOCUMENTO', 'NÚMERO DE DOCUMENTO', 'PARENTESCO', 'Institución Educativa 2022', 'Grado 2022', 'MCER (diagnóstico)', 'MCER (diagnóstico)2', 'NIVEL 2022-1', 'NIVEL 2022-2', 'POBLACIÓN 2022', 'Día', 'Jornada', 'SEDE NODAL 2022', 'GRUPO PMB 2022', 'DOCENTE PMB 2022', 'ESTADO 2022', 'Institución Educativa 2023', 'Sede I.E.', 'Grado 2023', 'Población 2023', 'Nivel 2023- ETAPA 1', 'Día 2023', 'Jornada 2023', 'Sede Nodal 2023', 'Docente 2023', 'FECHA LLAMADA', 'ANOTACIÓN', 'FECHA LLAMADA2', 'ANOTACIÓN2', 'FECHA LLAMADA3', 'ANOTACIÓN3', 'ANOTACIÓN4', 'DIAG', 'Diag %', 'MCER', 'ESTADO MATRICULA', '13-may', '20-may', '27-may', '03-jun', '10-jun', '08-jul', '15-jul', '22-jul', '29-jul', '05-ago', '12-ago', 'ESTADO ETAPA 1', 'Jornada 2023.1', 'Sede Nodal 2023.1', 'Docente 2023.1', 'Población 2023.1', 'Nivel 2023-ETAPA 2', 'CODIGO SAP', 'ID GRUPO', 'ESTADO MATRÍCULA ETAPA 2', '19-ago', '26-ago', '02-sep', '09-sep', '16-sep', '23-sep', '30-sep', '07-oct', '21-oct', '04-nov', 'ESTADO ETAPA 2', 'CERTIFICADO', 'DIAG2', 'Diag %2', 'MCER2', 'SEXO', 'FECHA ACTUAL', 'TIPO POBLACION', 'NIVEL_MCER', 'ENTIDAD', 'NOMBRE CURSO', 'IDIOMA', 'FECHA INICIAL', 'FECHA FINAL', 'COLEGIO ABREVIADO PARA LISTADOS', 'GRUPO']
2025-11-02 08:51:36,977 - __main__ - INFO - Total de registros en CSV: 1044
2025-11-02 08:51:36,998 - __main__ - INFO - PERSONA_ID ya existe en Sedes_instituciones
2025-11-02 08:51:37,015 - __main__ - INFO - Inserted 0 new Tipo_documentos
2025-11-02 08:51:37,054 - __main__ - INFO - Inserted 6 new Nivel_MCER
2025-11-02 08:51:37,060 - __main__ - INFO - Inserted 0 new Ciudades
2025-11-02 08:51:37,086 - __main__ - INFO - Inserted 2 new Instituciones_educativas
2025-11-02 08:51:37,117 - __main__ - INFO - Personas en CSV: 1044, Nuevas: 1, Ya existentes: 1043
2025-11-02 08:51:37,158 - __main__ - INFO - ✅ Inserted 1 new Personas
2025-11-02 08:51:37,158 - __main__ - INFO - Columnas de sedes encontradas en CSV: ['GRUPO PMB 2022', 'Jornada 2023', 'FECHA INICIAL', 'FECHA FINAL', 'Sede Nodal 2023', 'Institución Educativa 2023', 'NÚMERO DE IDENTIFICACIÓN']
2025-11-02 08:53:29,441 - Base_datos.conexion - INFO - Conexión exitosa a MySQL en puerto 3308
2025-11-02 08:53:29,478 - Base_datos.conexion - INFO - Conexión a base de datos cerrada
2025-11-02 08:53:29,478 - __main__ - INFO - Loading data from d:\Proyectos Jc Code\Archivos para BD rionegro\Observatorio\CSVs\data_2023.csv
2025-11-02 08:53:29,504 - __main__ - INFO - Columnas CSV: ['#', 'TIPO DE IDENTIFICACIÓN', 'NÚMERO DE IDENTIFICACIÓN', 'LUGAR DE EXPEDICIÓN', 'NOMBRES', 'APELLIDOS', 'FECHA DE NACIMIENTO', 'EDAD', 'TELÉFONO 1', 'TELÉFONO 2', 'CORREO ELECTRÓNICO', 'MUNICIPIO', 'DIRECCIÓN', 'NOMBRE DEL ACUDIENTE', 'TIPO DE DOCUMENTO', 'NÚMERO DE DOCUMENTO', 'PARENTESCO', 'Institución Educativa 2022', 'Grado 2022', 'MCER (diagnóstico)', 'MCER (diagnóstico)2', 'NIVEL 2022-1', 'NIVEL 2022-2', 'POBLACIÓN 2022', 'Día', 'Jornada', 'SEDE NODAL 2022', 'GRUPO PMB 2022', 'DOCENTE PMB 2022', 'ESTADO 2022', 'Institución Educativa 2023', 'Sede I.E.', 'Grado 2023', 'Población 2023', 'Nivel 2023- ETAPA 1', 'Día 2023', 'Jornada 2023', 'Sede Nodal 2023', 'Docente 2023', 'FECHA LLAMADA', 'ANOTACIÓN', 'FECHA LLAMADA2', 'ANOTACIÓN2', 'FECHA LLAMADA3', 'ANOTACIÓN3', 'ANOTACIÓN4', 'DIAG', 'Diag %', 'MCER', 'ESTADO MATRICULA', '13-may', '20-may', '27-may', '03-jun', '10-jun', '08-jul', '15-jul', '22-jul', '29-jul', '05-ago', '12-ago', 'ESTADO ETAPA 1', 'Jornada 2023.1', 'Sede Nodal 2023.1', 'Docente 2023.1', 'Población 2023.1', 'Nivel 2023-ETAPA 2', 'CODIGO SAP', 'ID GRUPO', 'ESTADO MATRÍCULA ETAPA 2', '19-ago', '26-ago', '02-sep', '09-sep', '16-sep', '23-sep', '30-sep', '07-oct', '21-oct', '04-nov', 'ESTADO ETAPA 2', 'CERTIFICADO', 'DIAG2', 'Diag %2', 'MCER2', 'SEXO', 'FECHA ACTUAL', 'TIPO POBLACION', 'NIVEL_MCER', 'ENTIDAD', 'NOMBRE CURSO', 'IDIOMA', 'FECHA INICIAL', 'FECHA FINAL', 'COLEGIO ABREVIADO PARA LISTADOS', 'GRUPO']
2025-11-02 08:53:29,505 - __main__ - INFO - Total de registros en CSV: 1044
2025-11-02 08:53:29,523 - __main__ - INFO - PERSONA_ID ya existe en Sedes_instituciones
2025-11-02 08:53:29,533 - __main__ - INFO - Inserted 0 new Tipo_documentos
2025-11-02 08:53:29,579 - __main__ - INFO - Inserted 6 new Nivel_MCER
2025-11-02 08:53:29,589 - __main__ - INFO - Inserted 0 new Ciudades
2025-11-02 08:53:29,612 - __main__ - INFO - Inserted 2 new Instituciones_educativas
2025-11-02 08:53:29,638 - __main__ - INFO - Personas en CSV: 1044, Nuevas: 1, Ya existentes: 1043
2025-11-02 08:53:29,676 - __main__ - INFO - ✅ Inserted 1 new Personas
2025-11-02 08:53:29,676 - __main__ - INFO - Columnas de sedes encontradas en CSV: ['GRUPO PMB 2022', 'Jornada 2023', 'FECHA INICIAL', 'FECHA FINAL', 'Sede Nodal 2023', 'Institución Educativa 2023', 'NÚMERO DE IDENTIFICACIÓN']
2025-11-02 08:53:29,860 - __main__ - INFO - ✅ Inserted 1043 new Sedes_instituciones from 2023
2025-11-02 08:53:29,861 - __main__ - INFO - ✅ Upsert process finished successfully
2025-11-02 08:54:18,045 - Base_datos.conexion - INFO - Conexión exitosa a MySQL en puerto 3308
2025-11-02 08:54:18,072 - Base_datos.conexion - INFO - Conexión a base de datos cerrada
2025-11-02 08:54:18,072 - __main__ - INFO - Loading data from d:\Proyectos Jc Code\Archivos para BD rionegro\Observatorio\CSVs\data_2023.csv
2025-11-02 08:54:18,105 - __main__ - INFO - Columnas CSV: ['#', 'TIPO DE IDENTIFICACIÓN', 'NÚMERO DE IDENTIFICACIÓN', 'LUGAR DE EXPEDICIÓN', 'NOMBRES', 'APELLIDOS', 'FECHA DE NACIMIENTO', 'EDAD', 'TELÉFONO 1', 'TELÉFONO 2', 'CORREO ELECTRÓNICO', 'MUNICIPIO', 'DIRECCIÓN', 'NOMBRE DEL ACUDIENTE', 'TIPO DE DOCUMENTO', 'NÚMERO DE DOCUMENTO', 'PARENTESCO', 'Institución Educativa 2022', 'Grado 2022', 'MCER (diagnóstico)', 'MCER (diagnóstico)2', 'NIVEL 2022-1', 'NIVEL 2022-2', 'POBLACIÓN 2022', 'Día', 'Jornada', 'SEDE NODAL 2022', 'GRUPO PMB 2022', 'DOCENTE PMB 2022', 'ESTADO 2022', 'Institución Educativa 2023', 'Sede I.E.', 'Grado 2023', 'Población 2023', 'Nivel 2023- ETAPA 1', 'Día 2023', 'Jornada 2023', 'Sede Nodal 2023', 'Docente 2023', 'FECHA LLAMADA', 'ANOTACIÓN', 'FECHA LLAMADA2', 'ANOTACIÓN2', 'FECHA LLAMADA3', 'ANOTACIÓN3', 'ANOTACIÓN4', 'DIAG', 'Diag %', 'MCER', 'ESTADO MATRICULA', '13-may', '20-may', '27-may', '03-jun', '10-jun', '08-jul', '15-jul', '22-jul', '29-jul', '05-ago', '12-ago', 'ESTADO ETAPA 1', 'Jornada 2023.1', 'Sede Nodal 2023.1', 'Docente 2023.1', 'Población 2023.1', 'Nivel 2023-ETAPA 2', 'CODIGO SAP', 'ID GRUPO', 'ESTADO MATRÍCULA ETAPA 2', '19-ago', '26-ago', '02-sep', '09-sep', '16-sep', '23-sep', '30-sep', '07-oct', '21-oct', '04-nov', 'ESTADO ETAPA 2', 'CERTIFICADO', 'DIAG2', 'Diag %2', 'MCER2', 'SEXO', 'FECHA ACTUAL', 'TIPO POBLACION', 'NIVEL_MCER', 'ENTIDAD', 'NOMBRE CURSO', 'IDIOMA', 'FECHA INICIAL', 'FECHA FINAL', 'COLEGIO ABREVIADO PARA LISTADOS', 'GRUPO']
2025-11-02 08:54:18,106 - __main__ - INFO - Total de registros en CSV: 1044
2025-11-02 08:54:18,125 - __main__ - INFO - PERSONA_ID ya existe en Sedes_instituciones
2025-11-02 08:54:18,135 - __main__ - INFO - Inserted 0 new Tipo_documentos
2025-11-02 08:54:18,173 - __main__ - INFO - Inserted 6 new Nivel_MCER
2025-11-02 08:54:18,181 - __main__ - INFO - Inserted 0 new Ciudades
2025-11-02 08:54:18,208 - __main__ - INFO - Inserted 2 new Instituciones_educativas
2025-11-02 08:54:18,240 - __main__ - INFO - Personas en CSV: 1044, Nuevas: 1, Ya existentes: 1043
2025-11-02 08:54:18,280 - __main__ - INFO - ✅ Inserted 1 new Personas
2025-11-02 08:54:18,281 - __main__ - INFO - Columnas de sedes encontradas en CSV: ['GRUPO PMB 2022', 'Jornada 2023', 'FECHA INICIAL', 'FECHA FINAL', 'Sede Nodal 2023', 'Institución Educativa 2023', 'NÚMERO DE IDENTIFICACIÓN']
2025-11-02 08:54:18,436 - __main__ - INFO - ✅ Inserted 1043 new Sedes_instituciones from 2023
2025-11-02 08:54:18,438 - __main__ - INFO - ✅ Upsert process finished successfully
2025-11-02 08:55:53,488 - Base_datos.conexion - INFO - Conexión exitosa a MySQL en puerto 3308
2025-11-02 08:55:53,518 - Base_datos.conexion - INFO - Conexión a base de datos cerrada
2025-11-02 08:56:17,367 - Base_datos.conexion - INFO - Conexión exitosa a MySQL en puerto 3308
2025-11-02 08:56:17,389 - Base_datos.conexion - INFO - Conexión a base de datos cerrada
2025-11-02 08:56:17,390 - __main__ - INFO - Loading data from d:\Proyectos Jc Code\Archivos para BD rionegro\Observatorio\CSVs\data_2023.csv
2025-11-02 08:56:17,422 - __main__ - INFO - Columnas CSV: ['#', 'TIPO DE IDENTIFICACIÓN', 'NÚMERO DE IDENTIFICACIÓN', 'LUGAR DE EXPEDICIÓN', 'NOMBRES', 'APELLIDOS', 'FECHA DE NACIMIENTO', 'EDAD', 'TELÉFONO 1', 'TELÉFONO 2', 'CORREO ELECTRÓNICO', 'MUNICIPIO', 'DIRECCIÓN', 'NOMBRE DEL ACUDIENTE', 'TIPO DE DOCUMENTO', 'NÚMERO DE DOCUMENTO', 'PARENTESCO', 'Institución Educativa 2022', 'Grado 2022', 'MCER (diagnóstico)', 'MCER (diagnóstico)2', 'NIVEL 2022-1', 'NIVEL 2022-2', 'POBLACIÓN 2022', 'Día', 'Jornada', 'SEDE NODAL 2022', 'GRUPO PMB 2022', 'DOCENTE PMB 2022', 'ESTADO 2022', 'Institución Educativa 2023', 'Sede I.E.', 'Grado 2023', 'Población 2023', 'Nivel 2023- ETAPA 1', 'Día 2023', 'Jornada 2023', 'Sede Nodal 2023', 'Docente 2023', 'FECHA LLAMADA', 'ANOTACIÓN', 'FECHA LLAMADA2', 'ANOTACIÓN2', 'FECHA LLAMADA3', 'ANOTACIÓN3', 'ANOTACIÓN4', 'DIAG', 'Diag %', 'MCER', 'ESTADO MATRICULA', '13-may', '20-may', '27-may', '03-jun', '10-jun', '08-jul', '15-jul', '22-jul', '29-jul', '05-ago', '12-ago', 'ESTADO ETAPA 1', 'Jornada 2023.1', 'Sede Nodal 2023.1', 'Docente 2023.1', 'Población 2023.1', 'Nivel 2023-ETAPA 2', 'CODIGO SAP', 'ID GRUPO', 'ESTADO MATRÍCULA ETAPA 2', '19-ago', '26-ago', '02-sep', '09-sep', '16-sep', '23-sep', '30-sep', '07-oct', '21-oct', '04-nov', 'ESTADO ETAPA 2', 'CERTIFICADO', 'DIAG2', 'Diag %2', 'MCER2', 'SEXO', 'FECHA ACTUAL', 'TIPO POBLACION', 'NIVEL_MCER', 'ENTIDAD', 'NOMBRE CURSO', 'IDIOMA', 'FECHA INICIAL', 'FECHA FINAL', 'COLEGIO ABREVIADO PARA LISTADOS', 'GRUPO']
2025-11-02 08:56:17,422 - __main__ - INFO - Total de registros en CSV: 1044
2025-11-02 08:56:17,439 - __main__ - INFO - PERSONA_ID ya existe en Sedes_instituciones
2025-11-02 08:56:17,473 - __main__ - INFO - Inserted 8 new Tipo_documentos
2025-11-02 08:56:17,506 - __main__ - INFO - Inserted 10 new Nivel_MCER
2025-11-02 08:56:17,530 - __main__ - INFO - Inserted 1 new Ciudades
2025-11-02 08:56:17,555 - __main__ - INFO - Inserted 20 new Instituciones_educativas
2025-11-02 08:56:17,586 - __main__ - INFO - Inserted 1 new Cursos
2025-11-02 08:56:17,599 - __main__ - INFO - Personas en CSV: 1044, Nuevas: 700, Ya existentes: 344
2025-11-02 08:56:18,502 - __main__ - INFO - ✅ Inserted 700 new Personas
2025-11-02 08:56:18,503 - __main__ - INFO - Columnas de sedes encontradas en CSV: ['GRUPO PMB 2022', 'Jornada 2023', 'FECHA INICIAL', 'FECHA FINAL', 'Sede Nodal 2023', 'Institución Educativa 2023', 'NÚMERO DE IDENTIFICACIÓN']
2025-11-02 08:56:18,664 - __main__ - INFO - ✅ Inserted 1043 new Sedes_instituciones from 2023
2025-11-02 08:56:18,665 - __main__ - INFO - ✅ Upsert process finished successfully
2025-11-02 12:19:32,351 - Base_datos.conexion - INFO - Conexión exitosa a MySQL en puerto 3308
2025-11-02 12:19:32,437 - Base_datos.conexion - INFO - Conexión a base de datos cerrada
2025-11-02 12:19:32,437 - __main__ - INFO - Loading data from d:\Proyectos Jc Code\Archivos para BD rionegro\Observatorio\CSVs\data_2023.csv
2025-11-02 12:19:32,477 - __main__ - INFO - Columnas CSV: ['#', 'TIPO DE IDENTIFICACIÓN', 'NÚMERO DE IDENTIFICACIÓN', 'LUGAR DE EXPEDICIÓN', 'NOMBRES', 'APELLIDOS', 'FECHA DE NACIMIENTO', 'EDAD', 'TELÉFONO 1', 'TELÉFONO 2', 'CORREO ELECTRÓNICO', 'MUNICIPIO', 'DIRECCIÓN', 'NOMBRE DEL ACUDIENTE', 'TIPO DE DOCUMENTO', 'NÚMERO DE DOCUMENTO', 'PARENTESCO', 'Institución Educativa 2022', 'Grado 2022', 'MCER (diagnóstico)', 'MCER (diagnóstico)2', 'NIVEL 2022-1', 'NIVEL 2022-2', 'POBLACIÓN 2022', 'Día', 'Jornada', 'SEDE NODAL 2022', 'GRUPO PMB 2022', 'DOCENTE PMB 2022', 'ESTADO 2022', 'Institución Educativa 2023', 'Sede I.E.', 'Grado 2023', 'Población 2023', 'Nivel 2023- ETAPA 1', 'Día 2023', 'Jornada 2023', 'Sede Nodal 2023', 'Docente 2023', 'FECHA LLAMADA', 'ANOTACIÓN', 'FECHA LLAMADA2', 'ANOTACIÓN2', 'FECHA LLAMADA3', 'ANOTACIÓN3', 'ANOTACIÓN4', 'DIAG', 'Diag %', 'MCER', 'ESTADO MATRICULA', '13-may', '20-may', '27-may', '03-jun', '10-jun', '08-jul', '15-jul', '22-jul', '29-jul', '05-ago', '12-ago', 'ESTADO ETAPA 1', 'Jornada 2023.1', 'Sede Nodal 2023.1', 'Docente 2023.1', 'Población 2023.1', 'Nivel 2023-ETAPA 2', 'CODIGO SAP', 'ID GRUPO', 'ESTADO MATRÍCULA ETAPA 2', '19-ago', '26-ago', '02-sep', '09-sep', '16-sep', '23-sep', '30-sep', '07-oct', '21-oct', '04-nov', 'ESTADO ETAPA 2', 'CERTIFICADO', 'DIAG2', 'Diag %2', 'MCER2', 'SEXO', 'FECHA ACTUAL', 'TIPO POBLACION', 'NIVEL_MCER', 'ENTIDAD', 'NOMBRE CURSO', 'IDIOMA', 'FECHA INICIAL', 'FECHA FINAL', 'COLEGIO ABREVIADO PARA LISTADOS', 'GRUPO']
2025-11-02 12:19:32,478 - __main__ - INFO - Total de registros en CSV: 1044
2025-11-02 12:19:32,508 - __main__ - INFO - PERSONA_ID ya existe en Sedes_instituciones
2025-11-02 12:19:32,517 - __main__ - INFO - Inserted 0 new Tipo_documentos
2025-11-02 12:19:32,561 - __main__ - INFO - Inserted 12 new Nivel_MCER
2025-11-02 12:19:32,568 - __main__ - INFO - Inserted 0 new Ciudades
2025-11-02 12:19:32,596 - __main__ - INFO - Inserted 18 new Instituciones_educativas
2025-11-02 12:19:32,630 - __main__ - INFO - Personas en CSV: 1044, Nuevas: 1, Ya existentes: 1043
2025-11-02 12:19:32,682 - __main__ - INFO - ✅ Inserted 1 new Personas
2025-11-02 12:19:32,682 - __main__ - INFO - Columnas de sedes encontradas en CSV: ['GRUPO PMB 2022', 'Jornada', 'FECHA INICIAL', 'FECHA FINAL', 'SEDE NODAL 2022', 'Institución Educativa 2022', 'NÚMERO DE IDENTIFICACIÓN']
2025-11-02 12:19:32,817 - __main__ - INFO - ✅ Inserted 1043 new Sedes_instituciones from 2023
2025-11-02 12:19:32,818 - __main__ - INFO - ✅ Upsert process finished successfully
2025-11-02 12:23:46,553 - Base_datos.conexion - INFO - Conexión exitosa a MySQL en puerto 3308
2025-11-02 12:23:46,577 - Base_datos.conexion - INFO - Conexión a base de datos cerrada
2025-11-02 12:23:46,577 - __main__ - INFO - Loading data from d:\Proyectos Jc Code\Archivos para BD rionegro\Observatorio\CSVs\data_2022.csv
2025-11-02 12:23:46,593 - __main__ - INFO - Columnas CSV: ['#', 'MATRICULA HÉRCULES ETAPA 1', 'OBSERVACIONES 28/06', 'MATRICULA HÉRCULES ETAPA 2', 'RESERVA ETAPA 2', 'ID GRUPO ETAPA 2', 'OBSERVACIONES 22/09', 'TIPO DE IDENTIFICACIÓN', 'NÚMERO DE IDENTIFICACIÓN', 'NOMBRES', 'APELLIDOS', 'FECHA DE NACIMIENTO', 'EDAD', 'TELÉFONO 1', 'TELÉFONO 2', 'CORREO ELECTRÓNICO', 'Municipio', 'Dirección', 'NOMBRE DEL ACUDIENTE', 'PARENTESCO', 'Estado final 2021', 'Institución Educativa 2022', 'Sede educativa 2022', 'Grado 2022', 'MCER (diagnóstico)', 'MCER (diagnóstico)2', 'NIVEL 2022-1', 'NIVEL 2022-2', 'POBLACIÓN 2022', 'Día', 'Jornada', 'HORARIO DE CLASES 2022', 'SEDE NODAL 2022', 'GRUPO PMB 2022', 'DOCENTE PMB 2022', 'RECIBIÓ TEXTO', 'ACTIVO 2022', 'ACTIVO SEP 10', 'ACTIVO 08 OCT', 'CERTIFICADO', 'TIENE CERTIFICADO', 'ESTADO 2022', 'SEXO', 'FECHA ACTUAL', 'TIPO POBLACION', 'NIVEL_MCER', 'ENTIDAD', 'NOMBRE CURSO', 'IDIOMA', 'FECHA INICIAL', 'FECHA FINAL', 'COLEGIO ABREVIADO PARA LISTADOS', 'GRUPO ']
2025-11-02 12:23:46,593 - __main__ - INFO - Total de registros en CSV: 687
2025-11-02 12:23:46,627 - __main__ - INFO - PERSONA_ID ya existe en Sedes_instituciones
2025-11-02 12:23:46,657 - __main__ - INFO - Inserted 4 new Tipo_documentos
2025-11-02 12:29:48,538 - Base_datos.conexion - INFO - Conexión exitosa a MySQL en puerto 3308
2025-11-02 12:29:48,562 - Base_datos.conexion - INFO - Conexión a base de datos cerrada
2025-11-02 12:29:48,563 - __main__ - INFO - Loading data from d:\Proyectos Jc Code\Archivos para BD rionegro\Observatorio\CSVs\data_2022.csv
2025-11-02 12:29:48,579 - __main__ - INFO - Columnas CSV: ['#', 'MATRICULA HÉRCULES ETAPA 1', 'OBSERVACIONES 28/06', 'MATRICULA HÉRCULES ETAPA 2', 'RESERVA ETAPA 2', 'ID GRUPO ETAPA 2', 'OBSERVACIONES 22/09', 'TIPO DE IDENTIFICACIÓN', 'NÚMERO DE IDENTIFICACIÓN', 'NOMBRES', 'APELLIDOS', 'FECHA DE NACIMIENTO', 'EDAD', 'TELÉFONO 1', 'TELÉFONO 2', 'CORREO ELECTRÓNICO', 'Municipio', 'Dirección', 'NOMBRE DEL ACUDIENTE', 'PARENTESCO', 'Estado final 2021', 'Institución Educativa 2022', 'Sede educativa 2022', 'Grado 2022', 'MCER (diagnóstico)', 'MCER (diagnóstico)2', 'NIVEL 2022-1', 'NIVEL 2022-2', 'POBLACIÓN 2022', 'Día', 'Jornada', 'HORARIO DE CLASES 2022', 'SEDE NODAL 2022', 'GRUPO PMB 2022', 'DOCENTE PMB 2022', 'RECIBIÓ TEXTO', 'ACTIVO 2022', 'ACTIVO SEP 10', 'ACTIVO 08 OCT', 'CERTIFICADO', 'TIENE CERTIFICADO', 'ESTADO 2022', 'SEXO', 'FECHA ACTUAL', 'TIPO POBLACION', 'NIVEL_MCER', 'ENTIDAD', 'NOMBRE CURSO', 'IDIOMA', 'FECHA INICIAL', 'FECHA FINAL', 'COLEGIO ABREVIADO PARA LISTADOS', 'GRUPO ']
2025-11-02 12:29:48,580 - __main__ - INFO - Total de registros en CSV: 687
2025-11-02 12:29:48,597 - __main__ - INFO - PERSONA_ID ya existe en Sedes_instituciones
2025-11-02 12:29:48,604 - __main__ - INFO - Inserted 0 new Tipo_documentos
2025-11-02 12:30:26,359 - Base_datos.conexion - INFO - Conexión exitosa a MySQL en puerto 3308
2025-11-02 12:30:26,389 - Base_datos.conexion - INFO - Conexión a base de datos cerrada
2025-11-02 12:30:26,390 - __main__ - INFO - Loading data from d:\Proyectos Jc Code\Archivos para BD rionegro\Observatorio\CSVs\data_2022.csv
2025-11-02 12:30:26,404 - __main__ - INFO - Columnas CSV: ['#', 'MATRICULA HÉRCULES ETAPA 1', 'OBSERVACIONES 28/06', 'MATRICULA HÉRCULES ETAPA 2', 'RESERVA ETAPA 2', 'ID GRUPO ETAPA 2', 'OBSERVACIONES 22/09', 'TIPO DE IDENTIFICACIÓN', 'NÚMERO DE IDENTIFICACIÓN', 'NOMBRES', 'APELLIDOS', 'FECHA DE NACIMIENTO', 'EDAD', 'TELÉFONO 1', 'TELÉFONO 2', 'CORREO ELECTRÓNICO', 'Municipio', 'Dirección', 'NOMBRE DEL ACUDIENTE', 'PARENTESCO', 'Estado final 2021', 'Institución Educativa 2022', 'Sede educativa 2022', 'Grado 2022', 'MCER (diagnóstico)', 'MCER (diagnóstico)2', 'NIVEL 2022-1', 'NIVEL 2022-2', 'POBLACIÓN 2022', 'Día', 'Jornada', 'HORARIO DE CLASES 2022', 'SEDE NODAL 2022', 'GRUPO PMB 2022', 'DOCENTE PMB 2022', 'RECIBIÓ TEXTO', 'ACTIVO 2022', 'ACTIVO SEP 10', 'ACTIVO 08 OCT', 'CERTIFICADO', 'TIENE CERTIFICADO', 'ESTADO 2022', 'SEXO', 'FECHA ACTUAL', 'TIPO POBLACION', 'NIVEL_MCER', 'ENTIDAD', 'NOMBRE CURSO', 'IDIOMA', 'FECHA INICIAL', 'FECHA FINAL', 'COLEGIO ABREVIADO PARA LISTADOS', 'GRUPO ']
2025-11-02 12:30:26,405 - __main__ - INFO - Total de registros en CSV: 687
2025-11-02 12:30:26,420 - __main__ - INFO - PERSONA_ID ya existe en Sedes_instituciones
2025-11-02 12:30:26,426 - __main__ - INFO - Inserted 0 new Tipo_documentos
2025-11-02 12:32:33,769 - Base_datos.conexion - INFO - Conexión exitosa a MySQL en puerto 3308
2025-11-02 12:32:33,789 - Base_datos.conexion - INFO - Conexión a base de datos cerrada
2025-11-02 12:32:33,789 - __main__ - INFO - Loading data from d:\Proyectos Jc Code\Archivos para BD rionegro\Observatorio\CSVs\data_2022.csv
2025-11-02 12:32:33,804 - __main__ - INFO - Columnas CSV: ['#', 'MATRICULA HÉRCULES ETAPA 1', 'OBSERVACIONES 28/06', 'MATRICULA HÉRCULES ETAPA 2', 'RESERVA ETAPA 2', 'ID GRUPO ETAPA 2', 'OBSERVACIONES 22/09', 'TIPO DE IDENTIFICACIÓN', 'NÚMERO DE IDENTIFICACIÓN', 'NOMBRES', 'APELLIDOS', 'FECHA DE NACIMIENTO', 'EDAD', 'TELÉFONO 1', 'TELÉFONO 2', 'CORREO ELECTRÓNICO', 'Municipio', 'Dirección', 'NOMBRE DEL ACUDIENTE', 'PARENTESCO', 'Estado final 2021', 'Institución Educativa 2022', 'Sede educativa 2022', 'Grado 2022', 'MCER (diagnóstico)', 'MCER (diagnóstico)2', 'NIVEL 2022-1', 'NIVEL 2022-2', 'POBLACIÓN 2022', 'Día', 'Jornada', 'HORARIO DE CLASES 2022', 'SEDE NODAL 2022', 'GRUPO PMB 2022', 'DOCENTE PMB 2022', 'RECIBIÓ TEXTO', 'ACTIVO 2022', 'ACTIVO SEP 10', 'ACTIVO 08 OCT', 'CERTIFICADO', 'TIENE CERTIFICADO', 'ESTADO 2022', 'SEXO', 'FECHA ACTUAL', 'TIPO POBLACION', 'NIVEL_MCER', 'ENTIDAD', 'NOMBRE CURSO', 'IDIOMA', 'FECHA INICIAL', 'FECHA FINAL', 'COLEGIO ABREVIADO PARA LISTADOS', 'GRUPO ']
2025-11-02 12:32:35,704 - __main__ - INFO - Total de registros en CSV: 687
2025-11-02 12:32:35,730 - __main__ - INFO - PERSONA_ID ya existe en Sedes_instituciones
2025-11-02 12:32:35,737 - __main__ - INFO - Inserted 0 new Tipo_documentos
2025-11-02 12:32:35,765 - __main__ - INFO - Inserted 10 new Nivel_MCER
2025-11-02 12:32:35,839 - __main__ - INFO - Personas en CSV: 687, Nuevas: 17, Ya existentes: 670
2025-11-02 12:32:35,887 - __main__ - INFO - ✅ Inserted 17 new Personas
2025-11-02 12:32:35,888 - __main__ - INFO - Columnas de sedes encontradas en CSV: ['GRUPO PMB 2022', 'Jornada', 'FECHA INICIAL', 'FECHA FINAL', 'SEDE NODAL 2022', 'Institución Educativa 2022', 'NÚMERO DE IDENTIFICACIÓN']
2025-11-02 12:32:35,991 - __main__ - INFO - ✅ Inserted 687 new Sedes_instituciones from 2022
2025-11-02 12:32:35,992 - __main__ - INFO - ✅ Upsert process finished successfully
2025-11-02 12:40:36,562 - Base_datos.conexion - INFO - Conexión exitosa a MySQL en puerto 3308
2025-11-02 12:40:36,583 - Base_datos.conexion - INFO - Conexión a base de datos cerrada
2025-11-02 12:40:36,583 - __main__ - INFO - Loading data from d:\Proyectos Jc Code\Archivos para BD rionegro\Observatorio\CSVs\data_2022.csv
2025-11-02 12:40:36,598 - __main__ - INFO - Columnas CSV: ['#', 'MATRICULA HÉRCULES ETAPA 1', 'OBSERVACIONES 28/06', 'MATRICULA HÉRCULES ETAPA 2', 'RESERVA ETAPA 2', 'ID GRUPO ETAPA 2', 'OBSERVACIONES 22/09', 'TIPO DE IDENTIFICACIÓN', 'NÚMERO DE IDENTIFICACIÓN', 'NOMBRES', 'APELLIDOS', 'FECHA DE NACIMIENTO', 'EDAD', 'TELÉFONO 1', 'TELÉFONO 2', 'CORREO ELECTRÓNICO', 'Municipio', 'Dirección', 'NOMBRE DEL ACUDIENTE', 'PARENTESCO', 'Estado final 2021', 'Institución Educativa 2022', 'Sede educativa 2022', 'Grado 2022', 'MCER (diagnóstico)', 'MCER (diagnóstico)2', 'NIVEL 2022-1', 'NIVEL 2022-2', 'POBLACIÓN 2022', 'Día', 'Jornada', 'HORARIO DE CLASES 2022', 'SEDE NODAL 2022', 'GRUPO PMB 2022', 'DOCENTE PMB 2022', 'RECIBIÓ TEXTO', 'ACTIVO 2022', 'ACTIVO SEP 10', 'ACTIVO 08 OCT', 'CERTIFICADO', 'TIENE CERTIFICADO', 'ESTADO 2022', 'SEXO', 'FECHA ACTUAL', 'TIPO POBLACION', 'NIVEL_MCER', 'ENTIDAD', 'NOMBRE CURSO', 'IDIOMA', 'FECHA INICIAL', 'FECHA FINAL', 'COLEGIO ABREVIADO PARA LISTADOS', 'GRUPO ']
2025-11-02 12:40:36,599 - __main__ - INFO - Total de registros en CSV: 687
2025-11-02 12:40:36,614 - __main__ - INFO - PERSONA_ID ya existe en Sedes_instituciones
2025-11-02 12:40:36,622 - __main__ - INFO - Inserted 0 new Tipo_documentos
2025-11-02 12:41:05,225 - Base_datos.conexion - INFO - Conexión exitosa a MySQL en puerto 3308
2025-11-02 12:41:05,248 - Base_datos.conexion - INFO - Conexión a base de datos cerrada
2025-11-02 12:41:05,249 - __main__ - INFO - Loading data from d:\Proyectos Jc Code\Archivos para BD rionegro\Observatorio\CSVs\data_2022.csv
2025-11-02 12:41:05,265 - __main__ - INFO - Columnas CSV: ['#', 'MATRICULA HÉRCULES ETAPA 1', 'OBSERVACIONES 28/06', 'MATRICULA HÉRCULES ETAPA 2', 'RESERVA ETAPA 2', 'ID GRUPO ETAPA 2', 'OBSERVACIONES 22/09', 'TIPO DE IDENTIFICACIÓN', 'NÚMERO DE IDENTIFICACIÓN', 'NOMBRES', 'APELLIDOS', 'FECHA DE NACIMIENTO', 'EDAD', 'TELÉFONO 1', 'TELÉFONO 2', 'CORREO ELECTRÓNICO', 'Municipio', 'Dirección', 'NOMBRE DEL ACUDIENTE', 'PARENTESCO', 'Estado final 2021', 'Institución Educativa 2022', 'Sede educativa 2022', 'Grado 2022', 'MCER (diagnóstico)', 'MCER (diagnóstico)2', 'NIVEL 2022-1', 'NIVEL 2022-2', 'POBLACIÓN 2022', 'Día', 'Jornada', 'HORARIO DE CLASES 2022', 'SEDE NODAL 2022', 'GRUPO PMB 2022', 'DOCENTE PMB 2022', 'RECIBIÓ TEXTO', 'ACTIVO 2022', 'ACTIVO SEP 10', 'ACTIVO 08 OCT', 'CERTIFICADO', 'TIENE CERTIFICADO', 'ESTADO 2022', 'SEXO', 'FECHA ACTUAL', 'TIPO POBLACION', 'NIVEL_MCER', 'ENTIDAD', 'NOMBRE CURSO', 'IDIOMA', 'FECHA INICIAL', 'FECHA FINAL', 'COLEGIO ABREVIADO PARA LISTADOS', 'GRUPO ']
2025-11-02 12:41:05,266 - __main__ - INFO - Total de registros en CSV: 687
2025-11-02 12:41:05,283 - __main__ - INFO - PERSONA_ID ya existe en Sedes_instituciones
2025-11-02 12:41:05,297 - __main__ - INFO - Inserted 0 new Tipo_documentos
2025-11-02 12:41:05,327 - __main__ - INFO - Inserted 13 new Nivel_MCER
2025-11-02 12:41:05,355 - __main__ - INFO - Personas en CSV: 687, Nuevas: 0, Ya existentes: 687
2025-11-02 12:41:05,356 - __main__ - INFO - Columnas de sedes encontradas en CSV: ['GRUPO PMB 2022', 'Jornada', 'FECHA INICIAL', 'FECHA FINAL', 'SEDE NODAL 2022', 'Institución Educativa 2022', 'NÚMERO DE IDENTIFICACIÓN']
2025-11-02 12:41:05,476 - __main__ - INFO - ✅ Inserted 687 new Sedes_instituciones from 2022
2025-11-02 12:41:05,476 - __main__ - INFO - ✅ Upsert process finished successfully
2025-11-02 12:43:43,019 - Base_datos.conexion - INFO - Conexión exitosa a MySQL en puerto 3308
2025-11-02 12:43:43,034 - Base_datos.conexion - INFO - Conexión a base de datos cerrada
2025-11-02 12:43:43,034 - __main__ - INFO - Loading data from d:\Proyectos Jc Code\Archivos para BD rionegro\Observatorio\CSVs\data_2023.csv
2025-11-02 12:43:43,060 - __main__ - INFO - Columnas CSV: ['#', 'TIPO DE IDENTIFICACIÓN', 'NÚMERO DE IDENTIFICACIÓN', 'LUGAR DE EXPEDICIÓN', 'NOMBRES', 'APELLIDOS', 'FECHA DE NACIMIENTO', 'EDAD', 'TELÉFONO 1', 'TELÉFONO 2', 'CORREO ELECTRÓNICO', 'MUNICIPIO', 'DIRECCIÓN', 'NOMBRE DEL ACUDIENTE', 'TIPO DE DOCUMENTO', 'NÚMERO DE DOCUMENTO', 'PARENTESCO', 'Institución Educativa 2022', 'Grado 2022', 'MCER (diagnóstico)', 'MCER (diagnóstico)2', 'NIVEL 2022-1', 'NIVEL 2022-2', 'POBLACIÓN 2022', 'Día', 'Jornada', 'SEDE NODAL 2022', 'GRUPO PMB 2022', 'DOCENTE PMB 2022', 'ESTADO 2022', 'Institución Educativa 2023', 'Sede I.E.', 'Grado 2023', 'Población 2023', 'Nivel 2023- ETAPA 1', 'Día 2023', 'Jornada 2023', 'Sede Nodal 2023', 'Docente 2023', 'FECHA LLAMADA', 'ANOTACIÓN', 'FECHA LLAMADA2', 'ANOTACIÓN2', 'FECHA LLAMADA3', 'ANOTACIÓN3', 'ANOTACIÓN4', 'DIAG', 'Diag %', 'MCER', 'ESTADO MATRICULA', '13-may', '20-may', '27-may', '03-jun', '10-jun', '08-jul', '15-jul', '22-jul', '29-jul', '05-ago', '12-ago', 'ESTADO ETAPA 1', 'Jornada 2023.1', 'Sede Nodal 2023.1', 'Docente 2023.1', 'Población 2023.1', 'Nivel 2023-ETAPA 2', 'CODIGO SAP', 'ID GRUPO', 'ESTADO MATRÍCULA ETAPA 2', '19-ago', '26-ago', '02-sep', '09-sep', '16-sep', '23-sep', '30-sep', '07-oct', '21-oct', '04-nov', 'ESTADO ETAPA 2', 'CERTIFICADO', 'DIAG2', 'Diag %2', 'MCER2', 'SEXO', 'FECHA ACTUAL', 'TIPO POBLACION', 'NIVEL_MCER', 'ENTIDAD', 'NOMBRE CURSO', 'IDIOMA', 'FECHA INICIAL', 'FECHA FINAL', 'COLEGIO ABREVIADO PARA LISTADOS', 'GRUPO']
2025-11-02 12:43:43,061 - __main__ - INFO - Total de registros en CSV: 1044
2025-11-02 12:43:43,073 - __main__ - INFO - PERSONA_ID ya existe en Sedes_instituciones
2025-11-02 12:43:43,080 - __main__ - INFO - Inserted 0 new Tipo_documentos
2025-11-02 12:43:43,122 - __main__ - INFO - Inserted 6 new Nivel_MCER
2025-11-02 12:43:43,127 - __main__ - INFO - Inserted 0 new Ciudades
2025-11-02 12:43:43,149 - __main__ - INFO - Inserted 2 new Instituciones_educativas
2025-11-02 12:43:43,173 - __main__ - INFO - Personas en CSV: 1044, Nuevas: 1, Ya existentes: 1043
2025-11-02 12:43:43,207 - __main__ - INFO - ✅ Inserted 1 new Personas
2025-11-02 12:43:43,207 - __main__ - INFO - Columnas de sedes encontradas en CSV: ['GRUPO PMB 2022', 'Jornada 2023', 'FECHA INICIAL', 'FECHA FINAL', 'Sede Nodal 2023', 'Institución Educativa 2023', 'NÚMERO DE IDENTIFICACIÓN']
2025-11-02 12:43:43,383 - __main__ - INFO - ✅ Inserted 1043 new Sedes_instituciones from 2023
2025-11-02 12:43:43,383 - __main__ - INFO - ✅ Upsert process finished successfully
2025-11-02 12:46:01,030 - conexion - INFO - Conexión exitosa a MySQL en puerto 3308
2025-11-02 12:46:01,049 - conexion - INFO - Conexión a base de datos cerrada
2025-11-02 12:46:01,245 - __main__ - INFO - Eliminando tablas existentes (si las hay)...
2025-11-02 12:46:01,279 - __main__ - INFO - Tablas eliminadas.
2025-11-02 12:46:01,280 - __main__ - INFO - Iniciando creación de tablas en la base de datos
2025-11-02 12:46:01,543 - __main__ - INFO - Tablas creadas exitosamente en observatorio_bilinguismo
2025-11-02 12:46:01,544 - __main__ - INFO - Proceso de creación de tablas finalizado
2025-11-02 12:46:22,830 - Base_datos.conexion - INFO - Conexión exitosa a MySQL en puerto 3308
2025-11-02 12:46:22,844 - Base_datos.conexion - INFO - Conexión a base de datos cerrada
2025-11-02 12:46:29,816 - Base_datos.conexion - INFO - Conexión exitosa a MySQL en puerto 3308
2025-11-02 12:46:29,834 - Base_datos.conexion - INFO - Conexión a base de datos cerrada
2025-11-02 12:46:29,835 - __main__ - INFO - Loading data from d:\Proyectos Jc Code\Archivos para BD rionegro\Observatorio\CSVs\data_2023.csv
2025-11-02 12:46:29,863 - __main__ - INFO - Columnas CSV: ['#', 'TIPO DE IDENTIFICACIÓN', 'NÚMERO DE IDENTIFICACIÓN', 'LUGAR DE EXPEDICIÓN', 'NOMBRES', 'APELLIDOS', 'FECHA DE NACIMIENTO', 'EDAD', 'TELÉFONO 1', 'TELÉFONO 2', 'CORREO ELECTRÓNICO', 'MUNICIPIO', 'DIRECCIÓN', 'NOMBRE DEL ACUDIENTE', 'TIPO DE DOCUMENTO', 'NÚMERO DE DOCUMENTO', 'PARENTESCO', 'Institución Educativa 2022', 'Grado 2022', 'MCER (diagnóstico)', 'MCER (diagnóstico)2', 'NIVEL 2022-1', 'NIVEL 2022-2', 'POBLACIÓN 2022', 'Día', 'Jornada', 'SEDE NODAL 2022', 'GRUPO PMB 2022', 'DOCENTE PMB 2022', 'ESTADO 2022', 'Institución Educativa 2023', 'Sede I.E.', 'Grado 2023', 'Población 2023', 'Nivel 2023- ETAPA 1', 'Día 2023', 'Jornada 2023', 'Sede Nodal 2023', 'Docente 2023', 'FECHA LLAMADA', 'ANOTACIÓN', 'FECHA LLAMADA2', 'ANOTACIÓN2', 'FECHA LLAMADA3', 'ANOTACIÓN3', 'ANOTACIÓN4', 'DIAG', 'Diag %', 'MCER', 'ESTADO MATRICULA', '13-may', '20-may', '27-may', '03-jun', '10-jun', '08-jul', '15-jul', '22-jul', '29-jul', '05-ago', '12-ago', 'ESTADO ETAPA 1', 'Jornada 2023.1', 'Sede Nodal 2023.1', 'Docente 2023.1', 'Población 2023.1', 'Nivel 2023-ETAPA 2', 'CODIGO SAP', 'ID GRUPO', 'ESTADO MATRÍCULA ETAPA 2', '19-ago', '26-ago', '02-sep', '09-sep', '16-sep', '23-sep', '30-sep', '07-oct', '21-oct', '04-nov', 'ESTADO ETAPA 2', 'CERTIFICADO', 'DIAG2', 'Diag %2', 'MCER2', 'SEXO', 'FECHA ACTUAL', 'TIPO POBLACION', 'NIVEL_MCER', 'ENTIDAD', 'NOMBRE CURSO', 'IDIOMA', 'FECHA INICIAL', 'FECHA FINAL', 'COLEGIO ABREVIADO PARA LISTADOS', 'GRUPO']
2025-11-02 12:46:29,864 - __main__ - INFO - Total de registros en CSV: 1044
2025-11-02 12:46:29,880 - __main__ - INFO - PERSONA_ID ya existe en Sedes_instituciones
2025-11-02 12:46:29,908 - __main__ - INFO - Inserted 8 new Tipo_documentos
2025-11-02 12:46:29,935 - __main__ - INFO - Inserted 10 new Nivel_MCER
2025-11-02 12:46:29,961 - __main__ - INFO - Inserted 1 new Ciudades
2025-11-02 12:46:29,985 - __main__ - INFO - Inserted 20 new Instituciones_educativas
2025-11-02 12:46:30,012 - __main__ - INFO - Inserted 1 new Cursos
2025-11-02 12:46:30,024 - __main__ - INFO - Personas en CSV: 1044, Nuevas: 700, Ya existentes: 344
2025-11-02 12:46:30,836 - __main__ - INFO - ✅ Inserted 700 new Personas
2025-11-02 12:46:30,837 - __main__ - INFO - Columnas de sedes encontradas en CSV: ['GRUPO PMB 2022', 'Jornada 2023', 'FECHA INICIAL', 'FECHA FINAL', 'Sede Nodal 2023', 'Institución Educativa 2023', 'NÚMERO DE IDENTIFICACIÓN']
2025-11-02 12:46:31,005 - __main__ - INFO - ✅ Inserted 1043 new Sedes_instituciones from 2023
2025-11-02 12:46:31,006 - __main__ - INFO - ✅ Upsert process finished successfully
2025-11-02 16:25:30,739 - conexion - INFO - Conexión exitosa a MySQL en puerto 3308
2025-11-02 16:25:30,815 - conexion - INFO - Conexión a base de datos cerrada
2025-11-02 16:25:30,952 - __main__ - INFO - Eliminando tablas existentes (si las hay)...
2025-11-02 16:25:31,203 - __main__ - INFO - Tablas eliminadas.
2025-11-02 16:25:31,204 - __main__ - INFO - Iniciando creación de tablas en la base de datos
2025-11-02 16:25:31,487 - __main__ - INFO - Tablas creadas exitosamente en observatorio_bilinguismo
2025-11-02 16:25:31,488 - __main__ - INFO - Proceso de creación de tablas finalizado
2025-11-02 16:25:49,271 - Base_datos.conexion - INFO - Conexión exitosa a MySQL en puerto 3308
2025-11-02 16:25:49,287 - Base_datos.conexion - INFO - Conexión a base de datos cerrada
2025-11-02 16:25:54,475 - Base_datos.conexion - INFO - Conexión exitosa a MySQL en puerto 3308
2025-11-02 16:25:54,493 - Base_datos.conexion - INFO - Conexión a base de datos cerrada
2025-11-02 16:25:54,493 - __main__ - INFO - Loading data from d:\Proyectos Jc Code\Archivos para BD rionegro\Observatorio\CSVs\data_2023.csv
2025-11-02 16:25:54,521 - __main__ - INFO - Columnas CSV: ['#', 'TIPO DE IDENTIFICACIÓN', 'NÚMERO DE IDENTIFICACIÓN', 'LUGAR DE EXPEDICIÓN', 'NOMBRES', 'APELLIDOS', 'FECHA DE NACIMIENTO', 'EDAD', 'TELÉFONO 1', 'TELÉFONO 2', 'CORREO ELECTRÓNICO', 'MUNICIPIO', 'DIRECCIÓN', 'NOMBRE DEL ACUDIENTE', 'TIPO DE DOCUMENTO', 'NÚMERO DE DOCUMENTO', 'PARENTESCO', 'Institución Educativa 2022', 'Grado 2022', 'MCER (diagnóstico)', 'MCER (diagnóstico)2', 'NIVEL 2022-1', 'NIVEL 2022-2', 'POBLACIÓN 2022', 'Día', 'Jornada', 'SEDE NODAL 2022', 'GRUPO PMB 2022', 'DOCENTE PMB 2022', 'ESTADO 2022', 'Institución Educativa 2023', 'Sede I.E.', 'Grado 2023', 'Población 2023', 'Nivel 2023- ETAPA 1', 'Día 2023', 'Jornada 2023', 'Sede Nodal 2023', 'Docente 2023', 'FECHA LLAMADA', 'ANOTACIÓN', 'FECHA LLAMADA2', 'ANOTACIÓN2', 'FECHA LLAMADA3', 'ANOTACIÓN3', 'ANOTACIÓN4', 'DIAG', 'Diag %', 'MCER', 'ESTADO MATRICULA', '13-may', '20-may', '27-may', '03-jun', '10-jun', '08-jul', '15-jul', '22-jul', '29-jul', '05-ago', '12-ago', 'ESTADO ETAPA 1', 'Jornada 2023.1', 'Sede Nodal 2023.1', 'Docente 2023.1', 'Población 2023.1', 'Nivel 2023-ETAPA 2', 'CODIGO SAP', 'ID GRUPO', 'ESTADO MATRÍCULA ETAPA 2', '19-ago', '26-ago', '02-sep', '09-sep', '16-sep', '23-sep', '30-sep', '07-oct', '21-oct', '04-nov', 'ESTADO ETAPA 2', 'CERTIFICADO', 'DIAG2', 'Diag %2', 'MCER2', 'SEXO', 'FECHA ACTUAL', 'TIPO POBLACION', 'NIVEL_MCER', 'ENTIDAD', 'NOMBRE CURSO', 'IDIOMA', 'FECHA INICIAL', 'FECHA FINAL', 'COLEGIO ABREVIADO PARA LISTADOS', 'GRUPO']
2025-11-02 16:25:54,522 - __main__ - INFO - Total de registros en CSV: 1044
2025-11-02 16:25:54,537 - __main__ - INFO - PERSONA_ID ya existe en Sedes_instituciones
2025-11-02 16:25:54,568 - __main__ - INFO - Inserted 8 new Tipo_documentos
2025-11-02 16:25:54,597 - __main__ - INFO - Inserted 10 new Nivel_MCER
2025-11-02 16:25:54,620 - __main__ - INFO - Inserted 1 new Ciudades
2025-11-02 16:25:54,648 - __main__ - INFO - Inserted 20 new Instituciones_educativas
2025-11-02 16:25:54,701 - __main__ - INFO - Inserted 1 new Cursos
2025-11-02 16:25:54,714 - __main__ - INFO - Personas en CSV: 1044, Nuevas: 700, Ya existentes: 344
2025-11-02 16:25:55,472 - __main__ - INFO - ✅ Inserted 700 new Personas
2025-11-02 16:25:55,472 - __main__ - INFO - Columnas de sedes encontradas en CSV: ['GRUPO PMB 2022', 'Jornada 2023', 'FECHA INICIAL', 'FECHA FINAL', 'Sede Nodal 2023', 'Institución Educativa 2023', 'NÚMERO DE IDENTIFICACIÓN']
2025-11-02 16:25:55,615 - __main__ - INFO - ✅ Inserted 1043 new Sedes_instituciones from 2023
2025-11-02 16:25:55,616 - __main__ - INFO - ✅ Upsert process finished successfully
2025-11-02 16:26:10,912 - Base_datos.conexion - INFO - Conexión exitosa a MySQL en puerto 3308
2025-11-02 16:26:10,932 - Base_datos.conexion - INFO - Conexión a base de datos cerrada
2025-11-02 16:26:10,932 - __main__ - INFO - Loading data from d:\Proyectos Jc Code\Archivos para BD rionegro\Observatorio\CSVs\data_2022.csv
2025-11-02 16:26:10,946 - __main__ - INFO - Columnas CSV: ['#', 'MATRICULA HÉRCULES ETAPA 1', 'OBSERVACIONES 28/06', 'MATRICULA HÉRCULES ETAPA 2', 'RESERVA ETAPA 2', 'ID GRUPO ETAPA 2', 'OBSERVACIONES 22/09', 'TIPO DE IDENTIFICACIÓN', 'NÚMERO DE IDENTIFICACIÓN', 'NOMBRES', 'APELLIDOS', 'FECHA DE NACIMIENTO', 'EDAD', 'TELÉFONO 1', 'TELÉFONO 2', 'CORREO ELECTRÓNICO', 'Municipio', 'Dirección', 'NOMBRE DEL ACUDIENTE', 'PARENTESCO', 'Estado final 2021', 'Institución Educativa 2022', 'Sede educativa 2022', 'Grado 2022', 'MCER (diagnóstico)', 'MCER (diagnóstico)2', 'NIVEL 2022-1', 'NIVEL 2022-2', 'POBLACIÓN 2022', 'Día', 'Jornada', 'HORARIO DE CLASES 2022', 'SEDE NODAL 2022', 'GRUPO PMB 2022', 'DOCENTE PMB 2022', 'RECIBIÓ TEXTO', 'ACTIVO 2022', 'ACTIVO SEP 10', 'ACTIVO 08 OCT', 'CERTIFICADO', 'TIENE CERTIFICADO', 'ESTADO 2022', 'SEXO', 'FECHA ACTUAL', 'TIPO POBLACION', 'NIVEL_MCER', 'ENTIDAD', 'NOMBRE CURSO', 'IDIOMA', 'FECHA INICIAL', 'FECHA FINAL', 'COLEGIO ABREVIADO PARA LISTADOS', 'GRUPO ']
2025-11-02 16:26:10,946 - __main__ - INFO - Total de registros en CSV: 687
2025-11-02 16:26:10,961 - __main__ - INFO - PERSONA_ID ya existe en Sedes_instituciones
2025-11-02 16:26:10,995 - __main__ - INFO - Inserted 4 new Tipo_documentos
2025-11-02 16:29:15,464 - Base_datos.conexion - INFO - Conexión exitosa a MySQL en puerto 3308
2025-11-02 16:29:15,482 - Base_datos.conexion - INFO - Conexión a base de datos cerrada
2025-11-02 16:29:15,483 - __main__ - INFO - Loading data from d:\Proyectos Jc Code\Archivos para BD rionegro\Observatorio\CSVs\data_2022.csv
2025-11-02 16:29:15,495 - __main__ - INFO - Columnas CSV: ['#', 'MATRICULA HÉRCULES ETAPA 1', 'OBSERVACIONES 28/06', 'MATRICULA HÉRCULES ETAPA 2', 'RESERVA ETAPA 2', 'ID GRUPO ETAPA 2', 'OBSERVACIONES 22/09', 'TIPO DE IDENTIFICACIÓN', 'NÚMERO DE IDENTIFICACIÓN', 'NOMBRES', 'APELLIDOS', 'FECHA DE NACIMIENTO', 'EDAD', 'TELÉFONO 1', 'TELÉFONO 2', 'CORREO ELECTRÓNICO', 'Municipio', 'Dirección', 'NOMBRE DEL ACUDIENTE', 'PARENTESCO', 'Estado final 2021', 'Institución Educativa 2022', 'Sede educativa 2022', 'Grado 2022', 'MCER (diagnóstico)', 'MCER (diagnóstico)2', 'NIVEL 2022-1', 'NIVEL 2022-2', 'POBLACIÓN 2022', 'Día', 'Jornada', 'HORARIO DE CLASES 2022', 'SEDE NODAL 2022', 'GRUPO PMB 2022', 'DOCENTE PMB 2022', 'RECIBIÓ TEXTO', 'ACTIVO 2022', 'ACTIVO SEP 10', 'ACTIVO 08 OCT', 'CERTIFICADO', 'TIENE CERTIFICADO', 'ESTADO 2022', 'SEXO', 'FECHA ACTUAL', 'TIPO POBLACION', 'NIVEL_MCER', 'ENTIDAD', 'NOMBRE CURSO', 'IDIOMA', 'FECHA INICIAL', 'FECHA FINAL', 'COLEGIO ABREVIADO PARA LISTADOS', 'GRUPO ']
2025-11-02 16:29:15,495 - __main__ - INFO - Total de registros en CSV: 687
2025-11-02 16:29:15,533 - __main__ - INFO - PERSONA_ID ya existe en Sedes_instituciones
2025-11-02 16:29:15,539 - __main__ - INFO - Inserted 0 new Tipo_documentos
2025-11-02 16:29:50,999 - Base_datos.conexion - INFO - Conexión exitosa a MySQL en puerto 3308
2025-11-02 16:29:51,018 - Base_datos.conexion - INFO - Conexión a base de datos cerrada
2025-11-02 16:29:51,019 - __main__ - INFO - Loading data from d:\Proyectos Jc Code\Archivos para BD rionegro\Observatorio\CSVs\data_2022.csv
2025-11-02 16:29:51,032 - __main__ - INFO - Columnas CSV: ['#', 'MATRICULA HÉRCULES ETAPA 1', 'OBSERVACIONES 28/06', 'MATRICULA HÉRCULES ETAPA 2', 'RESERVA ETAPA 2', 'ID GRUPO ETAPA 2', 'OBSERVACIONES 22/09', 'TIPO DE IDENTIFICACIÓN', 'NÚMERO DE IDENTIFICACIÓN', 'NOMBRES', 'APELLIDOS', 'FECHA DE NACIMIENTO', 'EDAD', 'TELÉFONO 1', 'TELÉFONO 2', 'CORREO ELECTRÓNICO', 'Municipio', 'Dirección', 'NOMBRE DEL ACUDIENTE', 'PARENTESCO', 'Estado final 2021', 'Institución Educativa 2022', 'Sede educativa 2022', 'Grado 2022', 'MCER (diagnóstico)', 'MCER (diagnóstico)2', 'NIVEL 2022-1', 'NIVEL 2022-2', 'POBLACIÓN 2022', 'Día', 'Jornada', 'HORARIO DE CLASES 2022', 'SEDE NODAL 2022', 'GRUPO PMB 2022', 'DOCENTE PMB 2022', 'RECIBIÓ TEXTO', 'ACTIVO 2022', 'ACTIVO SEP 10', 'ACTIVO 08 OCT', 'CERTIFICADO', 'TIENE CERTIFICADO', 'ESTADO 2022', 'SEXO', 'FECHA ACTUAL', 'TIPO POBLACION', 'NIVEL_MCER', 'ENTIDAD', 'NOMBRE CURSO', 'IDIOMA', 'FECHA INICIAL', 'FECHA FINAL', 'COLEGIO ABREVIADO PARA LISTADOS', 'GRUPO ']
2025-11-02 16:29:51,032 - __main__ - INFO - Total de registros en CSV: 687
2025-11-02 16:29:51,047 - __main__ - INFO - PERSONA_ID ya existe en Sedes_instituciones
2025-11-02 16:29:51,054 - __main__ - INFO - Inserted 0 new Tipo_documentos
2025-11-02 16:31:27,913 - Base_datos.conexion - INFO - Conexión exitosa a MySQL en puerto 3308
2025-11-02 16:31:27,933 - Base_datos.conexion - INFO - Conexión a base de datos cerrada
2025-11-02 16:31:32,939 - Base_datos.conexion - INFO - Conexión exitosa a MySQL en puerto 3308
2025-11-02 16:31:32,960 - Base_datos.conexion - INFO - Conexión a base de datos cerrada
2025-11-02 16:31:32,960 - __main__ - INFO - Loading data from d:\Proyectos Jc Code\Archivos para BD rionegro\Observatorio\CSVs\data_2023.csv
2025-11-02 16:31:32,983 - __main__ - INFO - Columnas CSV: ['#', 'TIPO DE IDENTIFICACIÓN', 'NÚMERO DE IDENTIFICACIÓN', 'LUGAR DE EXPEDICIÓN', 'NOMBRES', 'APELLIDOS', 'FECHA DE NACIMIENTO', 'EDAD', 'TELÉFONO 1', 'TELÉFONO 2', 'CORREO ELECTRÓNICO', 'MUNICIPIO', 'DIRECCIÓN', 'NOMBRE DEL ACUDIENTE', 'TIPO DE DOCUMENTO', 'NÚMERO DE DOCUMENTO', 'PARENTESCO', 'Institución Educativa 2022', 'Grado 2022', 'MCER (diagnóstico)', 'MCER (diagnóstico)2', 'NIVEL 2022-1', 'NIVEL 2022-2', 'POBLACIÓN 2022', 'Día', 'Jornada', 'SEDE NODAL 2022', 'GRUPO PMB 2022', 'DOCENTE PMB 2022', 'ESTADO 2022', 'Institución Educativa 2023', 'Sede I.E.', 'Grado 2023', 'Población 2023', 'Nivel 2023- ETAPA 1', 'Día 2023', 'Jornada 2023', 'Sede Nodal 2023', 'Docente 2023', 'FECHA LLAMADA', 'ANOTACIÓN', 'FECHA LLAMADA2', 'ANOTACIÓN2', 'FECHA LLAMADA3', 'ANOTACIÓN3', 'ANOTACIÓN4', 'DIAG', 'Diag %', 'MCER', 'ESTADO MATRICULA', '13-may', '20-may', '27-may', '03-jun', '10-jun', '08-jul', '15-jul', '22-jul', '29-jul', '05-ago', '12-ago', 'ESTADO ETAPA 1', 'Jornada 2023.1', 'Sede Nodal 2023.1', 'Docente 2023.1', 'Población 2023.1', 'Nivel 2023-ETAPA 2', 'CODIGO SAP', 'ID GRUPO', 'ESTADO MATRÍCULA ETAPA 2', '19-ago', '26-ago', '02-sep', '09-sep', '16-sep', '23-sep', '30-sep', '07-oct', '21-oct', '04-nov', 'ESTADO ETAPA 2', 'CERTIFICADO', 'DIAG2', 'Diag %2', 'MCER2', 'SEXO', 'FECHA ACTUAL', 'TIPO POBLACION', 'NIVEL_MCER', 'ENTIDAD', 'NOMBRE CURSO', 'IDIOMA', 'FECHA INICIAL', 'FECHA FINAL', 'COLEGIO ABREVIADO PARA LISTADOS', 'GRUPO']
2025-11-02 16:31:32,984 - __main__ - INFO - Total de registros en CSV: 1044
2025-11-02 16:31:32,999 - __main__ - INFO - PERSONA_ID ya existe en Sedes_instituciones
2025-11-02 16:31:33,037 - __main__ - INFO - Inserted 8 new Tipo_documentos
2025-11-02 16:31:33,065 - __main__ - INFO - Inserted 10 new Nivel_MCER
2025-11-02 16:31:33,088 - __main__ - INFO - Inserted 1 new Ciudades
2025-11-02 16:31:33,109 - __main__ - INFO - Inserted 20 new Instituciones_educativas
2025-11-02 16:31:33,136 - __main__ - INFO - Inserted 1 new Cursos
2025-11-02 16:31:33,148 - __main__ - INFO - Personas en CSV: 1044, Nuevas: 700, Ya existentes: 344
2025-11-02 16:31:33,890 - __main__ - INFO - ✅ Inserted 700 new Personas
2025-11-02 16:31:33,891 - __main__ - INFO - Columnas de sedes encontradas en CSV: ['GRUPO PMB 2022', 'Jornada 2023', 'FECHA INICIAL', 'FECHA FINAL', 'Sede Nodal 2023', 'Institución Educativa 2023', 'NÚMERO DE IDENTIFICACIÓN']
2025-11-02 16:31:34,035 - __main__ - INFO - ✅ Inserted 1043 new Sedes_instituciones from 2023
2025-11-02 16:31:34,035 - __main__ - INFO - ✅ Upsert process finished successfully
2025-11-02 16:31:39,260 - Base_datos.conexion - INFO - Conexión exitosa a MySQL en puerto 3308
2025-11-02 16:31:39,276 - Base_datos.conexion - INFO - Conexión a base de datos cerrada
2025-11-02 16:31:39,277 - __main__ - INFO - Loading data from d:\Proyectos Jc Code\Archivos para BD rionegro\Observatorio\CSVs\data_2022.csv
2025-11-02 16:31:39,293 - __main__ - INFO - Columnas CSV: ['#', 'MATRICULA HÉRCULES ETAPA 1', 'OBSERVACIONES 28/06', 'MATRICULA HÉRCULES ETAPA 2', 'RESERVA ETAPA 2', 'ID GRUPO ETAPA 2', 'OBSERVACIONES 22/09', 'TIPO DE IDENTIFICACIÓN', 'NÚMERO DE IDENTIFICACIÓN', 'NOMBRES', 'APELLIDOS', 'FECHA DE NACIMIENTO', 'EDAD', 'TELÉFONO 1', 'TELÉFONO 2', 'CORREO ELECTRÓNICO', 'Municipio', 'Dirección', 'NOMBRE DEL ACUDIENTE', 'PARENTESCO', 'Estado final 2021', 'Institución Educativa 2022', 'Sede educativa 2022', 'Grado 2022', 'MCER (diagnóstico)', 'MCER (diagnóstico)2', 'NIVEL 2022-1', 'NIVEL 2022-2', 'POBLACIÓN 2022', 'Día', 'Jornada', 'HORARIO DE CLASES 2022', 'SEDE NODAL 2022', 'GRUPO PMB 2022', 'DOCENTE PMB 2022', 'RECIBIÓ TEXTO', 'ACTIVO 2022', 'ACTIVO SEP 10', 'ACTIVO 08 OCT', 'CERTIFICADO', 'TIENE CERTIFICADO', 'ESTADO 2022', 'SEXO', 'FECHA ACTUAL', 'TIPO POBLACION', 'NIVEL_MCER', 'ENTIDAD', 'NOMBRE CURSO', 'IDIOMA', 'FECHA INICIAL', 'FECHA FINAL', 'COLEGIO ABREVIADO PARA LISTADOS', 'GRUPO ']
2025-11-02 16:31:39,294 - __main__ - INFO - Total de registros en CSV: 687
2025-11-02 16:31:39,308 - __main__ - INFO - PERSONA_ID ya existe en Sedes_instituciones
2025-11-02 16:31:39,344 - __main__ - INFO - Inserted 4 new Tipo_documentos
2025-11-02 16:38:22,411 - Base_datos.conexion - INFO - Conexión exitosa a MySQL en puerto 3308
2025-11-02 16:38:22,429 - Base_datos.conexion - INFO - Conexión a base de datos cerrada
2025-11-02 16:38:22,430 - __main__ - INFO - Loading data from d:\Proyectos Jc Code\Archivos para BD rionegro\Observatorio\CSVs\data_2023.csv
2025-11-02 16:38:22,457 - __main__ - INFO - Columnas CSV: ['#', 'TIPO DE IDENTIFICACIÓN', 'NÚMERO DE IDENTIFICACIÓN', 'LUGAR DE EXPEDICIÓN', 'NOMBRES', 'APELLIDOS', 'FECHA DE NACIMIENTO', 'EDAD', 'TELÉFONO 1', 'TELÉFONO 2', 'CORREO ELECTRÓNICO', 'MUNICIPIO', 'DIRECCIÓN', 'NOMBRE DEL ACUDIENTE', 'TIPO DE DOCUMENTO', 'NÚMERO DE DOCUMENTO', 'PARENTESCO', 'Institución Educativa 2022', 'Grado 2022', 'MCER (diagnóstico)', 'MCER (diagnóstico)2', 'NIVEL 2022-1', 'NIVEL 2022-2', 'POBLACIÓN 2022', 'Día', 'Jornada', 'SEDE NODAL 2022', 'GRUPO PMB 2022', 'DOCENTE PMB 2022', 'ESTADO 2022', 'Institución Educativa 2023', 'Sede I.E.', 'Grado 2023', 'Población 2023', 'Nivel 2023- ETAPA 1', 'Día 2023', 'Jornada 2023', 'Sede Nodal 2023', 'Docente 2023', 'FECHA LLAMADA', 'ANOTACIÓN', 'FECHA LLAMADA2', 'ANOTACIÓN2', 'FECHA LLAMADA3', 'ANOTACIÓN3', 'ANOTACIÓN4', 'DIAG', 'Diag %', 'MCER', 'ESTADO MATRICULA', '13-may', '20-may', '27-may', '03-jun', '10-jun', '08-jul', '15-jul', '22-jul', '29-jul', '05-ago', '12-ago', 'ESTADO ETAPA 1', 'Jornada 2023.1', 'Sede Nodal 2023.1', 'Docente 2023.1', 'Población 2023.1', 'Nivel 2023-ETAPA 2', 'CODIGO SAP', 'ID GRUPO', 'ESTADO MATRÍCULA ETAPA 2', '19-ago', '26-ago', '02-sep', '09-sep', '16-sep', '23-sep', '30-sep', '07-oct', '21-oct', '04-nov', 'ESTADO ETAPA 2', 'CERTIFICADO', 'DIAG2', 'Diag %2', 'MCER2', 'SEXO', 'FECHA ACTUAL', 'TIPO POBLACION', 'NIVEL_MCER', 'ENTIDAD', 'NOMBRE CURSO', 'IDIOMA', 'FECHA INICIAL', 'FECHA FINAL', 'COLEGIO ABREVIADO PARA LISTADOS', 'GRUPO']
2025-11-02 16:38:22,458 - __main__ - INFO - Total de registros en CSV: 1044
2025-11-02 16:38:22,474 - __main__ - INFO - PERSONA_ID ya existe en Sedes_instituciones
2025-11-02 16:38:22,482 - __main__ - INFO - Inserted 0 new Tipo_documentos
2025-11-02 16:38:22,523 - __main__ - INFO - Inserted 6 new Nivel_MCER
2025-11-02 16:38:22,528 - __main__ - INFO - Inserted 0 new Ciudades
2025-11-02 16:38:22,551 - __main__ - INFO - Inserted 2 new Instituciones_educativas
2025-11-02 16:38:22,580 - __main__ - INFO - Personas en CSV: 1044, Nuevas: 1, Ya existentes: 1043
2025-11-02 16:38:22,631 - __main__ - INFO - ✅ Inserted 1 new Personas
2025-11-02 16:38:22,631 - __main__ - INFO - Columnas de sedes encontradas en CSV: ['GRUPO PMB 2022', 'Jornada 2023', 'FECHA INICIAL', 'FECHA FINAL', 'Sede Nodal 2023', 'Institución Educativa 2023', 'NÚMERO DE IDENTIFICACIÓN']
2025-11-02 16:38:22,756 - __main__ - INFO - ✅ Inserted 1043 new Sedes_instituciones from 2023
2025-11-02 16:38:22,757 - __main__ - INFO - ✅ Upsert process finished successfully
2025-11-02 16:46:26,284 - Base_datos.conexion - INFO - Conexión exitosa a MySQL en puerto 3308
2025-11-02 16:46:26,303 - Base_datos.conexion - INFO - Conexión a base de datos cerrada
2025-11-02 16:46:26,303 - __main__ - INFO - Loading data from d:\Proyectos Jc Code\Archivos para BD rionegro\Observatorio\CSVs\data_2023.csv
2025-11-02 16:46:26,330 - __main__ - INFO - Columnas CSV: ['#', 'TIPO DE IDENTIFICACIÓN', 'NÚMERO DE IDENTIFICACIÓN', 'LUGAR DE EXPEDICIÓN', 'NOMBRES', 'APELLIDOS', 'FECHA DE NACIMIENTO', 'EDAD', 'TELÉFONO 1', 'TELÉFONO 2', 'CORREO ELECTRÓNICO', 'MUNICIPIO', 'DIRECCIÓN', 'NOMBRE DEL ACUDIENTE', 'TIPO DE DOCUMENTO', 'NÚMERO DE DOCUMENTO', 'PARENTESCO', 'Institución Educativa 2022', 'Grado 2022', 'MCER (diagnóstico)', 'MCER (diagnóstico)2', 'NIVEL 2022-1', 'NIVEL 2022-2', 'POBLACIÓN 2022', 'Día', 'Jornada', 'SEDE NODAL 2022', 'GRUPO PMB 2022', 'DOCENTE PMB 2022', 'ESTADO 2022', 'Institución Educativa 2023', 'Sede I.E.', 'Grado 2023', 'Población 2023', 'Nivel 2023- ETAPA 1', 'Día 2023', 'Jornada 2023', 'Sede Nodal 2023', 'Docente 2023', 'FECHA LLAMADA', 'ANOTACIÓN', 'FECHA LLAMADA2', 'ANOTACIÓN2', 'FECHA LLAMADA3', 'ANOTACIÓN3', 'ANOTACIÓN4', 'DIAG', 'Diag %', 'MCER', 'ESTADO MATRICULA', '13-may', '20-may', '27-may', '03-jun', '10-jun', '08-jul', '15-jul', '22-jul', '29-jul', '05-ago', '12-ago', 'ESTADO ETAPA 1', 'Jornada 2023.1', 'Sede Nodal 2023.1', 'Docente 2023.1', 'Población 2023.1', 'Nivel 2023-ETAPA 2', 'CODIGO SAP', 'ID GRUPO', 'ESTADO MATRÍCULA ETAPA 2', '19-ago', '26-ago', '02-sep', '09-sep', '16-sep', '23-sep', '30-sep', '07-oct', '21-oct', '04-nov', 'ESTADO ETAPA 2', 'CERTIFICADO', 'DIAG2', 'Diag %2', 'MCER2', 'SEXO', 'FECHA ACTUAL', 'TIPO POBLACION', 'NIVEL_MCER', 'ENTIDAD', 'NOMBRE CURSO', 'IDIOMA', 'FECHA INICIAL', 'FECHA FINAL', 'COLEGIO ABREVIADO PARA LISTADOS', 'GRUPO']
2025-11-02 16:46:26,330 - __main__ - INFO - Total de registros en CSV: 1044
2025-11-02 16:46:26,345 - __main__ - INFO - PERSONA_ID ya existe en Sedes_instituciones
2025-11-02 16:46:26,352 - __main__ - INFO - Inserted 0 new Tipo_documentos
2025-11-02 16:46:26,391 - __main__ - INFO - Inserted 10 new Nivel_MCER
2025-11-02 16:46:26,395 - __main__ - INFO - Inserted 0 new Ciudades
2025-11-02 16:46:26,417 - __main__ - INFO - Inserted 2 new Instituciones_educativas
2025-11-02 16:46:26,441 - __main__ - INFO - Personas en CSV: 1044, Nuevas: 1, Ya existentes: 1043
2025-11-02 16:46:26,474 - __main__ - INFO - ✅ Inserted 1 new Personas
2025-11-02 16:46:26,474 - __main__ - INFO - Columnas de sedes encontradas en CSV: ['GRUPO', 'Jornada 2023', 'FECHA INICIAL', 'FECHA FINAL', 'Sede Nodal 2023', 'Institución Educativa 2023', 'NÚMERO DE IDENTIFICACIÓN']
2025-11-02 16:46:26,605 - __main__ - INFO - ✅ Inserted 1043 new Sedes_instituciones from 2023
2025-11-02 16:46:26,606 - __main__ - INFO - ✅ Upsert process finished successfully
2025-11-02 16:50:49,796 - Base_datos.conexion - INFO - Conexión exitosa a MySQL en puerto 3308
2025-11-02 16:50:49,814 - Base_datos.conexion - INFO - Conexión a base de datos cerrada
2025-11-02 16:50:49,814 - __main__ - INFO - Loading data from d:\Proyectos Jc Code\Archivos para BD rionegro\Observatorio\CSVs\data_2022.csv
2025-11-02 16:50:49,829 - __main__ - INFO - Columnas CSV: ['#', 'MATRICULA HÉRCULES ETAPA 1', 'OBSERVACIONES 28/06', 'MATRICULA HÉRCULES ETAPA 2', 'RESERVA ETAPA 2', 'ID GRUPO ETAPA 2', 'OBSERVACIONES 22/09', 'TIPO DE IDENTIFICACIÓN', 'NÚMERO DE IDENTIFICACIÓN', 'NOMBRES', 'APELLIDOS', 'FECHA DE NACIMIENTO', 'EDAD', 'TELÉFONO 1', 'TELÉFONO 2', 'CORREO ELECTRÓNICO', 'Municipio', 'Dirección', 'NOMBRE DEL ACUDIENTE', 'PARENTESCO', 'Estado final 2021', 'Institución Educativa 2022', 'Sede educativa 2022', 'Grado 2022', 'MCER (diagnóstico)', 'MCER (diagnóstico)2', 'NIVEL 2022-1', 'NIVEL 2022-2', 'POBLACIÓN 2022', 'Día', 'Jornada', 'HORARIO DE CLASES 2022', 'SEDE NODAL 2022', 'GRUPO PMB 2022', 'DOCENTE PMB 2022', 'RECIBIÓ TEXTO', 'ACTIVO 2022', 'ACTIVO SEP 10', 'ACTIVO 08 OCT', 'CERTIFICADO', 'TIENE CERTIFICADO', 'ESTADO 2022', 'SEXO', 'FECHA ACTUAL', 'TIPO POBLACION', 'NIVEL_MCER', 'ENTIDAD', 'NOMBRE CURSO', 'IDIOMA', 'FECHA INICIAL', 'FECHA FINAL', 'COLEGIO ABREVIADO PARA LISTADOS', 'GRUPO ']
2025-11-02 16:50:49,830 - __main__ - INFO - Total de registros en CSV: 687
2025-11-02 16:50:49,845 - __main__ - INFO - PERSONA_ID ya existe en Sedes_instituciones
2025-11-02 16:50:49,853 - __main__ - INFO - Inserted 0 new Tipo_documentos
2025-11-02 16:56:12,155 - Base_datos.conexion - INFO - Conexión exitosa a MySQL en puerto 3308
2025-11-02 16:56:12,170 - Base_datos.conexion - INFO - Conexión a base de datos cerrada
2025-11-02 16:56:12,171 - __main__ - INFO - Loading data from d:\Proyectos Jc Code\Archivos para BD rionegro\Observatorio\CSVs\data_2022.csv
2025-11-02 16:56:12,201 - __main__ - INFO - Columnas CSV: ['#', 'MATRICULA HÉRCULES ETAPA 1', 'OBSERVACIONES 28/06', 'MATRICULA HÉRCULES ETAPA 2', 'RESERVA ETAPA 2', 'ID GRUPO ETAPA 2', 'OBSERVACIONES 22/09', 'TIPO DE IDENTIFICACIÓN', 'NÚMERO DE IDENTIFICACIÓN', 'NOMBRES', 'APELLIDOS', 'FECHA DE NACIMIENTO', 'EDAD', 'TELÉFONO 1', 'TELÉFONO 2', 'CORREO ELECTRÓNICO', 'Municipio', 'Dirección', 'NOMBRE DEL ACUDIENTE', 'PARENTESCO', 'Estado final 2021', 'Institución Educativa 2022', 'Sede educativa 2022', 'Grado 2022', 'MCER (diagnóstico)', 'MCER (diagnóstico)2', 'NIVEL 2022-1', 'NIVEL 2022-2', 'POBLACIÓN 2022', 'Día', 'Jornada', 'HORARIO DE CLASES 2022', 'SEDE NODAL 2022', 'GRUPO PMB 2022', 'DOCENTE PMB 2022', 'RECIBIÓ TEXTO', 'ACTIVO 2022', 'ACTIVO SEP 10', 'ACTIVO 08 OCT', 'CERTIFICADO', 'TIENE CERTIFICADO', 'ESTADO 2022', 'SEXO', 'FECHA ACTUAL', 'TIPO POBLACION', 'NIVEL_MCER', 'ENTIDAD', 'NOMBRE CURSO', 'IDIOMA', 'FECHA INICIAL', 'FECHA FINAL', 'COLEGIO ABREVIADO PARA LISTADOS', 'GRUPO ']
2025-11-02 16:56:12,201 - __main__ - INFO - Total de registros en CSV: 687
2025-11-02 16:56:12,228 - __main__ - INFO - PERSONA_ID ya existe en Sedes_instituciones
2025-11-02 16:56:12,234 - __main__ - INFO - Inserted 0 new Tipo_documentos
2025-11-02 17:00:46,114 - Base_datos.conexion - INFO - Conexión exitosa a MySQL en puerto 3308
2025-11-02 17:00:46,128 - Base_datos.conexion - INFO - Conexión a base de datos cerrada
2025-11-02 17:00:46,129 - __main__ - INFO - Loading data from d:\Proyectos Jc Code\Archivos para BD rionegro\Observatorio\CSVs\data_2022.csv
2025-11-02 17:00:46,142 - __main__ - INFO - Columnas CSV: ['#', 'MATRICULA HÉRCULES ETAPA 1', 'OBSERVACIONES 28/06', 'MATRICULA HÉRCULES ETAPA 2', 'RESERVA ETAPA 2', 'ID GRUPO ETAPA 2', 'OBSERVACIONES 22/09', 'TIPO DE IDENTIFICACIÓN', 'NÚMERO DE IDENTIFICACIÓN', 'NOMBRES', 'APELLIDOS', 'FECHA DE NACIMIENTO', 'EDAD', 'TELÉFONO 1', 'TELÉFONO 2', 'CORREO ELECTRÓNICO', 'Municipio', 'Dirección', 'NOMBRE DEL ACUDIENTE', 'PARENTESCO', 'Estado final 2021', 'Institución Educativa 2022', 'Sede educativa 2022', 'Grado 2022', 'MCER (diagnóstico)', 'MCER (diagnóstico)2', 'NIVEL 2022-1', 'NIVEL 2022-2', 'POBLACIÓN 2022', 'Día', 'Jornada', 'HORARIO DE CLASES 2022', 'SEDE NODAL 2022', 'GRUPO PMB 2022', 'DOCENTE PMB 2022', 'RECIBIÓ TEXTO', 'ACTIVO 2022', 'ACTIVO SEP 10', 'ACTIVO 08 OCT', 'CERTIFICADO', 'TIENE CERTIFICADO', 'ESTADO 2022', 'SEXO', 'FECHA ACTUAL', 'TIPO POBLACION', 'NIVEL_MCER', 'ENTIDAD', 'NOMBRE CURSO', 'IDIOMA', 'FECHA INICIAL', 'FECHA FINAL', 'COLEGIO ABREVIADO PARA LISTADOS', 'GRUPO ']
2025-11-02 17:00:46,142 - __main__ - INFO - Total de registros en CSV: 687
2025-11-02 17:00:46,158 - __main__ - INFO - PERSONA_ID ya existe en Sedes_instituciones
2025-11-02 17:00:46,166 - __main__ - INFO - Inserted 0 new Tipo_documentos
2025-11-02 17:00:46,214 - __main__ - INFO - Inserted 11 new Nivel_MCER
2025-11-02 17:04:14,637 - Base_datos.conexion - INFO - Conexión exitosa a MySQL en puerto 3308
2025-11-02 17:04:14,656 - Base_datos.conexion - INFO - Conexión a base de datos cerrada
2025-11-02 17:04:14,656 - __main__ - INFO - Loading data from d:\Proyectos Jc Code\Archivos para BD rionegro\Observatorio\CSVs\data_2022.csv
2025-11-02 17:04:14,670 - __main__ - INFO - Columnas CSV: ['#', 'MATRICULA HÉRCULES ETAPA 1', 'OBSERVACIONES 28/06', 'MATRICULA HÉRCULES ETAPA 2', 'RESERVA ETAPA 2', 'ID GRUPO ETAPA 2', 'OBSERVACIONES 22/09', 'TIPO DE IDENTIFICACIÓN', 'NÚMERO DE IDENTIFICACIÓN', 'NOMBRES', 'APELLIDOS', 'FECHA DE NACIMIENTO', 'EDAD', 'TELÉFONO 1', 'TELÉFONO 2', 'CORREO ELECTRÓNICO', 'Municipio', 'Dirección', 'NOMBRE DEL ACUDIENTE', 'PARENTESCO', 'Estado final 2021', 'Institución Educativa 2022', 'Sede educativa 2022', 'Grado 2022', 'MCER (diagnóstico)', 'MCER (diagnóstico)2', 'NIVEL 2022-1', 'NIVEL 2022-2', 'POBLACIÓN 2022', 'Día', 'Jornada', 'HORARIO DE CLASES 2022', 'SEDE NODAL 2022', 'GRUPO PMB 2022', 'DOCENTE PMB 2022', 'RECIBIÓ TEXTO', 'ACTIVO 2022', 'ACTIVO SEP 10', 'ACTIVO 08 OCT', 'CERTIFICADO', 'TIENE CERTIFICADO', 'ESTADO 2022', 'SEXO', 'FECHA ACTUAL', 'TIPO POBLACION', 'NIVEL_MCER', 'ENTIDAD', 'NOMBRE CURSO', 'IDIOMA', 'FECHA INICIAL', 'FECHA FINAL', 'COLEGIO ABREVIADO PARA LISTADOS', 'GRUPO ']
2025-11-02 17:04:14,671 - __main__ - INFO - Total de registros en CSV: 687
2025-11-02 17:04:14,693 - __main__ - INFO - PERSONA_ID ya existe en Sedes_instituciones
2025-11-02 17:04:14,700 - __main__ - INFO - Inserted 0 new Tipo_documentos
2025-11-02 17:04:21,915 - Base_datos.conexion - INFO - Conexión exitosa a MySQL en puerto 3308
2025-11-02 17:04:21,933 - Base_datos.conexion - INFO - Conexión a base de datos cerrada
2025-11-02 17:04:21,933 - __main__ - INFO - Loading data from d:\Proyectos Jc Code\Archivos para BD rionegro\Observatorio\CSVs\data_2022.csv
2025-11-02 17:04:21,949 - __main__ - INFO - Columnas CSV: ['#', 'MATRICULA HÉRCULES ETAPA 1', 'OBSERVACIONES 28/06', 'MATRICULA HÉRCULES ETAPA 2', 'RESERVA ETAPA 2', 'ID GRUPO ETAPA 2', 'OBSERVACIONES 22/09', 'TIPO DE IDENTIFICACIÓN', 'NÚMERO DE IDENTIFICACIÓN', 'NOMBRES', 'APELLIDOS', 'FECHA DE NACIMIENTO', 'EDAD', 'TELÉFONO 1', 'TELÉFONO 2', 'CORREO ELECTRÓNICO', 'Municipio', 'Dirección', 'NOMBRE DEL ACUDIENTE', 'PARENTESCO', 'Estado final 2021', 'Institución Educativa 2022', 'Sede educativa 2022', 'Grado 2022', 'MCER (diagnóstico)', 'MCER (diagnóstico)2', 'NIVEL 2022-1', 'NIVEL 2022-2', 'POBLACIÓN 2022', 'Día', 'Jornada', 'HORARIO DE CLASES 2022', 'SEDE NODAL 2022', 'GRUPO PMB 2022', 'DOCENTE PMB 2022', 'RECIBIÓ TEXTO', 'ACTIVO 2022', 'ACTIVO SEP 10', 'ACTIVO 08 OCT', 'CERTIFICADO', 'TIENE CERTIFICADO', 'ESTADO 2022', 'SEXO', 'FECHA ACTUAL', 'TIPO POBLACION', 'NIVEL_MCER', 'ENTIDAD', 'NOMBRE CURSO', 'IDIOMA', 'FECHA INICIAL', 'FECHA FINAL', 'COLEGIO ABREVIADO PARA LISTADOS', 'GRUPO ']
2025-11-02 17:04:21,949 - __main__ - INFO - Total de registros en CSV: 687
2025-11-02 17:04:21,965 - __main__ - INFO - PERSONA_ID ya existe en Sedes_instituciones
2025-11-02 17:04:21,973 - __main__ - INFO - Inserted 0 new Tipo_documentos
2025-11-02 17:04:22,010 - __main__ - INFO - Inserted 5 new Ciudades
2025-11-02 17:04:22,031 - __main__ - INFO - Inserted 16 new Instituciones_educativas
2025-11-02 17:04:22,062 - __main__ - INFO - Personas en CSV: 687, Nuevas: 17, Ya existentes: 670
2025-11-02 17:04:22,115 - __main__ - INFO - ✅ Inserted 17 new Personas
2025-11-02 17:04:22,115 - __main__ - INFO - Columnas de sedes encontradas en CSV: ['GRUPO PMB 2022', 'Jornada', 'FECHA INICIAL', 'FECHA FINAL', 'SEDE NODAL 2022', 'Institución Educativa 2022', 'NÚMERO DE IDENTIFICACIÓN']
2025-11-02 17:04:22,235 - __main__ - INFO - ✅ Inserted 687 new Sedes_instituciones from 2022
2025-11-02 17:04:22,235 - __main__ - INFO - ✅ Upsert process finished successfully
2025-11-02 20:07:08,891 - Base_datos.conexion - INFO - Conexión exitosa a MySQL en puerto 3308
2025-11-02 20:07:09,216 - Base_datos.conexion - INFO - Conexión a base de datos cerrada
2025-11-02 20:07:09,217 - __main__ - INFO - Loading data from d:\Proyectos Jc Code\Archivos para BD rionegro\Observatorio\CSVs\data_2021.csv
2025-11-02 20:07:09,232 - __main__ - INFO - Columnas CSV: ['NOMBRES', 'APELLIDOS', 'Institución Educativa 2022', 'SEDE EDUCATIVA', 'GRADO ESCOLAR', 'TIPO DE IDENTIFICACIÓN', 'NÚMERO DE IDENTIFICACIÓN', 'FECHA DE NACIMIENTO', 'EDAD', 'TELÉFONO 1', 'TELÉFONO 2', 'CORREO ELECTRÓNICO', 'NOMBRE DEL ACUDIENTE', 'PARENTESCO', '¿TIENE CONEXIÓN A INTERNET?', 'TIPO DE CONEXIÓN', '¿TIENE EQUIPO TECNOLÓGICO?', 'TIPO DE EQUIPO', 'NIVEL', 'POBLACIÓN 2022', 'HORARIO DE CLASES', 'SEDE NODAL 2022', 'GRUPO PMB 2022', 'SEXO', 'FECHA ACTUAL', 'TIPO POBLACION', 'NIVEL_MCER', 'ENTIDAD', 'NOMBRE CURSO', 'IDIOMA', 'FECHA INICIAL', 'FECHA FINAL', 'COLEGIO ABREVIADO PARA LISTADOS', 'GRUPO ', 'Dirección', 'CERTIFICADO', 'TIPO POBLACION.1', 'Municipio', 'Jornada']
2025-11-02 20:07:09,233 - __main__ - INFO - Total de registros en CSV: 832
2025-11-02 20:07:09,259 - __main__ - INFO - PERSONA_ID ya existe en Sedes_instituciones
2025-11-02 20:07:09,270 - __main__ - INFO - Inserted 0 new Tipo_documentos
2025-11-02 20:07:41,246 - Base_datos.conexion - INFO - Conexión exitosa a MySQL en puerto 3308
2025-11-02 20:07:41,270 - Base_datos.conexion - INFO - Conexión a base de datos cerrada
2025-11-02 20:07:41,271 - __main__ - INFO - Loading data from d:\Proyectos Jc Code\Archivos para BD rionegro\Observatorio\CSVs\data_2021.csv
2025-11-02 20:07:41,289 - __main__ - INFO - Columnas CSV: ['NOMBRES', 'APELLIDOS', 'Institución Educativa 2022', 'SEDE EDUCATIVA', 'GRADO ESCOLAR', 'TIPO DE IDENTIFICACIÓN', 'NÚMERO DE IDENTIFICACIÓN', 'FECHA DE NACIMIENTO', 'EDAD', 'TELÉFONO 1', 'TELÉFONO 2', 'CORREO ELECTRÓNICO', 'NOMBRE DEL ACUDIENTE', 'PARENTESCO', '¿TIENE CONEXIÓN A INTERNET?', 'TIPO DE CONEXIÓN', '¿TIENE EQUIPO TECNOLÓGICO?', 'TIPO DE EQUIPO', 'NIVEL', 'POBLACIÓN 2022', 'HORARIO DE CLASES', 'SEDE NODAL 2022', 'GRUPO PMB 2022', 'SEXO', 'FECHA ACTUAL', 'TIPO POBLACION', 'NIVEL_MCER', 'ENTIDAD', 'NOMBRE CURSO', 'IDIOMA', 'FECHA INICIAL', 'FECHA FINAL', 'COLEGIO ABREVIADO PARA LISTADOS', 'GRUPO ', 'Dirección', 'CERTIFICADO', 'TIPO POBLACION.1', 'Municipio', 'Jornada', 'POBLACIÓN 2022.1', 'ESTADO 2022']
2025-11-02 20:07:41,290 - __main__ - INFO - Total de registros en CSV: 832
2025-11-02 20:07:41,310 - __main__ - INFO - PERSONA_ID ya existe en Sedes_instituciones
2025-11-02 20:07:41,320 - __main__ - INFO - Inserted 0 new Tipo_documentos
2025-11-02 20:07:41,404 - __main__ - INFO - Inserted 2 new Nivel_MCER
2025-11-02 20:07:41,428 - __main__ - INFO - Inserted 1 new Ciudades
2025-11-02 20:07:41,456 - __main__ - INFO - Inserted 2 new Instituciones_educativas
2025-11-02 20:07:41,506 - __main__ - INFO - Personas en CSV: 832, Nuevas: 306, Ya existentes: 526
2025-11-02 20:07:41,940 - __main__ - INFO - ✅ Inserted 306 new Personas
2025-11-02 20:07:41,941 - __main__ - INFO - Columnas de sedes encontradas en CSV: ['GRUPO PMB 2022', 'Jornada', 'FECHA INICIAL', 'FECHA FINAL', 'SEDE NODAL 2022', 'Institución Educativa 2022', 'NÚMERO DE IDENTIFICACIÓN']
2025-11-02 20:07:42,130 - __main__ - INFO - ✅ Inserted 832 new Sedes_instituciones from 2021
2025-11-02 20:07:42,130 - __main__ - INFO - ✅ Upsert process finished successfully
