2025-11-01 11:17:10,282 - Base_datos.conexion - INFO - Conexión exitosa a MySQL en puerto 3308
2025-11-01 11:17:10,299 - Base_datos.conexion - INFO - Conexión a base de datos cerrada
2025-11-01 11:17:10,315 - __main__ - INFO - Loading data from d:\Proyectos Jc Code\Archivos para BD rionegro\Observatorio\CSVs\data_2025.csv
2025-11-01 11:17:10,376 - __main__ - INFO - Columnas disponibles en el DataFrame: ['CODIGO SEDE-POBL-NIVEL-DOC', '#', 'TIPO DE IDENTIFICACIÓN', 'LUGAR DE EXPEDICIÓN', 'NÚMERO DE IDENTIFICACIÓN', 'NOMBRES2', 'APELLIDOS', 'TELÉFONO 1', 'TELÉFONO 2', '1', '2', '3', '4', '5', '6', '7', '8', '9', '10', 'FECHA DE NACIMIENTO', 'EDAD', 'CORREO ELECTRÓNICO', 'MUNICIPIO', 'DIRECCIÓN', 'NOMBRE DEL ACUDIENTE', 'TIPO DE DOCUMENTO', 'NÚMERO DE DOCUMENTO', 'PARENTESCO', 'Institución Educativa 2023', 'Sede I.E.', 'Grado 2023', 'Población 2023', 'Sede Nodal 2023', 'Sede Nodal 2023.1', 'Población 2023.1', 'Nivel 2023-ETAPA 2', 'ESTADO ETAPA 2', 'CERTIFICADO', 'INSTITUCIÓN EDUCATIVA 2025', 'SEDE 2025', 'COLEGIO ABREVIADO PARA LISTADOS', 'GRADO 2025', 'SEDE NODAL 2025', 'POBLACIÓN', 'NIVEL ETAPA 1 - 2025', 'NIVEL ETAPA 2 - 2025', 'JORNADA ETAPA 2025', 'DOCENTE - 2025', 'GRUPO - 2025', 'CATEGORÍA', 'ESTADO DEL ESTUDIANTE 2025', 'ESTADO MATRÍCULA 2025', '19-jul', '26-jul', '28-jul', '29-jul', '30-jul', '31-jul', '02-ago', '04-ago', '05-ago', '09-ago', '11-ago', '12-ago', '13-ago', '14-ago', '16-ago', '19-ago', '20-ago', '21-ago', '23-ago', '25-ago', '26-ago', '27-ago', '28-ago', '30-ago', '01-sep', '02-sep', '03-sep', '04-sep', '06-sep', '08-sep', '09-sep', '10-sep', '11-sep', '13-sep', '15-sep', '16-sep', 'ESTADO FINAL ETAPA 1', 'ENTREGA CONSENTIMIENTO INFORMADO', 'ENTREGA COPIA DE DOCUMENTO DE IDENTIFICACIÓN', '17-sep', '18-sep', '20-sep', '22-sep', '23-sep', '24-sep', '25-sep', '27-sep', '29-sep', '30-sep', '01-oct', '02-oct', '04-oct', '14-oct', '14-oct.1', '15-oct', '16-oct', '18-oct', '20-oct', '21-oct', '22-oct', '23-oct', '25-oct', '27-oct', '28-oct', '29-oct', '30-oct', '01-nov', '04-nov', '05-nov', '06-nov', '08-nov', '10-nov', '11-nov', '12-nov', '13-nov', '15-nov', '22-nov', 'ESTADO ETAPA 2.1', 'CERTIFICADO 2025', 'OBSERVACIONES LLAMADA 1', 'OBSERVACIONES LLAMADA 2', 'LLAMADAS', 'OBSERVACIONES', 'OBSERVACIONES LLAMADAS DE SEGUIMIENTO', 'OBSERVACION A DOCUMENTO', 'SEXO', 'FECHA ACTUAL', 'TIPO POBLACION', 'NIVEL_MCER', 'ENTIDAD', 'NOMBRE CURSO', 'IDIOMA', 'FECHA INICIAL', 'FECHA FINAL']
2025-11-01 11:17:10,378 - __main__ - INFO - Processing reference tables...
2025-11-01 11:17:10,407 - __main__ - INFO - Processing main tables...
2025-11-01 11:17:10,413 - __main__ - WARNING - Documentos inválidos encontrados: [nan, nan, nan, nan, nan, nan, nan, nan]
2025-11-01 11:17:10,418 - __main__ - WARNING - Fechas de nacimiento inválidas encontradas: [NaT, NaT, NaT, NaT, NaT, NaT, NaT, NaT, NaT, NaT, NaT, NaT, NaT, NaT, NaT, NaT, NaT, NaT, NaT, NaT, NaT, NaT, NaT, NaT, NaT, NaT, NaT, NaT, NaT, NaT, NaT, NaT, NaT, NaT, NaT, NaT, NaT, NaT, NaT, NaT, NaT, NaT, NaT, NaT, NaT, NaT, NaT, NaT, NaT, NaT, NaT, NaT, NaT, NaT, NaT, NaT, NaT, NaT, NaT, NaT, NaT, NaT, NaT, NaT]
2025-11-01 11:17:10,419 - __main__ - ERROR - Registros con NOMBRES2 faltante: 8
2025-11-01 11:17:10,420 - __main__ - ERROR - Registros con APELLIDOS faltante: 8
2025-11-01 11:17:10,421 - __main__ - ERROR - Registros con NUMERO_DOCUMENTO faltante: 8
2025-11-01 11:17:10,424 - __main__ - WARNING - Correos electrónicos inválidos encontrados: ['no tiene', 'solmilena 1234@gmail.com', 'lissac1989gmail.com', 'laura.c1020@outlook. es', 'x.londoñodelgado@gmail.com', 'pendiente', 'no tiene', 'wilderberriozapatagmail.com', '1095180757', 'pendiente', 'pendiente', 'ruamuñozsofia@gmail.com']
2025-11-01 11:17:10,441 - __main__ - WARNING - Teléfonos inválidos en TELEFONO2: ['0', '0']
2025-11-01 11:17:10,444 - __main__ - WARNING - Fechas inválidas en FECHA_INICIAL: [NaT, NaT, NaT, NaT, NaT, NaT, NaT, NaT]
2025-11-01 11:17:10,445 - __main__ - WARNING - Fechas inválidas en FECHA_FINAL: [NaT, NaT, NaT, NaT, NaT, NaT, NaT, NaT]
2025-11-01 11:17:10,456 - __main__ - INFO - Inserting data into database...
2025-11-01 11:17:10,471 - __main__ - INFO - Successfully inserted 11 rows into Tipo_documentos
2025-11-01 11:17:10,478 - __main__ - ERROR - Error inserting data into Nivel_MCER: (mysql.connector.errors.DatabaseError) 1265 (01000): Data truncated for column 'NIVEL_MCER' at row 1
[SQL: INSERT INTO `Nivel_MCER` (`NIVEL_MCER`, `TIPO_POBLACION`, `ESTADO_ESTUDIANTE`, `ID`, `FECHA_ACTUAL`) VALUES (%(NIVEL_MCER)s, %(TIPO_POBLACION)s, %(ESTADO_ESTUDIANTE)s, %(ID)s, %(FECHA_ACTUAL)s)]
[parameters: [{'NIVEL_MCER': 'SIN DIAGNOSTICO', 'TIPO_POBLACION': None, 'ESTADO_ESTUDIANTE': None, 'ID': 1, 'FECHA_ACTUAL': '2025-11-01'}, {'NIVEL_MCER': 'SIN DIAGNOSTICO', 'TIPO_POBLACION': 'R', 'ESTADO_ESTUDIANTE': 'Retirado', 'ID': 2, 'FECHA_ACTUAL': '2025-11-01'}, {'NIVEL_MCER': 'SIN DIAGNOSTICO', 'TIPO_POBLACION': 'Niños', 'ESTADO_ESTUDIANTE': 'Activo', 'ID': 3, 'FECHA_ACTUAL': '2025-11-01'}, {'NIVEL_MCER': 'SIN DIAGNOSTICO', 'TIPO_POBLACION': 'Adolescentes', 'ESTADO_ESTUDIANTE': 'Activo', 'ID': 4, 'FECHA_ACTUAL': '2025-11-01'}, {'NIVEL_MCER': 'SIN DIAGNOSTICO', 'TIPO_POBLACION': 'Adolescentes', 'ESTADO_ESTUDIANTE': 'Inactivo', 'ID': 5, 'FECHA_ACTUAL': '2025-11-01'}, {'NIVEL_MCER': 'SIN DIAGNOSTICO', 'TIPO_POBLACION': 'Adolescentes ', 'ESTADO_ESTUDIANTE': 'Activo', 'ID': 6, 'FECHA_ACTUAL': '2025-11-01'}, {'NIVEL_MCER': 'SIN DIAGNOSTICO', 'TIPO_POBLACION': 'Infantil', 'ESTADO_ESTUDIANTE': 'Activo', 'ID': 7, 'FECHA_ACTUAL': '2025-11-01'}, {'NIVEL_MCER': 'SIN DIAGNOSTICO', 'TIPO_POBLACION': 'Niños', 'ESTADO_ESTUDIANTE': 'Inactivo', 'ID': 8, 'FECHA_ACTUAL': '2025-11-01'}  ... displaying 10 of 15 total bound parameter sets ...  {'NIVEL_MCER': 'SIN DIAGNOSTICO', 'TIPO_POBLACION': 'Infantil', 'ESTADO_ESTUDIANTE': 'Retirado', 'ID': 14, 'FECHA_ACTUAL': '2025-11-01'}, {'NIVEL_MCER': 'SIN DIAGNOSTICO', 'TIPO_POBLACION': 'Niños ', 'ESTADO_ESTUDIANTE': 'Activo', 'ID': 15, 'FECHA_ACTUAL': '2025-11-01'}]]
(Background on this error at: https://sqlalche.me/e/20/4xp6)
2025-11-01 11:17:10,484 - __main__ - ERROR - Fatal error during data import: (mysql.connector.errors.DatabaseError) 1265 (01000): Data truncated for column 'NIVEL_MCER' at row 1
[SQL: INSERT INTO `Nivel_MCER` (`NIVEL_MCER`, `TIPO_POBLACION`, `ESTADO_ESTUDIANTE`, `ID`, `FECHA_ACTUAL`) VALUES (%(NIVEL_MCER)s, %(TIPO_POBLACION)s, %(ESTADO_ESTUDIANTE)s, %(ID)s, %(FECHA_ACTUAL)s)]
[parameters: [{'NIVEL_MCER': 'SIN DIAGNOSTICO', 'TIPO_POBLACION': None, 'ESTADO_ESTUDIANTE': None, 'ID': 1, 'FECHA_ACTUAL': '2025-11-01'}, {'NIVEL_MCER': 'SIN DIAGNOSTICO', 'TIPO_POBLACION': 'R', 'ESTADO_ESTUDIANTE': 'Retirado', 'ID': 2, 'FECHA_ACTUAL': '2025-11-01'}, {'NIVEL_MCER': 'SIN DIAGNOSTICO', 'TIPO_POBLACION': 'Niños', 'ESTADO_ESTUDIANTE': 'Activo', 'ID': 3, 'FECHA_ACTUAL': '2025-11-01'}, {'NIVEL_MCER': 'SIN DIAGNOSTICO', 'TIPO_POBLACION': 'Adolescentes', 'ESTADO_ESTUDIANTE': 'Activo', 'ID': 4, 'FECHA_ACTUAL': '2025-11-01'}, {'NIVEL_MCER': 'SIN DIAGNOSTICO', 'TIPO_POBLACION': 'Adolescentes', 'ESTADO_ESTUDIANTE': 'Inactivo', 'ID': 5, 'FECHA_ACTUAL': '2025-11-01'}, {'NIVEL_MCER': 'SIN DIAGNOSTICO', 'TIPO_POBLACION': 'Adolescentes ', 'ESTADO_ESTUDIANTE': 'Activo', 'ID': 6, 'FECHA_ACTUAL': '2025-11-01'}, {'NIVEL_MCER': 'SIN DIAGNOSTICO', 'TIPO_POBLACION': 'Infantil', 'ESTADO_ESTUDIANTE': 'Activo', 'ID': 7, 'FECHA_ACTUAL': '2025-11-01'}, {'NIVEL_MCER': 'SIN DIAGNOSTICO', 'TIPO_POBLACION': 'Niños', 'ESTADO_ESTUDIANTE': 'Inactivo', 'ID': 8, 'FECHA_ACTUAL': '2025-11-01'}  ... displaying 10 of 15 total bound parameter sets ...  {'NIVEL_MCER': 'SIN DIAGNOSTICO', 'TIPO_POBLACION': 'Infantil', 'ESTADO_ESTUDIANTE': 'Retirado', 'ID': 14, 'FECHA_ACTUAL': '2025-11-01'}, {'NIVEL_MCER': 'SIN DIAGNOSTICO', 'TIPO_POBLACION': 'Niños ', 'ESTADO_ESTUDIANTE': 'Activo', 'ID': 15, 'FECHA_ACTUAL': '2025-11-01'}]]
(Background on this error at: https://sqlalche.me/e/20/4xp6)
2025-11-01 11:33:30,027 - Base_datos.conexion - INFO - Conexión exitosa a MySQL en puerto 3308
2025-11-01 11:33:30,044 - Base_datos.conexion - INFO - Conexión a base de datos cerrada
2025-11-01 11:33:30,146 - __main__ - INFO - Starting database rebuild process...
2025-11-01 11:33:30,188 - __main__ - INFO - Dropped Sedes_instituciones if existed
2025-11-01 11:33:30,211 - __main__ - INFO - Dropped Cursos if existed
2025-11-01 11:33:30,244 - __main__ - INFO - Dropped Personas if existed
2025-11-01 11:33:30,266 - __main__ - INFO - Dropped Instituciones_educativas if existed
2025-11-01 11:33:30,286 - __main__ - INFO - Dropped Ciudades if existed
2025-11-01 11:33:30,305 - __main__ - INFO - Dropped Nivel_MCER if existed
2025-11-01 11:33:30,322 - __main__ - INFO - Dropped Tipo_documentos if existed
2025-11-01 11:33:30,591 - __main__ - INFO - Created new tables with proper types and constraints
2025-11-01 11:33:30,594 - __main__ - INFO - Inserted default value into Tipo_documentos
2025-11-01 11:33:30,596 - __main__ - INFO - Inserted default value into Nivel_MCER
2025-11-01 11:33:30,598 - __main__ - INFO - Inserted default value into Ciudades
2025-11-01 11:33:30,613 - __main__ - INFO - Created default person with ID 1
2025-11-01 11:34:13,763 - Base_datos.conexion - INFO - Conexión exitosa a MySQL en puerto 3308
2025-11-01 11:34:13,778 - Base_datos.conexion - INFO - Conexión a base de datos cerrada
2025-11-01 11:34:13,870 - __main__ - INFO - Loading data from d:\Proyectos Jc Code\Archivos para BD rionegro\Observatorio\CSVs\data_2023.csv
2025-11-01 11:34:13,915 - __main__ - INFO - Columnas CSV: ['#', 'TIPO DE IDENTIFICACIÓN', 'NÚMERO DE IDENTIFICACIÓN', 'LUGAR DE EXPEDICIÓN', 'NOMBRES', 'APELLIDOS', 'FECHA DE NACIMIENTO', 'EDAD', 'TELÉFONO 1', 'TELÉFONO 2', 'CORREO ELECTRÓNICO', 'MUNICIPIO', 'DIRECCIÓN', 'NOMBRE DEL ACUDIENTE', 'TIPO DE DOCUMENTO', 'NÚMERO DE DOCUMENTO', 'PARENTESCO', 'Institución Educativa 2022', 'Grado 2022', 'MCER (diagnóstico)', 'MCER (diagnóstico)2', 'NIVEL 2022-1', 'NIVEL 2022-2', 'POBLACIÓN 2022', 'Día', 'Jornada', 'SEDE NODAL 2022', 'GRUPO PMB 2022', 'DOCENTE PMB 2022', 'ESTADO 2022', 'Institución Educativa 2023', 'Sede I.E.', 'Grado 2023', 'Población 2023', 'Nivel 2023- ETAPA 1', 'Día 2023', 'Jornada 2023', 'Sede Nodal 2023', 'Docente 2023', 'FECHA LLAMADA', 'ANOTACIÓN', 'FECHA LLAMADA2', 'ANOTACIÓN2', 'FECHA LLAMADA3', 'ANOTACIÓN3', 'ANOTACIÓN4', 'DIAG', 'Diag %', 'MCER', 'ESTADO MATRICULA', '13-may', '20-may', '27-may', '03-jun', '10-jun', '08-jul', '15-jul', '22-jul', '29-jul', '05-ago', '12-ago', 'ESTADO ETAPA 1', 'Jornada 2023.1', 'Sede Nodal 2023.1', 'Docente 2023.1', 'Población 2023.1', 'Nivel 2023-ETAPA 2', 'CODIGO SAP', 'ID GRUPO', 'ESTADO MATRÍCULA ETAPA 2', '19-ago', '26-ago', '02-sep', '09-sep', '16-sep', '23-sep', '30-sep', '07-oct', '21-oct', '04-nov', 'ESTADO ETAPA 2', 'CERTIFICADO', 'DIAG2', 'Diag %2', 'MCER2', 'SEXO', 'FECHA ACTUAL', 'TIPO POBLACION', 'NIVEL_MCER', 'ENTIDAD', 'NOMBRE CURSO', 'IDIOMA', 'FECHA INICIAL', 'FECHA FINAL', 'COLEGIO ABREVIADO PARA LISTADOS', 'GRUPO ']
2025-11-01 11:34:13,928 - __main__ - INFO - PERSONA_ID ya existe en Sedes_instituciones
2025-11-01 11:34:13,966 - __main__ - INFO - Inserted 12 Tipo_documentos (if any)
2025-11-01 11:34:13,996 - __main__ - INFO - Inserted 5 Ciudades
2025-11-01 11:34:14,018 - __main__ - INFO - Inserted 147 Instituciones_educativas
2025-11-01 11:34:14,159 - __main__ - INFO - Inserted 2 Cursos
2025-11-01 11:44:26,648 - conexion - INFO - Conexión exitosa a MySQL en puerto 3308
2025-11-01 11:44:26,663 - conexion - INFO - Conexión a base de datos cerrada
2025-11-01 11:44:26,759 - __main__ - INFO - Eliminando tablas existentes (si las hay)...
2025-11-01 11:44:26,952 - __main__ - INFO - Tablas eliminadas.
2025-11-01 11:44:26,952 - __main__ - INFO - Iniciando creación de tablas en la base de datos
2025-11-01 11:44:27,221 - __main__ - INFO - Tablas creadas exitosamente en observatorio_bilinguismo
2025-11-01 11:44:27,222 - __main__ - INFO - Proceso de creación de tablas finalizado
2025-11-01 11:44:50,335 - Base_datos.conexion - INFO - Conexión exitosa a MySQL en puerto 3308
2025-11-01 11:44:50,349 - Base_datos.conexion - INFO - Conexión a base de datos cerrada
2025-11-01 11:44:50,364 - __main__ - INFO - Loading data from d:\Proyectos Jc Code\Archivos para BD rionegro\Observatorio\CSVs\data_2025.csv
2025-11-01 11:44:50,414 - __main__ - INFO - Columnas disponibles en el DataFrame: ['CODIGO SEDE-POBL-NIVEL-DOC', '#', 'TIPO DE IDENTIFICACIÓN', 'LUGAR DE EXPEDICIÓN', 'NÚMERO DE IDENTIFICACIÓN', 'NOMBRES2', 'APELLIDOS', 'TELÉFONO 1', 'TELÉFONO 2', '1', '2', '3', '4', '5', '6', '7', '8', '9', '10', 'FECHA DE NACIMIENTO', 'EDAD', 'CORREO ELECTRÓNICO', 'MUNICIPIO', 'DIRECCIÓN', 'NOMBRE DEL ACUDIENTE', 'TIPO DE DOCUMENTO', 'NÚMERO DE DOCUMENTO', 'PARENTESCO', 'Institución Educativa 2023', 'Sede I.E.', 'Grado 2023', 'Población 2023', 'Sede Nodal 2023', 'Sede Nodal 2023.1', 'Población 2023.1', 'Nivel 2023-ETAPA 2', 'ESTADO ETAPA 2', 'CERTIFICADO', 'INSTITUCIÓN EDUCATIVA 2025', 'SEDE 2025', 'COLEGIO ABREVIADO PARA LISTADOS', 'GRADO 2025', 'SEDE NODAL 2025', 'POBLACIÓN', 'NIVEL ETAPA 1 - 2025', 'NIVEL ETAPA 2 - 2025', 'JORNADA ETAPA 2025', 'DOCENTE - 2025', 'GRUPO - 2025', 'CATEGORÍA', 'ESTADO DEL ESTUDIANTE 2025', 'ESTADO MATRÍCULA 2025', '19-jul', '26-jul', '28-jul', '29-jul', '30-jul', '31-jul', '02-ago', '04-ago', '05-ago', '09-ago', '11-ago', '12-ago', '13-ago', '14-ago', '16-ago', '19-ago', '20-ago', '21-ago', '23-ago', '25-ago', '26-ago', '27-ago', '28-ago', '30-ago', '01-sep', '02-sep', '03-sep', '04-sep', '06-sep', '08-sep', '09-sep', '10-sep', '11-sep', '13-sep', '15-sep', '16-sep', 'ESTADO FINAL ETAPA 1', 'ENTREGA CONSENTIMIENTO INFORMADO', 'ENTREGA COPIA DE DOCUMENTO DE IDENTIFICACIÓN', '17-sep', '18-sep', '20-sep', '22-sep', '23-sep', '24-sep', '25-sep', '27-sep', '29-sep', '30-sep', '01-oct', '02-oct', '04-oct', '14-oct', '14-oct.1', '15-oct', '16-oct', '18-oct', '20-oct', '21-oct', '22-oct', '23-oct', '25-oct', '27-oct', '28-oct', '29-oct', '30-oct', '01-nov', '04-nov', '05-nov', '06-nov', '08-nov', '10-nov', '11-nov', '12-nov', '13-nov', '15-nov', '22-nov', 'ESTADO ETAPA 2.1', 'CERTIFICADO 2025', 'OBSERVACIONES LLAMADA 1', 'OBSERVACIONES LLAMADA 2', 'LLAMADAS', 'OBSERVACIONES', 'OBSERVACIONES LLAMADAS DE SEGUIMIENTO', 'OBSERVACION A DOCUMENTO', 'SEXO', 'FECHA ACTUAL', 'TIPO POBLACION', 'NIVEL_MCER', 'ENTIDAD', 'NOMBRE CURSO', 'IDIOMA', 'FECHA INICIAL', 'FECHA FINAL']
2025-11-01 11:44:50,415 - __main__ - INFO - Processing reference tables...
2025-11-01 11:44:50,422 - __main__ - INFO - Processing main tables...
2025-11-01 11:44:50,426 - __main__ - WARNING - Documentos inválidos encontrados: [nan, nan, nan, nan, nan, nan, nan, nan]
2025-11-01 11:44:50,430 - __main__ - WARNING - Fechas de nacimiento inválidas encontradas: [NaT, NaT, NaT, NaT, NaT, NaT, NaT, NaT, NaT, NaT, NaT, NaT, NaT, NaT, NaT, NaT, NaT, NaT, NaT, NaT, NaT, NaT, NaT, NaT, NaT, NaT, NaT, NaT, NaT, NaT, NaT, NaT, NaT, NaT, NaT, NaT, NaT, NaT, NaT, NaT, NaT, NaT, NaT, NaT, NaT, NaT, NaT, NaT, NaT, NaT, NaT, NaT, NaT, NaT, NaT, NaT, NaT, NaT, NaT, NaT, NaT, NaT, NaT, NaT]
2025-11-01 11:44:50,431 - __main__ - ERROR - Registros con NOMBRES2 faltante: 8
2025-11-01 11:44:50,432 - __main__ - ERROR - Registros con APELLIDOS faltante: 8
2025-11-01 11:44:50,433 - __main__ - ERROR - Registros con NUMERO_DOCUMENTO faltante: 8
2025-11-01 11:44:50,436 - __main__ - WARNING - Correos electrónicos inválidos encontrados: ['no tiene', 'solmilena 1234@gmail.com', 'lissac1989gmail.com', 'laura.c1020@outlook. es', 'x.londoñodelgado@gmail.com', 'pendiente', 'no tiene', 'wilderberriozapatagmail.com', '1095180757', 'pendiente', 'pendiente', 'ruamuñozsofia@gmail.com']
2025-11-01 11:44:50,441 - __main__ - WARNING - Teléfonos inválidos en TELEFONO2: ['0', '0']
2025-11-01 11:44:50,444 - __main__ - WARNING - Fechas inválidas en FECHA_INICIAL: [NaT, NaT, NaT, NaT, NaT, NaT, NaT, NaT]
2025-11-01 11:44:50,445 - __main__ - WARNING - Fechas inválidas en FECHA_FINAL: [NaT, NaT, NaT, NaT, NaT, NaT, NaT, NaT]
2025-11-01 11:44:50,456 - __main__ - INFO - Inserting data into database...
2025-11-01 11:44:50,466 - __main__ - INFO - Successfully inserted 11 rows into Tipo_documentos
2025-11-01 11:44:50,473 - __main__ - ERROR - Error inserting data into Nivel_MCER: (mysql.connector.errors.DatabaseError) 1265 (01000): Data truncated for column 'NIVEL_MCER' at row 1
[SQL: INSERT INTO `Nivel_MCER` (`NIVEL_MCER`, `TIPO_POBLACION`, `ESTADO_ESTUDIANTE`, `ID`, `FECHA_ACTUAL`) VALUES (%(NIVEL_MCER)s, %(TIPO_POBLACION)s, %(ESTADO_ESTUDIANTE)s, %(ID)s, %(FECHA_ACTUAL)s)]
[parameters: [{'NIVEL_MCER': 'SIN DIAGNOSTICO', 'TIPO_POBLACION': None, 'ESTADO_ESTUDIANTE': None, 'ID': 1, 'FECHA_ACTUAL': '2025-11-01'}, {'NIVEL_MCER': 'SIN DIAGNOSTICO', 'TIPO_POBLACION': 'R', 'ESTADO_ESTUDIANTE': 'Retirado', 'ID': 2, 'FECHA_ACTUAL': '2025-11-01'}, {'NIVEL_MCER': 'SIN DIAGNOSTICO', 'TIPO_POBLACION': 'Niños', 'ESTADO_ESTUDIANTE': 'Activo', 'ID': 3, 'FECHA_ACTUAL': '2025-11-01'}, {'NIVEL_MCER': 'SIN DIAGNOSTICO', 'TIPO_POBLACION': 'Adolescentes', 'ESTADO_ESTUDIANTE': 'Activo', 'ID': 4, 'FECHA_ACTUAL': '2025-11-01'}, {'NIVEL_MCER': 'SIN DIAGNOSTICO', 'TIPO_POBLACION': 'Adolescentes', 'ESTADO_ESTUDIANTE': 'Inactivo', 'ID': 5, 'FECHA_ACTUAL': '2025-11-01'}, {'NIVEL_MCER': 'SIN DIAGNOSTICO', 'TIPO_POBLACION': 'Adolescentes ', 'ESTADO_ESTUDIANTE': 'Activo', 'ID': 6, 'FECHA_ACTUAL': '2025-11-01'}, {'NIVEL_MCER': 'SIN DIAGNOSTICO', 'TIPO_POBLACION': 'Infantil', 'ESTADO_ESTUDIANTE': 'Activo', 'ID': 7, 'FECHA_ACTUAL': '2025-11-01'}, {'NIVEL_MCER': 'SIN DIAGNOSTICO', 'TIPO_POBLACION': 'Niños', 'ESTADO_ESTUDIANTE': 'Inactivo', 'ID': 8, 'FECHA_ACTUAL': '2025-11-01'}  ... displaying 10 of 15 total bound parameter sets ...  {'NIVEL_MCER': 'SIN DIAGNOSTICO', 'TIPO_POBLACION': 'Infantil', 'ESTADO_ESTUDIANTE': 'Retirado', 'ID': 14, 'FECHA_ACTUAL': '2025-11-01'}, {'NIVEL_MCER': 'SIN DIAGNOSTICO', 'TIPO_POBLACION': 'Niños ', 'ESTADO_ESTUDIANTE': 'Activo', 'ID': 15, 'FECHA_ACTUAL': '2025-11-01'}]]
(Background on this error at: https://sqlalche.me/e/20/4xp6)
2025-11-01 11:44:50,479 - __main__ - ERROR - Fatal error during data import: (mysql.connector.errors.DatabaseError) 1265 (01000): Data truncated for column 'NIVEL_MCER' at row 1
[SQL: INSERT INTO `Nivel_MCER` (`NIVEL_MCER`, `TIPO_POBLACION`, `ESTADO_ESTUDIANTE`, `ID`, `FECHA_ACTUAL`) VALUES (%(NIVEL_MCER)s, %(TIPO_POBLACION)s, %(ESTADO_ESTUDIANTE)s, %(ID)s, %(FECHA_ACTUAL)s)]
[parameters: [{'NIVEL_MCER': 'SIN DIAGNOSTICO', 'TIPO_POBLACION': None, 'ESTADO_ESTUDIANTE': None, 'ID': 1, 'FECHA_ACTUAL': '2025-11-01'}, {'NIVEL_MCER': 'SIN DIAGNOSTICO', 'TIPO_POBLACION': 'R', 'ESTADO_ESTUDIANTE': 'Retirado', 'ID': 2, 'FECHA_ACTUAL': '2025-11-01'}, {'NIVEL_MCER': 'SIN DIAGNOSTICO', 'TIPO_POBLACION': 'Niños', 'ESTADO_ESTUDIANTE': 'Activo', 'ID': 3, 'FECHA_ACTUAL': '2025-11-01'}, {'NIVEL_MCER': 'SIN DIAGNOSTICO', 'TIPO_POBLACION': 'Adolescentes', 'ESTADO_ESTUDIANTE': 'Activo', 'ID': 4, 'FECHA_ACTUAL': '2025-11-01'}, {'NIVEL_MCER': 'SIN DIAGNOSTICO', 'TIPO_POBLACION': 'Adolescentes', 'ESTADO_ESTUDIANTE': 'Inactivo', 'ID': 5, 'FECHA_ACTUAL': '2025-11-01'}, {'NIVEL_MCER': 'SIN DIAGNOSTICO', 'TIPO_POBLACION': 'Adolescentes ', 'ESTADO_ESTUDIANTE': 'Activo', 'ID': 6, 'FECHA_ACTUAL': '2025-11-01'}, {'NIVEL_MCER': 'SIN DIAGNOSTICO', 'TIPO_POBLACION': 'Infantil', 'ESTADO_ESTUDIANTE': 'Activo', 'ID': 7, 'FECHA_ACTUAL': '2025-11-01'}, {'NIVEL_MCER': 'SIN DIAGNOSTICO', 'TIPO_POBLACION': 'Niños', 'ESTADO_ESTUDIANTE': 'Inactivo', 'ID': 8, 'FECHA_ACTUAL': '2025-11-01'}  ... displaying 10 of 15 total bound parameter sets ...  {'NIVEL_MCER': 'SIN DIAGNOSTICO', 'TIPO_POBLACION': 'Infantil', 'ESTADO_ESTUDIANTE': 'Retirado', 'ID': 14, 'FECHA_ACTUAL': '2025-11-01'}, {'NIVEL_MCER': 'SIN DIAGNOSTICO', 'TIPO_POBLACION': 'Niños ', 'ESTADO_ESTUDIANTE': 'Activo', 'ID': 15, 'FECHA_ACTUAL': '2025-11-01'}]]
(Background on this error at: https://sqlalche.me/e/20/4xp6)
2025-11-01 11:45:23,619 - Base_datos.conexion - INFO - Conexión exitosa a MySQL en puerto 3308
2025-11-01 11:45:23,632 - Base_datos.conexion - INFO - Conexión a base de datos cerrada
2025-11-01 11:48:48,968 - Base_datos.conexion - INFO - Conexión exitosa a MySQL en puerto 3308
2025-11-01 11:48:48,982 - Base_datos.conexion - INFO - Conexión a base de datos cerrada
2025-11-01 11:48:48,997 - __main__ - INFO - Loading data from d:\Proyectos Jc Code\Archivos para BD rionegro\Observatorio\CSVs\data_2025.csv
2025-11-01 11:48:49,030 - __main__ - INFO - Columnas disponibles en el DataFrame: ['CODIGO SEDE-POBL-NIVEL-DOC', '#', 'TIPO DE IDENTIFICACIÓN', 'LUGAR DE EXPEDICIÓN', 'NÚMERO DE IDENTIFICACIÓN', 'NOMBRES2', 'APELLIDOS', 'TELÉFONO 1', 'TELÉFONO 2', '1', '2', '3', '4', '5', '6', '7', '8', '9', '10', 'FECHA DE NACIMIENTO', 'EDAD', 'CORREO ELECTRÓNICO', 'MUNICIPIO', 'DIRECCIÓN', 'NOMBRE DEL ACUDIENTE', 'TIPO DE DOCUMENTO', 'NÚMERO DE DOCUMENTO', 'PARENTESCO', 'Institución Educativa 2023', 'Sede I.E.', 'Grado 2023', 'Población 2023', 'Sede Nodal 2023', 'Sede Nodal 2023.1', 'Población 2023.1', 'Nivel 2023-ETAPA 2', 'ESTADO ETAPA 2', 'CERTIFICADO', 'INSTITUCIÓN EDUCATIVA 2025', 'SEDE 2025', 'COLEGIO ABREVIADO PARA LISTADOS', 'GRADO 2025', 'SEDE NODAL 2025', 'POBLACIÓN', 'NIVEL ETAPA 1 - 2025', 'NIVEL ETAPA 2 - 2025', 'JORNADA ETAPA 2025', 'DOCENTE - 2025', 'GRUPO - 2025', 'CATEGORÍA', 'ESTADO DEL ESTUDIANTE 2025', 'ESTADO MATRÍCULA 2025', '19-jul', '26-jul', '28-jul', '29-jul', '30-jul', '31-jul', '02-ago', '04-ago', '05-ago', '09-ago', '11-ago', '12-ago', '13-ago', '14-ago', '16-ago', '19-ago', '20-ago', '21-ago', '23-ago', '25-ago', '26-ago', '27-ago', '28-ago', '30-ago', '01-sep', '02-sep', '03-sep', '04-sep', '06-sep', '08-sep', '09-sep', '10-sep', '11-sep', '13-sep', '15-sep', '16-sep', 'ESTADO FINAL ETAPA 1', 'ENTREGA CONSENTIMIENTO INFORMADO', 'ENTREGA COPIA DE DOCUMENTO DE IDENTIFICACIÓN', '17-sep', '18-sep', '20-sep', '22-sep', '23-sep', '24-sep', '25-sep', '27-sep', '29-sep', '30-sep', '01-oct', '02-oct', '04-oct', '14-oct', '14-oct.1', '15-oct', '16-oct', '18-oct', '20-oct', '21-oct', '22-oct', '23-oct', '25-oct', '27-oct', '28-oct', '29-oct', '30-oct', '01-nov', '04-nov', '05-nov', '06-nov', '08-nov', '10-nov', '11-nov', '12-nov', '13-nov', '15-nov', '22-nov', 'ESTADO ETAPA 2.1', 'CERTIFICADO 2025', 'OBSERVACIONES LLAMADA 1', 'OBSERVACIONES LLAMADA 2', 'LLAMADAS', 'OBSERVACIONES', 'OBSERVACIONES LLAMADAS DE SEGUIMIENTO', 'OBSERVACION A DOCUMENTO', 'SEXO', 'FECHA ACTUAL', 'TIPO POBLACION', 'NIVEL_MCER', 'ENTIDAD', 'NOMBRE CURSO', 'IDIOMA', 'FECHA INICIAL', 'FECHA FINAL']
2025-11-01 11:48:49,030 - __main__ - INFO - Processing reference tables...
2025-11-01 11:48:49,038 - __main__ - INFO - Processing main tables...
2025-11-01 11:48:49,043 - __main__ - WARNING - Documentos inválidos encontrados: [nan, nan, nan, nan, nan, nan, nan, nan]
2025-11-01 11:48:49,047 - __main__ - WARNING - Fechas de nacimiento inválidas encontradas: [NaT, NaT, NaT, NaT, NaT, NaT, NaT, NaT, NaT, NaT, NaT, NaT, NaT, NaT, NaT, NaT, NaT, NaT, NaT, NaT, NaT, NaT, NaT, NaT, NaT, NaT, NaT, NaT, NaT, NaT, NaT, NaT, NaT, NaT, NaT, NaT, NaT, NaT, NaT, NaT, NaT, NaT, NaT, NaT, NaT, NaT, NaT, NaT, NaT, NaT, NaT, NaT, NaT, NaT, NaT, NaT, NaT, NaT, NaT, NaT, NaT, NaT, NaT, NaT]
2025-11-01 11:48:49,048 - __main__ - ERROR - Registros con NOMBRES2 faltante: 8
2025-11-01 11:48:49,049 - __main__ - ERROR - Registros con APELLIDOS faltante: 8
2025-11-01 11:48:49,050 - __main__ - ERROR - Registros con NUMERO_DOCUMENTO faltante: 8
2025-11-01 11:48:49,054 - __main__ - WARNING - Correos electrónicos inválidos encontrados: ['no tiene', 'solmilena 1234@gmail.com', 'lissac1989gmail.com', 'laura.c1020@outlook. es', 'x.londoñodelgado@gmail.com', 'pendiente', 'no tiene', 'wilderberriozapatagmail.com', '1095180757', 'pendiente', 'pendiente', 'ruamuñozsofia@gmail.com']
2025-11-01 11:48:49,059 - __main__ - WARNING - Teléfonos inválidos en TELEFONO2: ['0', '0']
2025-11-01 11:48:49,062 - __main__ - WARNING - Fechas inválidas en FECHA_INICIAL: [NaT, NaT, NaT, NaT, NaT, NaT, NaT, NaT]
2025-11-01 11:48:49,063 - __main__ - WARNING - Fechas inválidas en FECHA_FINAL: [NaT, NaT, NaT, NaT, NaT, NaT, NaT, NaT]
2025-11-01 11:48:49,073 - __main__ - INFO - Inserting data into database...
2025-11-01 11:48:49,083 - __main__ - INFO - Successfully inserted 11 rows into Tipo_documentos
2025-11-01 11:48:49,089 - __main__ - ERROR - Error inserting data into Nivel_MCER: (mysql.connector.errors.DatabaseError) 1265 (01000): Data truncated for column 'NIVEL_MCER' at row 1
[SQL: INSERT INTO `Nivel_MCER` (`NIVEL_MCER`, `TIPO_POBLACION`, `ESTADO_ESTUDIANTE`, `ID`, `FECHA_ACTUAL`) VALUES (%(NIVEL_MCER)s, %(TIPO_POBLACION)s, %(ESTADO_ESTUDIANTE)s, %(ID)s, %(FECHA_ACTUAL)s)]
[parameters: [{'NIVEL_MCER': 'SIN DIAGNOSTICO', 'TIPO_POBLACION': None, 'ESTADO_ESTUDIANTE': None, 'ID': 1, 'FECHA_ACTUAL': '2025-11-01'}, {'NIVEL_MCER': 'SIN DIAGNOSTICO', 'TIPO_POBLACION': 'R', 'ESTADO_ESTUDIANTE': 'Retirado', 'ID': 2, 'FECHA_ACTUAL': '2025-11-01'}, {'NIVEL_MCER': 'SIN DIAGNOSTICO', 'TIPO_POBLACION': 'Niños', 'ESTADO_ESTUDIANTE': 'Activo', 'ID': 3, 'FECHA_ACTUAL': '2025-11-01'}, {'NIVEL_MCER': 'SIN DIAGNOSTICO', 'TIPO_POBLACION': 'Adolescentes', 'ESTADO_ESTUDIANTE': 'Activo', 'ID': 4, 'FECHA_ACTUAL': '2025-11-01'}, {'NIVEL_MCER': 'SIN DIAGNOSTICO', 'TIPO_POBLACION': 'Adolescentes', 'ESTADO_ESTUDIANTE': 'Inactivo', 'ID': 5, 'FECHA_ACTUAL': '2025-11-01'}, {'NIVEL_MCER': 'SIN DIAGNOSTICO', 'TIPO_POBLACION': 'Adolescentes ', 'ESTADO_ESTUDIANTE': 'Activo', 'ID': 6, 'FECHA_ACTUAL': '2025-11-01'}, {'NIVEL_MCER': 'SIN DIAGNOSTICO', 'TIPO_POBLACION': 'Infantil', 'ESTADO_ESTUDIANTE': 'Activo', 'ID': 7, 'FECHA_ACTUAL': '2025-11-01'}, {'NIVEL_MCER': 'SIN DIAGNOSTICO', 'TIPO_POBLACION': 'Niños', 'ESTADO_ESTUDIANTE': 'Inactivo', 'ID': 8, 'FECHA_ACTUAL': '2025-11-01'}  ... displaying 10 of 15 total bound parameter sets ...  {'NIVEL_MCER': 'SIN DIAGNOSTICO', 'TIPO_POBLACION': 'Infantil', 'ESTADO_ESTUDIANTE': 'Retirado', 'ID': 14, 'FECHA_ACTUAL': '2025-11-01'}, {'NIVEL_MCER': 'SIN DIAGNOSTICO', 'TIPO_POBLACION': 'Niños ', 'ESTADO_ESTUDIANTE': 'Activo', 'ID': 15, 'FECHA_ACTUAL': '2025-11-01'}]]
(Background on this error at: https://sqlalche.me/e/20/4xp6)
2025-11-01 11:48:49,095 - __main__ - ERROR - Fatal error during data import: (mysql.connector.errors.DatabaseError) 1265 (01000): Data truncated for column 'NIVEL_MCER' at row 1
[SQL: INSERT INTO `Nivel_MCER` (`NIVEL_MCER`, `TIPO_POBLACION`, `ESTADO_ESTUDIANTE`, `ID`, `FECHA_ACTUAL`) VALUES (%(NIVEL_MCER)s, %(TIPO_POBLACION)s, %(ESTADO_ESTUDIANTE)s, %(ID)s, %(FECHA_ACTUAL)s)]
[parameters: [{'NIVEL_MCER': 'SIN DIAGNOSTICO', 'TIPO_POBLACION': None, 'ESTADO_ESTUDIANTE': None, 'ID': 1, 'FECHA_ACTUAL': '2025-11-01'}, {'NIVEL_MCER': 'SIN DIAGNOSTICO', 'TIPO_POBLACION': 'R', 'ESTADO_ESTUDIANTE': 'Retirado', 'ID': 2, 'FECHA_ACTUAL': '2025-11-01'}, {'NIVEL_MCER': 'SIN DIAGNOSTICO', 'TIPO_POBLACION': 'Niños', 'ESTADO_ESTUDIANTE': 'Activo', 'ID': 3, 'FECHA_ACTUAL': '2025-11-01'}, {'NIVEL_MCER': 'SIN DIAGNOSTICO', 'TIPO_POBLACION': 'Adolescentes', 'ESTADO_ESTUDIANTE': 'Activo', 'ID': 4, 'FECHA_ACTUAL': '2025-11-01'}, {'NIVEL_MCER': 'SIN DIAGNOSTICO', 'TIPO_POBLACION': 'Adolescentes', 'ESTADO_ESTUDIANTE': 'Inactivo', 'ID': 5, 'FECHA_ACTUAL': '2025-11-01'}, {'NIVEL_MCER': 'SIN DIAGNOSTICO', 'TIPO_POBLACION': 'Adolescentes ', 'ESTADO_ESTUDIANTE': 'Activo', 'ID': 6, 'FECHA_ACTUAL': '2025-11-01'}, {'NIVEL_MCER': 'SIN DIAGNOSTICO', 'TIPO_POBLACION': 'Infantil', 'ESTADO_ESTUDIANTE': 'Activo', 'ID': 7, 'FECHA_ACTUAL': '2025-11-01'}, {'NIVEL_MCER': 'SIN DIAGNOSTICO', 'TIPO_POBLACION': 'Niños', 'ESTADO_ESTUDIANTE': 'Inactivo', 'ID': 8, 'FECHA_ACTUAL': '2025-11-01'}  ... displaying 10 of 15 total bound parameter sets ...  {'NIVEL_MCER': 'SIN DIAGNOSTICO', 'TIPO_POBLACION': 'Infantil', 'ESTADO_ESTUDIANTE': 'Retirado', 'ID': 14, 'FECHA_ACTUAL': '2025-11-01'}, {'NIVEL_MCER': 'SIN DIAGNOSTICO', 'TIPO_POBLACION': 'Niños ', 'ESTADO_ESTUDIANTE': 'Activo', 'ID': 15, 'FECHA_ACTUAL': '2025-11-01'}]]
(Background on this error at: https://sqlalche.me/e/20/4xp6)
2025-11-01 11:55:52,792 - conexion - INFO - Conexión exitosa a MySQL en puerto 3308
2025-11-01 11:55:52,808 - conexion - INFO - Conexión a base de datos cerrada
2025-11-01 11:55:52,899 - __main__ - INFO - Eliminando tablas existentes (si las hay)...
2025-11-01 11:55:52,921 - __main__ - INFO - Tablas eliminadas.
2025-11-01 11:55:52,921 - __main__ - INFO - Iniciando creación de tablas en la base de datos
2025-11-01 11:55:53,193 - __main__ - INFO - Tablas creadas exitosamente en observatorio_bilinguismo
2025-11-01 11:55:53,194 - __main__ - INFO - Proceso de creación de tablas finalizado
2025-11-01 12:01:14,973 - Base_datos.conexion - INFO - Conexión exitosa a MySQL en puerto 3308
2025-11-01 12:01:14,992 - Base_datos.conexion - INFO - Conexión a base de datos cerrada
2025-11-01 12:01:42,499 - Base_datos.conexion - INFO - Conexión exitosa a MySQL en puerto 3308
2025-11-01 12:01:42,517 - Base_datos.conexion - INFO - Conexión a base de datos cerrada
2025-11-01 12:03:48,363 - Base_datos.conexion - INFO - Conexión exitosa a MySQL en puerto 3308
2025-11-01 12:03:48,380 - Base_datos.conexion - INFO - Conexión a base de datos cerrada
2025-11-01 12:04:10,540 - Base_datos.conexion - INFO - Conexión exitosa a MySQL en puerto 3308
2025-11-01 12:04:10,556 - Base_datos.conexion - INFO - Conexión a base de datos cerrada
2025-11-01 12:05:01,068 - conexion - INFO - Conexión exitosa a MySQL en puerto 3308
2025-11-01 12:05:01,081 - conexion - INFO - Conexión a base de datos cerrada
2025-11-01 12:05:01,166 - __main__ - INFO - Eliminando tablas existentes (si las hay)...
2025-11-01 12:05:01,190 - __main__ - INFO - Tablas eliminadas.
2025-11-01 12:05:01,191 - __main__ - INFO - Iniciando creación de tablas en la base de datos
2025-11-01 12:05:01,484 - __main__ - INFO - Tablas creadas exitosamente en observatorio_bilinguismo
2025-11-01 12:05:01,485 - __main__ - INFO - Proceso de creación de tablas finalizado
2025-11-01 12:05:10,524 - Base_datos.conexion - INFO - Conexión exitosa a MySQL en puerto 3308
2025-11-01 12:05:10,539 - Base_datos.conexion - INFO - Conexión a base de datos cerrada
2025-11-01 12:08:28,511 - Base_datos.conexion - INFO - Conexión exitosa a MySQL en puerto 3308
2025-11-01 12:08:28,529 - Base_datos.conexion - INFO - Conexión a base de datos cerrada
2025-11-01 12:20:17,256 - conexion - INFO - Conexión exitosa a MySQL en puerto 3308
2025-11-01 12:20:17,271 - conexion - INFO - Conexión a base de datos cerrada
2025-11-01 12:20:17,362 - __main__ - INFO - Eliminando tablas existentes (si las hay)...
2025-11-01 12:20:17,525 - __main__ - INFO - Tablas eliminadas.
2025-11-01 12:20:17,525 - __main__ - INFO - Iniciando creación de tablas en la base de datos
2025-11-01 12:20:17,812 - __main__ - INFO - Tablas creadas exitosamente en observatorio_bilinguismo
2025-11-01 12:20:17,812 - __main__ - INFO - Proceso de creación de tablas finalizado
2025-11-01 12:20:39,344 - Base_datos.conexion - INFO - Conexión exitosa a MySQL en puerto 3308
2025-11-01 12:20:39,358 - Base_datos.conexion - INFO - Conexión a base de datos cerrada
2025-11-01 12:23:16,528 - Base_datos.conexion - INFO - Conexión exitosa a MySQL en puerto 3308
2025-11-01 12:23:16,545 - Base_datos.conexion - INFO - Conexión a base de datos cerrada
2025-11-01 12:26:09,868 - Base_datos.conexion - INFO - Conexión exitosa a MySQL en puerto 3308
2025-11-01 12:26:09,889 - Base_datos.conexion - INFO - Conexión a base de datos cerrada
2025-11-01 12:28:46,460 - Base_datos.conexion - INFO - Conexión exitosa a MySQL en puerto 3308
2025-11-01 12:28:46,476 - Base_datos.conexion - INFO - Conexión a base de datos cerrada
2025-11-01 12:30:49,408 - Base_datos.conexion - INFO - Conexión exitosa a MySQL en puerto 3308
2025-11-01 12:30:49,422 - Base_datos.conexion - INFO - Conexión a base de datos cerrada
2025-11-01 12:32:19,168 - Base_datos.conexion - INFO - Conexión exitosa a MySQL en puerto 3308
2025-11-01 12:32:19,186 - Base_datos.conexion - INFO - Conexión a base de datos cerrada
2025-11-01 12:44:47,329 - Base_datos.conexion - INFO - Conexión exitosa a MySQL en puerto 3308
2025-11-01 12:44:47,349 - Base_datos.conexion - INFO - Conexión a base de datos cerrada
2025-11-01 12:44:47,349 - __main__ - INFO - Loading data from d:\Proyectos Jc Code\Archivos para BD rionegro\Observatorio\CSVs\data_2023.csv
2025-11-01 12:44:47,373 - __main__ - INFO - Columnas CSV: ['#', 'TIPO DE IDENTIFICACIÓN', 'NÚMERO DE IDENTIFICACIÓN', 'LUGAR DE EXPEDICIÓN', 'NOMBRES', 'APELLIDOS', 'FECHA DE NACIMIENTO', 'EDAD', 'TELÉFONO 1', 'TELÉFONO 2', 'CORREO ELECTRÓNICO', 'MUNICIPIO', 'DIRECCIÓN', 'NOMBRE DEL ACUDIENTE', 'TIPO DE DOCUMENTO', 'NÚMERO DE DOCUMENTO', 'PARENTESCO', 'Institución Educativa 2022', 'Grado 2022', 'MCER (diagnóstico)', 'MCER (diagnóstico)2', 'NIVEL 2022-1', 'NIVEL 2022-2', 'POBLACIÓN 2022', 'Día', 'Jornada', 'SEDE NODAL 2022', 'GRUPO PMB 2022', 'DOCENTE PMB 2022', 'ESTADO 2022', 'Institución Educativa 2023', 'Sede I.E.', 'Grado 2023', 'Población 2023', 'Nivel 2023- ETAPA 1', 'Día 2023', 'Jornada 2023', 'Sede Nodal 2023', 'Docente 2023', 'FECHA LLAMADA', 'ANOTACIÓN', 'FECHA LLAMADA2', 'ANOTACIÓN2', 'FECHA LLAMADA3', 'ANOTACIÓN3', 'ANOTACIÓN4', 'DIAG', 'Diag %', 'MCER', 'ESTADO MATRICULA', '13-may', '20-may', '27-may', '03-jun', '10-jun', '08-jul', '15-jul', '22-jul', '29-jul', '05-ago', '12-ago', 'ESTADO ETAPA 1', 'Jornada 2023.1', 'Sede Nodal 2023.1', 'Docente 2023.1', 'Población 2023.1', 'Nivel 2023-ETAPA 2', 'CODIGO SAP', 'ID GRUPO', 'ESTADO MATRÍCULA ETAPA 2', '19-ago', '26-ago', '02-sep', '09-sep', '16-sep', '23-sep', '30-sep', '07-oct', '21-oct', '04-nov', 'ESTADO ETAPA 2', 'CERTIFICADO', 'DIAG2', 'Diag %2', 'MCER2', 'SEXO', 'FECHA ACTUAL', 'TIPO POBLACION', 'NIVEL_MCER', 'ENTIDAD', 'NOMBRE CURSO', 'IDIOMA', 'FECHA INICIAL', 'FECHA FINAL', 'COLEGIO ABREVIADO PARA LISTADOS', 'GRUPO ']
2025-11-01 12:44:47,374 - __main__ - INFO - Total de registros en CSV: 1044
2025-11-01 12:44:47,389 - __main__ - INFO - PERSONA_ID ya existe en Sedes_instituciones
2025-11-01 12:44:47,427 - __main__ - INFO - Inserted 8 new Tipo_documentos
2025-11-01 12:44:47,458 - __main__ - INFO - Inserted 10 new Nivel_MCER
2025-11-01 12:44:47,482 - __main__ - INFO - Inserted 1 new Ciudades
2025-11-01 12:44:47,505 - __main__ - INFO - Inserted 20 new Instituciones_educativas
2025-11-01 12:44:47,556 - __main__ - INFO - Inserted 1 new Cursos
2025-11-01 12:44:47,569 - __main__ - INFO - Personas en CSV: 1044, Nuevas: 700, Ya existentes: 344
2025-11-01 12:44:48,335 - __main__ - INFO - ✅ Inserted 700 new Personas
2025-11-01 12:45:09,256 - Base_datos.conexion - INFO - Conexión exitosa a MySQL en puerto 3308
2025-11-01 12:45:09,270 - Base_datos.conexion - INFO - Conexión a base de datos cerrada
2025-11-01 12:46:38,811 - conexion - ERROR - Error al conectar a la base de datos: (mysql.connector.errors.ProgrammingError) 1049 (42000): Unknown database 'observatorio_bilinguismo'
(Background on this error at: https://sqlalche.me/e/20/f405)
Traceback (most recent call last):
  File "D:\Proyectos Jc Code\Archivos para BD rionegro\Observatorio\env\Lib\site-packages\mysql\connector\connection_cext.py", line 354, in _open_connection
    self._cmysql.connect(**cnx_kwargs)
    ~~~~~~~~~~~~~~~~~~~~^^^^^^^^^^^^^^
_mysql_connector.MySQLInterfaceError: Unknown database 'observatorio_bilinguismo'

The above exception was the direct cause of the following exception:

Traceback (most recent call last):
  File "D:\Proyectos Jc Code\Archivos para BD rionegro\Observatorio\env\Lib\site-packages\sqlalchemy\engine\base.py", line 143, in __init__
    self._dbapi_connection = engine.raw_connection()
                             ~~~~~~~~~~~~~~~~~~~~~^^
  File "D:\Proyectos Jc Code\Archivos para BD rionegro\Observatorio\env\Lib\site-packages\sqlalchemy\engine\base.py", line 3301, in raw_connection
    return self.pool.connect()
           ~~~~~~~~~~~~~~~~~^^
  File "D:\Proyectos Jc Code\Archivos para BD rionegro\Observatorio\env\Lib\site-packages\sqlalchemy\pool\base.py", line 447, in connect
    return _ConnectionFairy._checkout(self)
           ~~~~~~~~~~~~~~~~~~~~~~~~~~^^^^^^
  File "D:\Proyectos Jc Code\Archivos para BD rionegro\Observatorio\env\Lib\site-packages\sqlalchemy\pool\base.py", line 1264, in _checkout
    fairy = _ConnectionRecord.checkout(pool)
  File "D:\Proyectos Jc Code\Archivos para BD rionegro\Observatorio\env\Lib\site-packages\sqlalchemy\pool\base.py", line 711, in checkout
    rec = pool._do_get()
  File "D:\Proyectos Jc Code\Archivos para BD rionegro\Observatorio\env\Lib\site-packages\sqlalchemy\pool\impl.py", line 177, in _do_get
    with util.safe_reraise():
         ~~~~~~~~~~~~~~~~~^^
  File "D:\Proyectos Jc Code\Archivos para BD rionegro\Observatorio\env\Lib\site-packages\sqlalchemy\util\langhelpers.py", line 224, in __exit__
    raise exc_value.with_traceback(exc_tb)
  File "D:\Proyectos Jc Code\Archivos para BD rionegro\Observatorio\env\Lib\site-packages\sqlalchemy\pool\impl.py", line 175, in _do_get
    return self._create_connection()
           ~~~~~~~~~~~~~~~~~~~~~~~^^
  File "D:\Proyectos Jc Code\Archivos para BD rionegro\Observatorio\env\Lib\site-packages\sqlalchemy\pool\base.py", line 388, in _create_connection
    return _ConnectionRecord(self)
  File "D:\Proyectos Jc Code\Archivos para BD rionegro\Observatorio\env\Lib\site-packages\sqlalchemy\pool\base.py", line 673, in __init__
    self.__connect()
    ~~~~~~~~~~~~~~^^
  File "D:\Proyectos Jc Code\Archivos para BD rionegro\Observatorio\env\Lib\site-packages\sqlalchemy\pool\base.py", line 899, in __connect
    with util.safe_reraise():
         ~~~~~~~~~~~~~~~~~^^
  File "D:\Proyectos Jc Code\Archivos para BD rionegro\Observatorio\env\Lib\site-packages\sqlalchemy\util\langhelpers.py", line 224, in __exit__
    raise exc_value.with_traceback(exc_tb)
  File "D:\Proyectos Jc Code\Archivos para BD rionegro\Observatorio\env\Lib\site-packages\sqlalchemy\pool\base.py", line 895, in __connect
    self.dbapi_connection = connection = pool._invoke_creator(self)
                                         ~~~~~~~~~~~~~~~~~~~~^^^^^^
  File "D:\Proyectos Jc Code\Archivos para BD rionegro\Observatorio\env\Lib\site-packages\sqlalchemy\engine\create.py", line 661, in connect
    return dialect.connect(*cargs, **cparams)
           ~~~~~~~~~~~~~~~^^^^^^^^^^^^^^^^^^^
  File "D:\Proyectos Jc Code\Archivos para BD rionegro\Observatorio\env\Lib\site-packages\sqlalchemy\engine\default.py", line 629, in connect
    return self.loaded_dbapi.connect(*cargs, **cparams)  # type: ignore[no-any-return]  # NOQA: E501
           ~~~~~~~~~~~~~~~~~~~~~~~~~^^^^^^^^^^^^^^^^^^^
  File "D:\Proyectos Jc Code\Archivos para BD rionegro\Observatorio\env\Lib\site-packages\mysql\connector\pooling.py", line 322, in connect
    return CMySQLConnection(*args, **kwargs)
  File "D:\Proyectos Jc Code\Archivos para BD rionegro\Observatorio\env\Lib\site-packages\mysql\connector\connection_cext.py", line 142, in __init__
    self.connect(**kwargs)
    ~~~~~~~~~~~~^^^^^^^^^^
  File "D:\Proyectos Jc Code\Archivos para BD rionegro\Observatorio\env\Lib\site-packages\mysql\connector\abstracts.py", line 1604, in connect
    self._open_connection()
    ~~~~~~~~~~~~~~~~~~~~~^^
  File "D:\Proyectos Jc Code\Archivos para BD rionegro\Observatorio\env\Lib\site-packages\mysql\connector\connection_cext.py", line 360, in _open_connection
    raise get_mysql_exception(
        err.errno, msg=err.msg, sqlstate=err.sqlstate
    ) from err
mysql.connector.errors.ProgrammingError: 1049 (42000): Unknown database 'observatorio_bilinguismo'

The above exception was the direct cause of the following exception:

Traceback (most recent call last):
  File "d:\Proyectos Jc Code\Archivos para BD rionegro\Observatorio\Base_datos\conexion.py", line 16, in <module>
    with engine.connect() as connection:
         ~~~~~~~~~~~~~~^^
  File "D:\Proyectos Jc Code\Archivos para BD rionegro\Observatorio\env\Lib\site-packages\sqlalchemy\engine\base.py", line 3277, in connect
    return self._connection_cls(self)
           ~~~~~~~~~~~~~~~~~~~~^^^^^^
  File "D:\Proyectos Jc Code\Archivos para BD rionegro\Observatorio\env\Lib\site-packages\sqlalchemy\engine\base.py", line 145, in __init__
    Connection._handle_dbapi_exception_noconnection(
    ~~~~~~~~~~~~~~~~~~~~~~~~~~~~~~~~~~~~~~~~~~~~~~~^
        err, dialect, engine
        ^^^^^^^^^^^^^^^^^^^^
    )
    ^
  File "D:\Proyectos Jc Code\Archivos para BD rionegro\Observatorio\env\Lib\site-packages\sqlalchemy\engine\base.py", line 2440, in _handle_dbapi_exception_noconnection
    raise sqlalchemy_exception.with_traceback(exc_info[2]) from e
  File "D:\Proyectos Jc Code\Archivos para BD rionegro\Observatorio\env\Lib\site-packages\sqlalchemy\engine\base.py", line 143, in __init__
    self._dbapi_connection = engine.raw_connection()
                             ~~~~~~~~~~~~~~~~~~~~~^^
  File "D:\Proyectos Jc Code\Archivos para BD rionegro\Observatorio\env\Lib\site-packages\sqlalchemy\engine\base.py", line 3301, in raw_connection
    return self.pool.connect()
           ~~~~~~~~~~~~~~~~~^^
  File "D:\Proyectos Jc Code\Archivos para BD rionegro\Observatorio\env\Lib\site-packages\sqlalchemy\pool\base.py", line 447, in connect
    return _ConnectionFairy._checkout(self)
           ~~~~~~~~~~~~~~~~~~~~~~~~~~^^^^^^
  File "D:\Proyectos Jc Code\Archivos para BD rionegro\Observatorio\env\Lib\site-packages\sqlalchemy\pool\base.py", line 1264, in _checkout
    fairy = _ConnectionRecord.checkout(pool)
  File "D:\Proyectos Jc Code\Archivos para BD rionegro\Observatorio\env\Lib\site-packages\sqlalchemy\pool\base.py", line 711, in checkout
    rec = pool._do_get()
  File "D:\Proyectos Jc Code\Archivos para BD rionegro\Observatorio\env\Lib\site-packages\sqlalchemy\pool\impl.py", line 177, in _do_get
    with util.safe_reraise():
         ~~~~~~~~~~~~~~~~~^^
  File "D:\Proyectos Jc Code\Archivos para BD rionegro\Observatorio\env\Lib\site-packages\sqlalchemy\util\langhelpers.py", line 224, in __exit__
    raise exc_value.with_traceback(exc_tb)
  File "D:\Proyectos Jc Code\Archivos para BD rionegro\Observatorio\env\Lib\site-packages\sqlalchemy\pool\impl.py", line 175, in _do_get
    return self._create_connection()
           ~~~~~~~~~~~~~~~~~~~~~~~^^
  File "D:\Proyectos Jc Code\Archivos para BD rionegro\Observatorio\env\Lib\site-packages\sqlalchemy\pool\base.py", line 388, in _create_connection
    return _ConnectionRecord(self)
  File "D:\Proyectos Jc Code\Archivos para BD rionegro\Observatorio\env\Lib\site-packages\sqlalchemy\pool\base.py", line 673, in __init__
    self.__connect()
    ~~~~~~~~~~~~~~^^
  File "D:\Proyectos Jc Code\Archivos para BD rionegro\Observatorio\env\Lib\site-packages\sqlalchemy\pool\base.py", line 899, in __connect
    with util.safe_reraise():
         ~~~~~~~~~~~~~~~~~^^
  File "D:\Proyectos Jc Code\Archivos para BD rionegro\Observatorio\env\Lib\site-packages\sqlalchemy\util\langhelpers.py", line 224, in __exit__
    raise exc_value.with_traceback(exc_tb)
  File "D:\Proyectos Jc Code\Archivos para BD rionegro\Observatorio\env\Lib\site-packages\sqlalchemy\pool\base.py", line 895, in __connect
    self.dbapi_connection = connection = pool._invoke_creator(self)
                                         ~~~~~~~~~~~~~~~~~~~~^^^^^^
  File "D:\Proyectos Jc Code\Archivos para BD rionegro\Observatorio\env\Lib\site-packages\sqlalchemy\engine\create.py", line 661, in connect
    return dialect.connect(*cargs, **cparams)
           ~~~~~~~~~~~~~~~^^^^^^^^^^^^^^^^^^^
  File "D:\Proyectos Jc Code\Archivos para BD rionegro\Observatorio\env\Lib\site-packages\sqlalchemy\engine\default.py", line 629, in connect
    return self.loaded_dbapi.connect(*cargs, **cparams)  # type: ignore[no-any-return]  # NOQA: E501
           ~~~~~~~~~~~~~~~~~~~~~~~~~^^^^^^^^^^^^^^^^^^^
  File "D:\Proyectos Jc Code\Archivos para BD rionegro\Observatorio\env\Lib\site-packages\mysql\connector\pooling.py", line 322, in connect
    return CMySQLConnection(*args, **kwargs)
  File "D:\Proyectos Jc Code\Archivos para BD rionegro\Observatorio\env\Lib\site-packages\mysql\connector\connection_cext.py", line 142, in __init__
    self.connect(**kwargs)
    ~~~~~~~~~~~~^^^^^^^^^^
  File "D:\Proyectos Jc Code\Archivos para BD rionegro\Observatorio\env\Lib\site-packages\mysql\connector\abstracts.py", line 1604, in connect
    self._open_connection()
    ~~~~~~~~~~~~~~~~~~~~~^^
  File "D:\Proyectos Jc Code\Archivos para BD rionegro\Observatorio\env\Lib\site-packages\mysql\connector\connection_cext.py", line 360, in _open_connection
    raise get_mysql_exception(
        err.errno, msg=err.msg, sqlstate=err.sqlstate
    ) from err
sqlalchemy.exc.ProgrammingError: (mysql.connector.errors.ProgrammingError) 1049 (42000): Unknown database 'observatorio_bilinguismo'
(Background on this error at: https://sqlalche.me/e/20/f405)
2025-11-01 12:46:38,874 - conexion - INFO - Conexión a base de datos cerrada
2025-11-01 12:47:17,194 - conexion - INFO - Conexión exitosa a MySQL en puerto 3308
2025-11-01 12:47:17,208 - conexion - INFO - Conexión a base de datos cerrada
2025-11-01 12:47:17,305 - __main__ - INFO - Eliminando tablas existentes (si las hay)...
2025-11-01 12:47:17,327 - __main__ - INFO - Tablas eliminadas.
2025-11-01 12:47:17,328 - __main__ - INFO - Iniciando creación de tablas en la base de datos
2025-11-01 12:47:17,605 - __main__ - INFO - Tablas creadas exitosamente en observatorio_bilinguismo
2025-11-01 12:47:17,606 - __main__ - INFO - Proceso de creación de tablas finalizado
2025-11-01 12:47:23,933 - Base_datos.conexion - INFO - Conexión exitosa a MySQL en puerto 3308
2025-11-01 12:47:23,948 - Base_datos.conexion - INFO - Conexión a base de datos cerrada
2025-11-01 12:47:40,723 - Base_datos.conexion - INFO - Conexión exitosa a MySQL en puerto 3308
2025-11-01 12:47:40,739 - Base_datos.conexion - INFO - Conexión a base de datos cerrada
2025-11-01 12:47:40,739 - __main__ - INFO - Loading data from d:\Proyectos Jc Code\Archivos para BD rionegro\Observatorio\CSVs\data_2023.csv
2025-11-01 12:47:40,763 - __main__ - INFO - Columnas CSV: ['#', 'TIPO DE IDENTIFICACIÓN', 'NÚMERO DE IDENTIFICACIÓN', 'LUGAR DE EXPEDICIÓN', 'NOMBRES', 'APELLIDOS', 'FECHA DE NACIMIENTO', 'EDAD', 'TELÉFONO 1', 'TELÉFONO 2', 'CORREO ELECTRÓNICO', 'MUNICIPIO', 'DIRECCIÓN', 'NOMBRE DEL ACUDIENTE', 'TIPO DE DOCUMENTO', 'NÚMERO DE DOCUMENTO', 'PARENTESCO', 'Institución Educativa 2022', 'Grado 2022', 'MCER (diagnóstico)', 'MCER (diagnóstico)2', 'NIVEL 2022-1', 'NIVEL 2022-2', 'POBLACIÓN 2022', 'Día', 'Jornada', 'SEDE NODAL 2022', 'GRUPO PMB 2022', 'DOCENTE PMB 2022', 'ESTADO 2022', 'Institución Educativa 2023', 'Sede I.E.', 'Grado 2023', 'Población 2023', 'Nivel 2023- ETAPA 1', 'Día 2023', 'Jornada 2023', 'Sede Nodal 2023', 'Docente 2023', 'FECHA LLAMADA', 'ANOTACIÓN', 'FECHA LLAMADA2', 'ANOTACIÓN2', 'FECHA LLAMADA3', 'ANOTACIÓN3', 'ANOTACIÓN4', 'DIAG', 'Diag %', 'MCER', 'ESTADO MATRICULA', '13-may', '20-may', '27-may', '03-jun', '10-jun', '08-jul', '15-jul', '22-jul', '29-jul', '05-ago', '12-ago', 'ESTADO ETAPA 1', 'Jornada 2023.1', 'Sede Nodal 2023.1', 'Docente 2023.1', 'Población 2023.1', 'Nivel 2023-ETAPA 2', 'CODIGO SAP', 'ID GRUPO', 'ESTADO MATRÍCULA ETAPA 2', '19-ago', '26-ago', '02-sep', '09-sep', '16-sep', '23-sep', '30-sep', '07-oct', '21-oct', '04-nov', 'ESTADO ETAPA 2', 'CERTIFICADO', 'DIAG2', 'Diag %2', 'MCER2', 'SEXO', 'FECHA ACTUAL', 'TIPO POBLACION', 'NIVEL_MCER', 'ENTIDAD', 'NOMBRE CURSO', 'IDIOMA', 'FECHA INICIAL', 'FECHA FINAL', 'COLEGIO ABREVIADO PARA LISTADOS', 'GRUPO ']
2025-11-01 12:47:40,763 - __main__ - INFO - Total de registros en CSV: 1044
2025-11-01 12:47:40,778 - __main__ - INFO - PERSONA_ID ya existe en Sedes_instituciones
2025-11-01 12:47:40,806 - __main__ - INFO - Inserted 8 new Tipo_documentos
2025-11-01 12:47:40,835 - __main__ - INFO - Inserted 10 new Nivel_MCER
2025-11-01 12:47:40,856 - __main__ - INFO - Inserted 1 new Ciudades
2025-11-01 12:47:40,879 - __main__ - INFO - Inserted 20 new Instituciones_educativas
2025-11-01 12:47:40,910 - __main__ - INFO - Inserted 1 new Cursos
2025-11-01 12:47:40,924 - __main__ - INFO - Personas en CSV: 1044, Nuevas: 700, Ya existentes: 344
2025-11-01 12:47:41,677 - __main__ - INFO - ✅ Inserted 700 new Personas
2025-11-01 12:52:00,965 - Base_datos.conexion - INFO - Conexión exitosa a MySQL en puerto 3308
2025-11-01 12:52:00,980 - Base_datos.conexion - INFO - Conexión a base de datos cerrada
2025-11-01 12:52:00,980 - __main__ - INFO - Loading data from d:\Proyectos Jc Code\Archivos para BD rionegro\Observatorio\CSVs\data_2023.csv
2025-11-01 12:52:01,018 - __main__ - INFO - Columnas CSV: ['#', 'TIPO DE IDENTIFICACIÓN', 'NÚMERO DE IDENTIFICACIÓN', 'LUGAR DE EXPEDICIÓN', 'NOMBRES', 'APELLIDOS', 'FECHA DE NACIMIENTO', 'EDAD', 'TELÉFONO 1', 'TELÉFONO 2', 'CORREO ELECTRÓNICO', 'MUNICIPIO', 'DIRECCIÓN', 'NOMBRE DEL ACUDIENTE', 'TIPO DE DOCUMENTO', 'NÚMERO DE DOCUMENTO', 'PARENTESCO', 'Institución Educativa 2022', 'Grado 2022', 'MCER (diagnóstico)', 'MCER (diagnóstico)2', 'NIVEL 2022-1', 'NIVEL 2022-2', 'POBLACIÓN 2022', 'Día', 'Jornada', 'SEDE NODAL 2022', 'GRUPO PMB 2022', 'DOCENTE PMB 2022', 'ESTADO 2022', 'Institución Educativa 2023', 'Sede I.E.', 'Grado 2023', 'Población 2023', 'Nivel 2023- ETAPA 1', 'Día 2023', 'Jornada 2023', 'Sede Nodal 2023', 'Docente 2023', 'FECHA LLAMADA', 'ANOTACIÓN', 'FECHA LLAMADA2', 'ANOTACIÓN2', 'FECHA LLAMADA3', 'ANOTACIÓN3', 'ANOTACIÓN4', 'DIAG', 'Diag %', 'MCER', 'ESTADO MATRICULA', '13-may', '20-may', '27-may', '03-jun', '10-jun', '08-jul', '15-jul', '22-jul', '29-jul', '05-ago', '12-ago', 'ESTADO ETAPA 1', 'Jornada 2023.1', 'Sede Nodal 2023.1', 'Docente 2023.1', 'Población 2023.1', 'Nivel 2023-ETAPA 2', 'CODIGO SAP', 'ID GRUPO', 'ESTADO MATRÍCULA ETAPA 2', '19-ago', '26-ago', '02-sep', '09-sep', '16-sep', '23-sep', '30-sep', '07-oct', '21-oct', '04-nov', 'ESTADO ETAPA 2', 'CERTIFICADO', 'DIAG2', 'Diag %2', 'MCER2', 'SEXO', 'FECHA ACTUAL', 'TIPO POBLACION', 'NIVEL_MCER', 'ENTIDAD', 'NOMBRE CURSO', 'IDIOMA', 'FECHA INICIAL', 'FECHA FINAL', 'COLEGIO ABREVIADO PARA LISTADOS', 'GRUPO']
2025-11-01 12:52:01,018 - __main__ - INFO - Total de registros en CSV: 1044
2025-11-01 12:52:01,032 - __main__ - INFO - PERSONA_ID ya existe en Sedes_instituciones
2025-11-01 12:52:01,039 - __main__ - INFO - Inserted 0 new Tipo_documentos
2025-11-01 12:52:01,079 - __main__ - INFO - Inserted 6 new Nivel_MCER
2025-11-01 12:52:01,087 - __main__ - INFO - Inserted 0 new Ciudades
2025-11-01 12:52:01,115 - __main__ - INFO - Inserted 2 new Instituciones_educativas
2025-11-01 12:52:01,138 - __main__ - INFO - Personas en CSV: 1044, Nuevas: 1, Ya existentes: 1043
2025-11-01 12:52:01,171 - __main__ - INFO - ✅ Inserted 1 new Personas
2025-11-01 12:54:54,450 - Base_datos.conexion - INFO - Conexión exitosa a MySQL en puerto 3308
2025-11-01 12:54:54,464 - Base_datos.conexion - INFO - Conexión a base de datos cerrada
2025-11-01 12:54:54,464 - __main__ - INFO - Loading data from d:\Proyectos Jc Code\Archivos para BD rionegro\Observatorio\CSVs\data_2023.csv
2025-11-01 12:54:54,500 - __main__ - INFO - Columnas CSV: ['#', 'TIPO DE IDENTIFICACIÓN', 'NÚMERO DE IDENTIFICACIÓN', 'LUGAR DE EXPEDICIÓN', 'NOMBRES', 'APELLIDOS', 'FECHA DE NACIMIENTO', 'EDAD', 'TELÉFONO 1', 'TELÉFONO 2', 'CORREO ELECTRÓNICO', 'MUNICIPIO', 'DIRECCIÓN', 'NOMBRE DEL ACUDIENTE', 'TIPO DE DOCUMENTO', 'NÚMERO DE DOCUMENTO', 'PARENTESCO', 'Institución Educativa 2022', 'Grado 2022', 'MCER (diagnóstico)', 'MCER (diagnóstico)2', 'NIVEL 2022-1', 'NIVEL 2022-2', 'POBLACIÓN 2022', 'Día', 'Jornada', 'SEDE NODAL 2022', 'GRUPO PMB 2022', 'DOCENTE PMB 2022', 'ESTADO 2022', 'Institución Educativa 2023', 'Sede I.E.', 'Grado 2023', 'Población 2023', 'Nivel 2023- ETAPA 1', 'Día 2023', 'Jornada 2023', 'Sede Nodal 2023', 'Docente 2023', 'FECHA LLAMADA', 'ANOTACIÓN', 'FECHA LLAMADA2', 'ANOTACIÓN2', 'FECHA LLAMADA3', 'ANOTACIÓN3', 'ANOTACIÓN4', 'DIAG', 'Diag %', 'MCER', 'ESTADO MATRICULA', '13-may', '20-may', '27-may', '03-jun', '10-jun', '08-jul', '15-jul', '22-jul', '29-jul', '05-ago', '12-ago', 'ESTADO ETAPA 1', 'Jornada 2023.1', 'Sede Nodal 2023.1', 'Docente 2023.1', 'Población 2023.1', 'Nivel 2023-ETAPA 2', 'CODIGO SAP', 'ID GRUPO', 'ESTADO MATRÍCULA ETAPA 2', '19-ago', '26-ago', '02-sep', '09-sep', '16-sep', '23-sep', '30-sep', '07-oct', '21-oct', '04-nov', 'ESTADO ETAPA 2', 'CERTIFICADO', 'DIAG2', 'Diag %2', 'MCER2', 'SEXO', 'FECHA ACTUAL', 'TIPO POBLACION', 'NIVEL_MCER', 'ENTIDAD', 'NOMBRE CURSO', 'IDIOMA', 'FECHA INICIAL', 'FECHA FINAL', 'COLEGIO ABREVIADO PARA LISTADOS', 'GRUPO ']
2025-11-01 12:54:54,501 - __main__ - INFO - Total de registros en CSV: 1044
2025-11-01 12:54:54,516 - __main__ - INFO - PERSONA_ID ya existe en Sedes_instituciones
2025-11-01 12:54:54,535 - __main__ - INFO - Inserted 0 new Tipo_documentos
2025-11-01 12:54:54,573 - __main__ - INFO - Inserted 6 new Nivel_MCER
2025-11-01 12:54:54,577 - __main__ - INFO - Inserted 0 new Ciudades
2025-11-01 12:54:54,596 - __main__ - INFO - Inserted 2 new Instituciones_educativas
2025-11-01 12:54:54,616 - __main__ - INFO - Personas en CSV: 1044, Nuevas: 1, Ya existentes: 1043
2025-11-01 12:54:54,647 - __main__ - INFO - ✅ Inserted 1 new Personas
2025-11-01 12:55:09,777 - Base_datos.conexion - INFO - Conexión exitosa a MySQL en puerto 3308
2025-11-01 12:55:09,793 - Base_datos.conexion - INFO - Conexión a base de datos cerrada
2025-11-01 12:55:09,794 - __main__ - INFO - Loading data from d:\Proyectos Jc Code\Archivos para BD rionegro\Observatorio\CSVs\data_2023.csv
2025-11-01 12:55:09,833 - __main__ - INFO - Columnas CSV: ['#', 'TIPO DE IDENTIFICACIÓN', 'NÚMERO DE IDENTIFICACIÓN', 'LUGAR DE EXPEDICIÓN', 'NOMBRES', 'APELLIDOS', 'FECHA DE NACIMIENTO', 'EDAD', 'TELÉFONO 1', 'TELÉFONO 2', 'CORREO ELECTRÓNICO', 'MUNICIPIO', 'DIRECCIÓN', 'NOMBRE DEL ACUDIENTE', 'TIPO DE DOCUMENTO', 'NÚMERO DE DOCUMENTO', 'PARENTESCO', 'Institución Educativa 2022', 'Grado 2022', 'MCER (diagnóstico)', 'MCER (diagnóstico)2', 'NIVEL 2022-1', 'NIVEL 2022-2', 'POBLACIÓN 2022', 'Día', 'Jornada', 'SEDE NODAL 2022', 'GRUPO PMB 2022', 'DOCENTE PMB 2022', 'ESTADO 2022', 'Institución Educativa 2023', 'Sede I.E.', 'Grado 2023', 'Población 2023', 'Nivel 2023- ETAPA 1', 'Día 2023', 'Jornada 2023', 'Sede Nodal 2023', 'Docente 2023', 'FECHA LLAMADA', 'ANOTACIÓN', 'FECHA LLAMADA2', 'ANOTACIÓN2', 'FECHA LLAMADA3', 'ANOTACIÓN3', 'ANOTACIÓN4', 'DIAG', 'Diag %', 'MCER', 'ESTADO MATRICULA', '13-may', '20-may', '27-may', '03-jun', '10-jun', '08-jul', '15-jul', '22-jul', '29-jul', '05-ago', '12-ago', 'ESTADO ETAPA 1', 'Jornada 2023.1', 'Sede Nodal 2023.1', 'Docente 2023.1', 'Población 2023.1', 'Nivel 2023-ETAPA 2', 'CODIGO SAP', 'ID GRUPO', 'ESTADO MATRÍCULA ETAPA 2', '19-ago', '26-ago', '02-sep', '09-sep', '16-sep', '23-sep', '30-sep', '07-oct', '21-oct', '04-nov', 'ESTADO ETAPA 2', 'CERTIFICADO', 'DIAG2', 'Diag %2', 'MCER2', 'SEXO', 'FECHA ACTUAL', 'TIPO POBLACION', 'NIVEL_MCER', 'ENTIDAD', 'NOMBRE CURSO', 'IDIOMA', 'FECHA INICIAL', 'FECHA FINAL', 'COLEGIO ABREVIADO PARA LISTADOS', 'GRUPO']
2025-11-01 12:55:09,833 - __main__ - INFO - Total de registros en CSV: 1044
2025-11-01 12:55:09,846 - __main__ - INFO - PERSONA_ID ya existe en Sedes_instituciones
2025-11-01 12:55:09,853 - __main__ - INFO - Inserted 0 new Tipo_documentos
2025-11-01 12:55:09,891 - __main__ - INFO - Inserted 6 new Nivel_MCER
2025-11-01 12:55:09,898 - __main__ - INFO - Inserted 0 new Ciudades
2025-11-01 12:55:09,924 - __main__ - INFO - Inserted 2 new Instituciones_educativas
2025-11-01 12:55:09,952 - __main__ - INFO - Personas en CSV: 1044, Nuevas: 1, Ya existentes: 1043
2025-11-01 12:55:10,004 - __main__ - INFO - ✅ Inserted 1 new Personas
2025-11-01 12:56:48,751 - Base_datos.conexion - INFO - Conexión exitosa a MySQL en puerto 3308
2025-11-01 12:56:48,766 - Base_datos.conexion - INFO - Conexión a base de datos cerrada
2025-11-01 12:56:48,766 - __main__ - INFO - Loading data from d:\Proyectos Jc Code\Archivos para BD rionegro\Observatorio\CSVs\data_2023.csv
2025-11-01 12:56:48,788 - __main__ - INFO - Columnas CSV: ['#', 'TIPO DE IDENTIFICACIÓN', 'NÚMERO DE IDENTIFICACIÓN', 'LUGAR DE EXPEDICIÓN', 'NOMBRES', 'APELLIDOS', 'FECHA DE NACIMIENTO', 'EDAD', 'TELÉFONO 1', 'TELÉFONO 2', 'CORREO ELECTRÓNICO', 'MUNICIPIO', 'DIRECCIÓN', 'NOMBRE DEL ACUDIENTE', 'TIPO DE DOCUMENTO', 'NÚMERO DE DOCUMENTO', 'PARENTESCO', 'Institución Educativa 2022', 'Grado 2022', 'MCER (diagnóstico)', 'MCER (diagnóstico)2', 'NIVEL 2022-1', 'NIVEL 2022-2', 'POBLACIÓN 2022', 'Día', 'Jornada', 'SEDE NODAL 2022', 'GRUPO PMB 2022', 'DOCENTE PMB 2022', 'ESTADO 2022', 'Institución Educativa 2023', 'Sede I.E.', 'Grado 2023', 'Población 2023', 'Nivel 2023- ETAPA 1', 'Día 2023', 'Jornada 2023', 'Sede Nodal 2023', 'Docente 2023', 'FECHA LLAMADA', 'ANOTACIÓN', 'FECHA LLAMADA2', 'ANOTACIÓN2', 'FECHA LLAMADA3', 'ANOTACIÓN3', 'ANOTACIÓN4', 'DIAG', 'Diag %', 'MCER', 'ESTADO MATRICULA', '13-may', '20-may', '27-may', '03-jun', '10-jun', '08-jul', '15-jul', '22-jul', '29-jul', '05-ago', '12-ago', 'ESTADO ETAPA 1', 'Jornada 2023.1', 'Sede Nodal 2023.1', 'Docente 2023.1', 'Población 2023.1', 'Nivel 2023-ETAPA 2', 'CODIGO SAP', 'ID GRUPO', 'ESTADO MATRÍCULA ETAPA 2', '19-ago', '26-ago', '02-sep', '09-sep', '16-sep', '23-sep', '30-sep', '07-oct', '21-oct', '04-nov', 'ESTADO ETAPA 2', 'CERTIFICADO', 'DIAG2', 'Diag %2', 'MCER2', 'SEXO', 'FECHA ACTUAL', 'TIPO POBLACION', 'NIVEL_MCER', 'ENTIDAD', 'NOMBRE CURSO', 'IDIOMA', 'FECHA INICIAL', 'FECHA FINAL', 'COLEGIO ABREVIADO PARA LISTADOS', 'GRUPO']
2025-11-01 12:56:48,793 - __main__ - INFO - Total de registros en CSV: 1044
2025-11-01 12:56:48,807 - __main__ - INFO - PERSONA_ID ya existe en Sedes_instituciones
2025-11-01 12:56:48,814 - __main__ - INFO - Inserted 0 new Tipo_documentos
2025-11-01 12:56:48,857 - __main__ - INFO - Inserted 6 new Nivel_MCER
2025-11-01 12:56:48,869 - __main__ - INFO - Inserted 0 new Ciudades
2025-11-01 12:56:48,892 - __main__ - INFO - Inserted 2 new Instituciones_educativas
2025-11-01 12:56:48,914 - __main__ - INFO - Personas en CSV: 1044, Nuevas: 1, Ya existentes: 1043
2025-11-01 12:56:48,947 - __main__ - INFO - ✅ Inserted 1 new Personas
2025-11-01 12:59:39,308 - Base_datos.conexion - INFO - Conexión exitosa a MySQL en puerto 3308
2025-11-01 12:59:39,324 - Base_datos.conexion - INFO - Conexión a base de datos cerrada
2025-11-01 12:59:39,325 - __main__ - INFO - Loading data from d:\Proyectos Jc Code\Archivos para BD rionegro\Observatorio\CSVs\data_2023.csv
2025-11-01 12:59:39,348 - __main__ - INFO - Columnas CSV: ['#', 'TIPO DE IDENTIFICACIÓN', 'NÚMERO DE IDENTIFICACIÓN', 'LUGAR DE EXPEDICIÓN', 'NOMBRES', 'APELLIDOS', 'FECHA DE NACIMIENTO', 'EDAD', 'TELÉFONO 1', 'TELÉFONO 2', 'CORREO ELECTRÓNICO', 'MUNICIPIO', 'DIRECCIÓN', 'NOMBRE DEL ACUDIENTE', 'TIPO DE DOCUMENTO', 'NÚMERO DE DOCUMENTO', 'PARENTESCO', 'Institución Educativa 2022', 'Grado 2022', 'MCER (diagnóstico)', 'MCER (diagnóstico)2', 'NIVEL 2022-1', 'NIVEL 2022-2', 'POBLACIÓN 2022', 'Día', 'Jornada', 'SEDE NODAL 2022', 'GRUPO PMB 2022', 'DOCENTE PMB 2022', 'ESTADO 2022', 'Institución Educativa 2023', 'Sede I.E.', 'Grado 2023', 'Población 2023', 'Nivel 2023- ETAPA 1', 'Día 2023', 'Jornada 2023', 'Sede Nodal 2023', 'Docente 2023', 'FECHA LLAMADA', 'ANOTACIÓN', 'FECHA LLAMADA2', 'ANOTACIÓN2', 'FECHA LLAMADA3', 'ANOTACIÓN3', 'ANOTACIÓN4', 'DIAG', 'Diag %', 'MCER', 'ESTADO MATRICULA', '13-may', '20-may', '27-may', '03-jun', '10-jun', '08-jul', '15-jul', '22-jul', '29-jul', '05-ago', '12-ago', 'ESTADO ETAPA 1', 'Jornada 2023.1', 'Sede Nodal 2023.1', 'Docente 2023.1', 'Población 2023.1', 'Nivel 2023-ETAPA 2', 'CODIGO SAP', 'ID GRUPO', 'ESTADO MATRÍCULA ETAPA 2', '19-ago', '26-ago', '02-sep', '09-sep', '16-sep', '23-sep', '30-sep', '07-oct', '21-oct', '04-nov', 'ESTADO ETAPA 2', 'CERTIFICADO', 'DIAG2', 'Diag %2', 'MCER2', 'SEXO', 'FECHA ACTUAL', 'TIPO POBLACION', 'NIVEL_MCER', 'ENTIDAD', 'NOMBRE CURSO', 'IDIOMA', 'FECHA INICIAL', 'FECHA FINAL', 'COLEGIO ABREVIADO PARA LISTADOS', 'GRUPO']
2025-11-01 12:59:39,349 - __main__ - INFO - Total de registros en CSV: 1044
2025-11-01 12:59:39,363 - __main__ - INFO - PERSONA_ID ya existe en Sedes_instituciones
2025-11-01 12:59:39,370 - __main__ - INFO - Inserted 0 new Tipo_documentos
2025-11-01 12:59:39,408 - __main__ - INFO - Inserted 6 new Nivel_MCER
2025-11-01 12:59:39,414 - __main__ - INFO - Inserted 0 new Ciudades
2025-11-01 12:59:39,435 - __main__ - INFO - Inserted 2 new Instituciones_educativas
2025-11-01 12:59:39,457 - __main__ - INFO - Personas en CSV: 1044, Nuevas: 1, Ya existentes: 1043
2025-11-01 12:59:39,489 - __main__ - INFO - ✅ Inserted 1 new Personas
2025-11-01 13:21:14,988 - Base_datos.conexion - INFO - Conexión exitosa a MySQL en puerto 3308
2025-11-01 13:21:15,007 - Base_datos.conexion - INFO - Conexión a base de datos cerrada
2025-11-01 13:21:15,008 - __main__ - INFO - Loading data from d:\Proyectos Jc Code\Archivos para BD rionegro\Observatorio\CSVs\data_2023.csv
2025-11-01 13:21:15,037 - __main__ - INFO - Columnas CSV: ['#', 'TIPO DE IDENTIFICACIÓN', 'NÚMERO DE IDENTIFICACIÓN', 'LUGAR DE EXPEDICIÓN', 'NOMBRES', 'APELLIDOS', 'FECHA DE NACIMIENTO', 'EDAD', 'TELÉFONO 1', 'TELÉFONO 2', 'CORREO ELECTRÓNICO', 'MUNICIPIO', 'DIRECCIÓN', 'NOMBRE DEL ACUDIENTE', 'TIPO DE DOCUMENTO', 'NÚMERO DE DOCUMENTO', 'PARENTESCO', 'Institución Educativa 2022', 'Grado 2022', 'MCER (diagnóstico)', 'MCER (diagnóstico)2', 'NIVEL 2022-1', 'NIVEL 2022-2', 'POBLACIÓN 2022', 'Día', 'Jornada', 'SEDE NODAL 2022', 'GRUPO PMB 2022', 'DOCENTE PMB 2022', 'ESTADO 2022', 'Institución Educativa 2023', 'Sede I.E.', 'Grado 2023', 'Población 2023', 'Nivel 2023- ETAPA 1', 'Día 2023', 'Jornada 2023', 'Sede Nodal 2023', 'Docente 2023', 'FECHA LLAMADA', 'ANOTACIÓN', 'FECHA LLAMADA2', 'ANOTACIÓN2', 'FECHA LLAMADA3', 'ANOTACIÓN3', 'ANOTACIÓN4', 'DIAG', 'Diag %', 'MCER', 'ESTADO MATRICULA', '13-may', '20-may', '27-may', '03-jun', '10-jun', '08-jul', '15-jul', '22-jul', '29-jul', '05-ago', '12-ago', 'ESTADO ETAPA 1', 'Jornada 2023.1', 'Sede Nodal 2023.1', 'Docente 2023.1', 'Población 2023.1', 'Nivel 2023-ETAPA 2', 'CODIGO SAP', 'ID GRUPO', 'ESTADO MATRÍCULA ETAPA 2', '19-ago', '26-ago', '02-sep', '09-sep', '16-sep', '23-sep', '30-sep', '07-oct', '21-oct', '04-nov', 'ESTADO ETAPA 2', 'CERTIFICADO', 'DIAG2', 'Diag %2', 'MCER2', 'SEXO', 'FECHA ACTUAL', 'TIPO POBLACION', 'NIVEL_MCER', 'ENTIDAD', 'NOMBRE CURSO', 'IDIOMA', 'FECHA INICIAL', 'FECHA FINAL', 'COLEGIO ABREVIADO PARA LISTADOS', 'GRUPO']
2025-11-01 13:21:15,037 - __main__ - INFO - Total de registros en CSV: 1044
2025-11-01 13:21:15,057 - __main__ - INFO - PERSONA_ID ya existe en Sedes_instituciones
2025-11-01 13:21:15,065 - __main__ - INFO - Inserted 0 new Tipo_documentos
2025-11-01 13:21:15,104 - __main__ - INFO - Inserted 6 new Nivel_MCER
2025-11-01 13:21:15,110 - __main__ - INFO - Inserted 0 new Ciudades
2025-11-01 13:21:15,135 - __main__ - INFO - Inserted 2 new Instituciones_educativas
2025-11-01 13:21:15,159 - __main__ - INFO - Personas en CSV: 1044, Nuevas: 1, Ya existentes: 1043
2025-11-01 13:21:15,190 - __main__ - INFO - ✅ Inserted 1 new Personas
2025-11-01 13:24:37,486 - Base_datos.conexion - INFO - Conexión exitosa a MySQL en puerto 3308
2025-11-01 13:24:37,508 - Base_datos.conexion - INFO - Conexión a base de datos cerrada
2025-11-01 13:24:37,508 - __main__ - INFO - Loading data from d:\Proyectos Jc Code\Archivos para BD rionegro\Observatorio\CSVs\data_2023.csv
2025-11-01 13:24:37,531 - __main__ - INFO - Columnas CSV: ['#', 'TIPO DE IDENTIFICACIÓN', 'NÚMERO DE IDENTIFICACIÓN', 'LUGAR DE EXPEDICIÓN', 'NOMBRES', 'APELLIDOS', 'FECHA DE NACIMIENTO', 'EDAD', 'TELÉFONO 1', 'TELÉFONO 2', 'CORREO ELECTRÓNICO', 'MUNICIPIO', 'DIRECCIÓN', 'NOMBRE DEL ACUDIENTE', 'TIPO DE DOCUMENTO', 'NÚMERO DE DOCUMENTO', 'PARENTESCO', 'Institución Educativa 2022', 'Grado 2022', 'MCER (diagnóstico)', 'MCER (diagnóstico)2', 'NIVEL 2022-1', 'NIVEL 2022-2', 'POBLACIÓN 2022', 'Día', 'Jornada', 'SEDE NODAL 2022', 'GRUPO PMB 2022', 'DOCENTE PMB 2022', 'ESTADO 2022', 'Institución Educativa 2023', 'Sede I.E.', 'Grado 2023', 'Población 2023', 'Nivel 2023- ETAPA 1', 'Día 2023', 'Jornada 2023', 'Sede Nodal 2023', 'Docente 2023', 'FECHA LLAMADA', 'ANOTACIÓN', 'FECHA LLAMADA2', 'ANOTACIÓN2', 'FECHA LLAMADA3', 'ANOTACIÓN3', 'ANOTACIÓN4', 'DIAG', 'Diag %', 'MCER', 'ESTADO MATRICULA', '13-may', '20-may', '27-may', '03-jun', '10-jun', '08-jul', '15-jul', '22-jul', '29-jul', '05-ago', '12-ago', 'ESTADO ETAPA 1', 'Jornada 2023.1', 'Sede Nodal 2023.1', 'Docente 2023.1', 'Población 2023.1', 'Nivel 2023-ETAPA 2', 'CODIGO SAP', 'ID GRUPO', 'ESTADO MATRÍCULA ETAPA 2', '19-ago', '26-ago', '02-sep', '09-sep', '16-sep', '23-sep', '30-sep', '07-oct', '21-oct', '04-nov', 'ESTADO ETAPA 2', 'CERTIFICADO', 'DIAG2', 'Diag %2', 'MCER2', 'SEXO', 'FECHA ACTUAL', 'TIPO POBLACION', 'NIVEL_MCER', 'ENTIDAD', 'NOMBRE CURSO', 'IDIOMA', 'FECHA INICIAL', 'FECHA FINAL', 'COLEGIO ABREVIADO PARA LISTADOS', 'GRUPO']
2025-11-01 13:24:37,531 - __main__ - INFO - Total de registros en CSV: 1044
2025-11-01 13:24:37,543 - __main__ - INFO - PERSONA_ID ya existe en Sedes_instituciones
2025-11-01 13:24:37,549 - __main__ - INFO - Inserted 0 new Tipo_documentos
2025-11-01 13:24:37,584 - __main__ - INFO - Inserted 6 new Nivel_MCER
2025-11-01 13:24:37,589 - __main__ - INFO - Inserted 0 new Ciudades
2025-11-01 13:24:37,609 - __main__ - INFO - Inserted 2 new Instituciones_educativas
2025-11-01 13:24:37,629 - __main__ - INFO - Personas en CSV: 1044, Nuevas: 1, Ya existentes: 1043
2025-11-01 13:24:37,660 - __main__ - INFO - ✅ Inserted 1 new Personas
