2025-11-01 11:17:10,419 - __main__ - ERROR - Registros con NOMBRES2 faltante: 8
2025-11-01 11:17:10,420 - __main__ - ERROR - Registros con APELLIDOS faltante: 8
2025-11-01 11:17:10,421 - __main__ - ERROR - Registros con NUMERO_DOCUMENTO faltante: 8
2025-11-01 11:17:10,478 - __main__ - ERROR - Error inserting data into Nivel_MCER: (mysql.connector.errors.DatabaseError) 1265 (01000): Data truncated for column 'NIVEL_MCER' at row 1
[SQL: INSERT INTO `Nivel_MCER` (`NIVEL_MCER`, `TIPO_POBLACION`, `ESTADO_ESTUDIANTE`, `ID`, `FECHA_ACTUAL`) VALUES (%(NIVEL_MCER)s, %(TIPO_POBLACION)s, %(ESTADO_ESTUDIANTE)s, %(ID)s, %(FECHA_ACTUAL)s)]
[parameters: [{'NIVEL_MCER': 'SIN DIAGNOSTICO', 'TIPO_POBLACION': None, 'ESTADO_ESTUDIANTE': None, 'ID': 1, 'FECHA_ACTUAL': '2025-11-01'}, {'NIVEL_MCER': 'SIN DIAGNOSTICO', 'TIPO_POBLACION': 'R', 'ESTADO_ESTUDIANTE': 'Retirado', 'ID': 2, 'FECHA_ACTUAL': '2025-11-01'}, {'NIVEL_MCER': 'SIN DIAGNOSTICO', 'TIPO_POBLACION': 'Niños', 'ESTADO_ESTUDIANTE': 'Activo', 'ID': 3, 'FECHA_ACTUAL': '2025-11-01'}, {'NIVEL_MCER': 'SIN DIAGNOSTICO', 'TIPO_POBLACION': 'Adolescentes', 'ESTADO_ESTUDIANTE': 'Activo', 'ID': 4, 'FECHA_ACTUAL': '2025-11-01'}, {'NIVEL_MCER': 'SIN DIAGNOSTICO', 'TIPO_POBLACION': 'Adolescentes', 'ESTADO_ESTUDIANTE': 'Inactivo', 'ID': 5, 'FECHA_ACTUAL': '2025-11-01'}, {'NIVEL_MCER': 'SIN DIAGNOSTICO', 'TIPO_POBLACION': 'Adolescentes ', 'ESTADO_ESTUDIANTE': 'Activo', 'ID': 6, 'FECHA_ACTUAL': '2025-11-01'}, {'NIVEL_MCER': 'SIN DIAGNOSTICO', 'TIPO_POBLACION': 'Infantil', 'ESTADO_ESTUDIANTE': 'Activo', 'ID': 7, 'FECHA_ACTUAL': '2025-11-01'}, {'NIVEL_MCER': 'SIN DIAGNOSTICO', 'TIPO_POBLACION': 'Niños', 'ESTADO_ESTUDIANTE': 'Inactivo', 'ID': 8, 'FECHA_ACTUAL': '2025-11-01'}  ... displaying 10 of 15 total bound parameter sets ...  {'NIVEL_MCER': 'SIN DIAGNOSTICO', 'TIPO_POBLACION': 'Infantil', 'ESTADO_ESTUDIANTE': 'Retirado', 'ID': 14, 'FECHA_ACTUAL': '2025-11-01'}, {'NIVEL_MCER': 'SIN DIAGNOSTICO', 'TIPO_POBLACION': 'Niños ', 'ESTADO_ESTUDIANTE': 'Activo', 'ID': 15, 'FECHA_ACTUAL': '2025-11-01'}]]
(Background on this error at: https://sqlalche.me/e/20/4xp6)
2025-11-01 11:17:10,484 - __main__ - ERROR - Fatal error during data import: (mysql.connector.errors.DatabaseError) 1265 (01000): Data truncated for column 'NIVEL_MCER' at row 1
[SQL: INSERT INTO `Nivel_MCER` (`NIVEL_MCER`, `TIPO_POBLACION`, `ESTADO_ESTUDIANTE`, `ID`, `FECHA_ACTUAL`) VALUES (%(NIVEL_MCER)s, %(TIPO_POBLACION)s, %(ESTADO_ESTUDIANTE)s, %(ID)s, %(FECHA_ACTUAL)s)]
[parameters: [{'NIVEL_MCER': 'SIN DIAGNOSTICO', 'TIPO_POBLACION': None, 'ESTADO_ESTUDIANTE': None, 'ID': 1, 'FECHA_ACTUAL': '2025-11-01'}, {'NIVEL_MCER': 'SIN DIAGNOSTICO', 'TIPO_POBLACION': 'R', 'ESTADO_ESTUDIANTE': 'Retirado', 'ID': 2, 'FECHA_ACTUAL': '2025-11-01'}, {'NIVEL_MCER': 'SIN DIAGNOSTICO', 'TIPO_POBLACION': 'Niños', 'ESTADO_ESTUDIANTE': 'Activo', 'ID': 3, 'FECHA_ACTUAL': '2025-11-01'}, {'NIVEL_MCER': 'SIN DIAGNOSTICO', 'TIPO_POBLACION': 'Adolescentes', 'ESTADO_ESTUDIANTE': 'Activo', 'ID': 4, 'FECHA_ACTUAL': '2025-11-01'}, {'NIVEL_MCER': 'SIN DIAGNOSTICO', 'TIPO_POBLACION': 'Adolescentes', 'ESTADO_ESTUDIANTE': 'Inactivo', 'ID': 5, 'FECHA_ACTUAL': '2025-11-01'}, {'NIVEL_MCER': 'SIN DIAGNOSTICO', 'TIPO_POBLACION': 'Adolescentes ', 'ESTADO_ESTUDIANTE': 'Activo', 'ID': 6, 'FECHA_ACTUAL': '2025-11-01'}, {'NIVEL_MCER': 'SIN DIAGNOSTICO', 'TIPO_POBLACION': 'Infantil', 'ESTADO_ESTUDIANTE': 'Activo', 'ID': 7, 'FECHA_ACTUAL': '2025-11-01'}, {'NIVEL_MCER': 'SIN DIAGNOSTICO', 'TIPO_POBLACION': 'Niños', 'ESTADO_ESTUDIANTE': 'Inactivo', 'ID': 8, 'FECHA_ACTUAL': '2025-11-01'}  ... displaying 10 of 15 total bound parameter sets ...  {'NIVEL_MCER': 'SIN DIAGNOSTICO', 'TIPO_POBLACION': 'Infantil', 'ESTADO_ESTUDIANTE': 'Retirado', 'ID': 14, 'FECHA_ACTUAL': '2025-11-01'}, {'NIVEL_MCER': 'SIN DIAGNOSTICO', 'TIPO_POBLACION': 'Niños ', 'ESTADO_ESTUDIANTE': 'Activo', 'ID': 15, 'FECHA_ACTUAL': '2025-11-01'}]]
(Background on this error at: https://sqlalche.me/e/20/4xp6)
2025-11-01 11:44:50,431 - __main__ - ERROR - Registros con NOMBRES2 faltante: 8
2025-11-01 11:44:50,432 - __main__ - ERROR - Registros con APELLIDOS faltante: 8
2025-11-01 11:44:50,433 - __main__ - ERROR - Registros con NUMERO_DOCUMENTO faltante: 8
2025-11-01 11:44:50,473 - __main__ - ERROR - Error inserting data into Nivel_MCER: (mysql.connector.errors.DatabaseError) 1265 (01000): Data truncated for column 'NIVEL_MCER' at row 1
[SQL: INSERT INTO `Nivel_MCER` (`NIVEL_MCER`, `TIPO_POBLACION`, `ESTADO_ESTUDIANTE`, `ID`, `FECHA_ACTUAL`) VALUES (%(NIVEL_MCER)s, %(TIPO_POBLACION)s, %(ESTADO_ESTUDIANTE)s, %(ID)s, %(FECHA_ACTUAL)s)]
[parameters: [{'NIVEL_MCER': 'SIN DIAGNOSTICO', 'TIPO_POBLACION': None, 'ESTADO_ESTUDIANTE': None, 'ID': 1, 'FECHA_ACTUAL': '2025-11-01'}, {'NIVEL_MCER': 'SIN DIAGNOSTICO', 'TIPO_POBLACION': 'R', 'ESTADO_ESTUDIANTE': 'Retirado', 'ID': 2, 'FECHA_ACTUAL': '2025-11-01'}, {'NIVEL_MCER': 'SIN DIAGNOSTICO', 'TIPO_POBLACION': 'Niños', 'ESTADO_ESTUDIANTE': 'Activo', 'ID': 3, 'FECHA_ACTUAL': '2025-11-01'}, {'NIVEL_MCER': 'SIN DIAGNOSTICO', 'TIPO_POBLACION': 'Adolescentes', 'ESTADO_ESTUDIANTE': 'Activo', 'ID': 4, 'FECHA_ACTUAL': '2025-11-01'}, {'NIVEL_MCER': 'SIN DIAGNOSTICO', 'TIPO_POBLACION': 'Adolescentes', 'ESTADO_ESTUDIANTE': 'Inactivo', 'ID': 5, 'FECHA_ACTUAL': '2025-11-01'}, {'NIVEL_MCER': 'SIN DIAGNOSTICO', 'TIPO_POBLACION': 'Adolescentes ', 'ESTADO_ESTUDIANTE': 'Activo', 'ID': 6, 'FECHA_ACTUAL': '2025-11-01'}, {'NIVEL_MCER': 'SIN DIAGNOSTICO', 'TIPO_POBLACION': 'Infantil', 'ESTADO_ESTUDIANTE': 'Activo', 'ID': 7, 'FECHA_ACTUAL': '2025-11-01'}, {'NIVEL_MCER': 'SIN DIAGNOSTICO', 'TIPO_POBLACION': 'Niños', 'ESTADO_ESTUDIANTE': 'Inactivo', 'ID': 8, 'FECHA_ACTUAL': '2025-11-01'}  ... displaying 10 of 15 total bound parameter sets ...  {'NIVEL_MCER': 'SIN DIAGNOSTICO', 'TIPO_POBLACION': 'Infantil', 'ESTADO_ESTUDIANTE': 'Retirado', 'ID': 14, 'FECHA_ACTUAL': '2025-11-01'}, {'NIVEL_MCER': 'SIN DIAGNOSTICO', 'TIPO_POBLACION': 'Niños ', 'ESTADO_ESTUDIANTE': 'Activo', 'ID': 15, 'FECHA_ACTUAL': '2025-11-01'}]]
(Background on this error at: https://sqlalche.me/e/20/4xp6)
2025-11-01 11:44:50,479 - __main__ - ERROR - Fatal error during data import: (mysql.connector.errors.DatabaseError) 1265 (01000): Data truncated for column 'NIVEL_MCER' at row 1
[SQL: INSERT INTO `Nivel_MCER` (`NIVEL_MCER`, `TIPO_POBLACION`, `ESTADO_ESTUDIANTE`, `ID`, `FECHA_ACTUAL`) VALUES (%(NIVEL_MCER)s, %(TIPO_POBLACION)s, %(ESTADO_ESTUDIANTE)s, %(ID)s, %(FECHA_ACTUAL)s)]
[parameters: [{'NIVEL_MCER': 'SIN DIAGNOSTICO', 'TIPO_POBLACION': None, 'ESTADO_ESTUDIANTE': None, 'ID': 1, 'FECHA_ACTUAL': '2025-11-01'}, {'NIVEL_MCER': 'SIN DIAGNOSTICO', 'TIPO_POBLACION': 'R', 'ESTADO_ESTUDIANTE': 'Retirado', 'ID': 2, 'FECHA_ACTUAL': '2025-11-01'}, {'NIVEL_MCER': 'SIN DIAGNOSTICO', 'TIPO_POBLACION': 'Niños', 'ESTADO_ESTUDIANTE': 'Activo', 'ID': 3, 'FECHA_ACTUAL': '2025-11-01'}, {'NIVEL_MCER': 'SIN DIAGNOSTICO', 'TIPO_POBLACION': 'Adolescentes', 'ESTADO_ESTUDIANTE': 'Activo', 'ID': 4, 'FECHA_ACTUAL': '2025-11-01'}, {'NIVEL_MCER': 'SIN DIAGNOSTICO', 'TIPO_POBLACION': 'Adolescentes', 'ESTADO_ESTUDIANTE': 'Inactivo', 'ID': 5, 'FECHA_ACTUAL': '2025-11-01'}, {'NIVEL_MCER': 'SIN DIAGNOSTICO', 'TIPO_POBLACION': 'Adolescentes ', 'ESTADO_ESTUDIANTE': 'Activo', 'ID': 6, 'FECHA_ACTUAL': '2025-11-01'}, {'NIVEL_MCER': 'SIN DIAGNOSTICO', 'TIPO_POBLACION': 'Infantil', 'ESTADO_ESTUDIANTE': 'Activo', 'ID': 7, 'FECHA_ACTUAL': '2025-11-01'}, {'NIVEL_MCER': 'SIN DIAGNOSTICO', 'TIPO_POBLACION': 'Niños', 'ESTADO_ESTUDIANTE': 'Inactivo', 'ID': 8, 'FECHA_ACTUAL': '2025-11-01'}  ... displaying 10 of 15 total bound parameter sets ...  {'NIVEL_MCER': 'SIN DIAGNOSTICO', 'TIPO_POBLACION': 'Infantil', 'ESTADO_ESTUDIANTE': 'Retirado', 'ID': 14, 'FECHA_ACTUAL': '2025-11-01'}, {'NIVEL_MCER': 'SIN DIAGNOSTICO', 'TIPO_POBLACION': 'Niños ', 'ESTADO_ESTUDIANTE': 'Activo', 'ID': 15, 'FECHA_ACTUAL': '2025-11-01'}]]
(Background on this error at: https://sqlalche.me/e/20/4xp6)
2025-11-01 11:48:49,048 - __main__ - ERROR - Registros con NOMBRES2 faltante: 8
2025-11-01 11:48:49,049 - __main__ - ERROR - Registros con APELLIDOS faltante: 8
2025-11-01 11:48:49,050 - __main__ - ERROR - Registros con NUMERO_DOCUMENTO faltante: 8
2025-11-01 11:48:49,089 - __main__ - ERROR - Error inserting data into Nivel_MCER: (mysql.connector.errors.DatabaseError) 1265 (01000): Data truncated for column 'NIVEL_MCER' at row 1
[SQL: INSERT INTO `Nivel_MCER` (`NIVEL_MCER`, `TIPO_POBLACION`, `ESTADO_ESTUDIANTE`, `ID`, `FECHA_ACTUAL`) VALUES (%(NIVEL_MCER)s, %(TIPO_POBLACION)s, %(ESTADO_ESTUDIANTE)s, %(ID)s, %(FECHA_ACTUAL)s)]
[parameters: [{'NIVEL_MCER': 'SIN DIAGNOSTICO', 'TIPO_POBLACION': None, 'ESTADO_ESTUDIANTE': None, 'ID': 1, 'FECHA_ACTUAL': '2025-11-01'}, {'NIVEL_MCER': 'SIN DIAGNOSTICO', 'TIPO_POBLACION': 'R', 'ESTADO_ESTUDIANTE': 'Retirado', 'ID': 2, 'FECHA_ACTUAL': '2025-11-01'}, {'NIVEL_MCER': 'SIN DIAGNOSTICO', 'TIPO_POBLACION': 'Niños', 'ESTADO_ESTUDIANTE': 'Activo', 'ID': 3, 'FECHA_ACTUAL': '2025-11-01'}, {'NIVEL_MCER': 'SIN DIAGNOSTICO', 'TIPO_POBLACION': 'Adolescentes', 'ESTADO_ESTUDIANTE': 'Activo', 'ID': 4, 'FECHA_ACTUAL': '2025-11-01'}, {'NIVEL_MCER': 'SIN DIAGNOSTICO', 'TIPO_POBLACION': 'Adolescentes', 'ESTADO_ESTUDIANTE': 'Inactivo', 'ID': 5, 'FECHA_ACTUAL': '2025-11-01'}, {'NIVEL_MCER': 'SIN DIAGNOSTICO', 'TIPO_POBLACION': 'Adolescentes ', 'ESTADO_ESTUDIANTE': 'Activo', 'ID': 6, 'FECHA_ACTUAL': '2025-11-01'}, {'NIVEL_MCER': 'SIN DIAGNOSTICO', 'TIPO_POBLACION': 'Infantil', 'ESTADO_ESTUDIANTE': 'Activo', 'ID': 7, 'FECHA_ACTUAL': '2025-11-01'}, {'NIVEL_MCER': 'SIN DIAGNOSTICO', 'TIPO_POBLACION': 'Niños', 'ESTADO_ESTUDIANTE': 'Inactivo', 'ID': 8, 'FECHA_ACTUAL': '2025-11-01'}  ... displaying 10 of 15 total bound parameter sets ...  {'NIVEL_MCER': 'SIN DIAGNOSTICO', 'TIPO_POBLACION': 'Infantil', 'ESTADO_ESTUDIANTE': 'Retirado', 'ID': 14, 'FECHA_ACTUAL': '2025-11-01'}, {'NIVEL_MCER': 'SIN DIAGNOSTICO', 'TIPO_POBLACION': 'Niños ', 'ESTADO_ESTUDIANTE': 'Activo', 'ID': 15, 'FECHA_ACTUAL': '2025-11-01'}]]
(Background on this error at: https://sqlalche.me/e/20/4xp6)
2025-11-01 11:48:49,095 - __main__ - ERROR - Fatal error during data import: (mysql.connector.errors.DatabaseError) 1265 (01000): Data truncated for column 'NIVEL_MCER' at row 1
[SQL: INSERT INTO `Nivel_MCER` (`NIVEL_MCER`, `TIPO_POBLACION`, `ESTADO_ESTUDIANTE`, `ID`, `FECHA_ACTUAL`) VALUES (%(NIVEL_MCER)s, %(TIPO_POBLACION)s, %(ESTADO_ESTUDIANTE)s, %(ID)s, %(FECHA_ACTUAL)s)]
[parameters: [{'NIVEL_MCER': 'SIN DIAGNOSTICO', 'TIPO_POBLACION': None, 'ESTADO_ESTUDIANTE': None, 'ID': 1, 'FECHA_ACTUAL': '2025-11-01'}, {'NIVEL_MCER': 'SIN DIAGNOSTICO', 'TIPO_POBLACION': 'R', 'ESTADO_ESTUDIANTE': 'Retirado', 'ID': 2, 'FECHA_ACTUAL': '2025-11-01'}, {'NIVEL_MCER': 'SIN DIAGNOSTICO', 'TIPO_POBLACION': 'Niños', 'ESTADO_ESTUDIANTE': 'Activo', 'ID': 3, 'FECHA_ACTUAL': '2025-11-01'}, {'NIVEL_MCER': 'SIN DIAGNOSTICO', 'TIPO_POBLACION': 'Adolescentes', 'ESTADO_ESTUDIANTE': 'Activo', 'ID': 4, 'FECHA_ACTUAL': '2025-11-01'}, {'NIVEL_MCER': 'SIN DIAGNOSTICO', 'TIPO_POBLACION': 'Adolescentes', 'ESTADO_ESTUDIANTE': 'Inactivo', 'ID': 5, 'FECHA_ACTUAL': '2025-11-01'}, {'NIVEL_MCER': 'SIN DIAGNOSTICO', 'TIPO_POBLACION': 'Adolescentes ', 'ESTADO_ESTUDIANTE': 'Activo', 'ID': 6, 'FECHA_ACTUAL': '2025-11-01'}, {'NIVEL_MCER': 'SIN DIAGNOSTICO', 'TIPO_POBLACION': 'Infantil', 'ESTADO_ESTUDIANTE': 'Activo', 'ID': 7, 'FECHA_ACTUAL': '2025-11-01'}, {'NIVEL_MCER': 'SIN DIAGNOSTICO', 'TIPO_POBLACION': 'Niños', 'ESTADO_ESTUDIANTE': 'Inactivo', 'ID': 8, 'FECHA_ACTUAL': '2025-11-01'}  ... displaying 10 of 15 total bound parameter sets ...  {'NIVEL_MCER': 'SIN DIAGNOSTICO', 'TIPO_POBLACION': 'Infantil', 'ESTADO_ESTUDIANTE': 'Retirado', 'ID': 14, 'FECHA_ACTUAL': '2025-11-01'}, {'NIVEL_MCER': 'SIN DIAGNOSTICO', 'TIPO_POBLACION': 'Niños ', 'ESTADO_ESTUDIANTE': 'Activo', 'ID': 15, 'FECHA_ACTUAL': '2025-11-01'}]]
(Background on this error at: https://sqlalche.me/e/20/4xp6)
2025-11-01 12:46:38,811 - conexion - ERROR - Error al conectar a la base de datos: (mysql.connector.errors.ProgrammingError) 1049 (42000): Unknown database 'observatorio_bilinguismo'
(Background on this error at: https://sqlalche.me/e/20/f405)
Traceback (most recent call last):
  File "D:\Proyectos Jc Code\Archivos para BD rionegro\Observatorio\env\Lib\site-packages\mysql\connector\connection_cext.py", line 354, in _open_connection
    self._cmysql.connect(**cnx_kwargs)
    ~~~~~~~~~~~~~~~~~~~~^^^^^^^^^^^^^^
_mysql_connector.MySQLInterfaceError: Unknown database 'observatorio_bilinguismo'

The above exception was the direct cause of the following exception:

Traceback (most recent call last):
  File "D:\Proyectos Jc Code\Archivos para BD rionegro\Observatorio\env\Lib\site-packages\sqlalchemy\engine\base.py", line 143, in __init__
    self._dbapi_connection = engine.raw_connection()
                             ~~~~~~~~~~~~~~~~~~~~~^^
  File "D:\Proyectos Jc Code\Archivos para BD rionegro\Observatorio\env\Lib\site-packages\sqlalchemy\engine\base.py", line 3301, in raw_connection
    return self.pool.connect()
           ~~~~~~~~~~~~~~~~~^^
  File "D:\Proyectos Jc Code\Archivos para BD rionegro\Observatorio\env\Lib\site-packages\sqlalchemy\pool\base.py", line 447, in connect
    return _ConnectionFairy._checkout(self)
           ~~~~~~~~~~~~~~~~~~~~~~~~~~^^^^^^
  File "D:\Proyectos Jc Code\Archivos para BD rionegro\Observatorio\env\Lib\site-packages\sqlalchemy\pool\base.py", line 1264, in _checkout
    fairy = _ConnectionRecord.checkout(pool)
  File "D:\Proyectos Jc Code\Archivos para BD rionegro\Observatorio\env\Lib\site-packages\sqlalchemy\pool\base.py", line 711, in checkout
    rec = pool._do_get()
  File "D:\Proyectos Jc Code\Archivos para BD rionegro\Observatorio\env\Lib\site-packages\sqlalchemy\pool\impl.py", line 177, in _do_get
    with util.safe_reraise():
         ~~~~~~~~~~~~~~~~~^^
  File "D:\Proyectos Jc Code\Archivos para BD rionegro\Observatorio\env\Lib\site-packages\sqlalchemy\util\langhelpers.py", line 224, in __exit__
    raise exc_value.with_traceback(exc_tb)
  File "D:\Proyectos Jc Code\Archivos para BD rionegro\Observatorio\env\Lib\site-packages\sqlalchemy\pool\impl.py", line 175, in _do_get
    return self._create_connection()
           ~~~~~~~~~~~~~~~~~~~~~~~^^
  File "D:\Proyectos Jc Code\Archivos para BD rionegro\Observatorio\env\Lib\site-packages\sqlalchemy\pool\base.py", line 388, in _create_connection
    return _ConnectionRecord(self)
  File "D:\Proyectos Jc Code\Archivos para BD rionegro\Observatorio\env\Lib\site-packages\sqlalchemy\pool\base.py", line 673, in __init__
    self.__connect()
    ~~~~~~~~~~~~~~^^
  File "D:\Proyectos Jc Code\Archivos para BD rionegro\Observatorio\env\Lib\site-packages\sqlalchemy\pool\base.py", line 899, in __connect
    with util.safe_reraise():
         ~~~~~~~~~~~~~~~~~^^
  File "D:\Proyectos Jc Code\Archivos para BD rionegro\Observatorio\env\Lib\site-packages\sqlalchemy\util\langhelpers.py", line 224, in __exit__
    raise exc_value.with_traceback(exc_tb)
  File "D:\Proyectos Jc Code\Archivos para BD rionegro\Observatorio\env\Lib\site-packages\sqlalchemy\pool\base.py", line 895, in __connect
    self.dbapi_connection = connection = pool._invoke_creator(self)
                                         ~~~~~~~~~~~~~~~~~~~~^^^^^^
  File "D:\Proyectos Jc Code\Archivos para BD rionegro\Observatorio\env\Lib\site-packages\sqlalchemy\engine\create.py", line 661, in connect
    return dialect.connect(*cargs, **cparams)
           ~~~~~~~~~~~~~~~^^^^^^^^^^^^^^^^^^^
  File "D:\Proyectos Jc Code\Archivos para BD rionegro\Observatorio\env\Lib\site-packages\sqlalchemy\engine\default.py", line 629, in connect
    return self.loaded_dbapi.connect(*cargs, **cparams)  # type: ignore[no-any-return]  # NOQA: E501
           ~~~~~~~~~~~~~~~~~~~~~~~~~^^^^^^^^^^^^^^^^^^^
  File "D:\Proyectos Jc Code\Archivos para BD rionegro\Observatorio\env\Lib\site-packages\mysql\connector\pooling.py", line 322, in connect
    return CMySQLConnection(*args, **kwargs)
  File "D:\Proyectos Jc Code\Archivos para BD rionegro\Observatorio\env\Lib\site-packages\mysql\connector\connection_cext.py", line 142, in __init__
    self.connect(**kwargs)
    ~~~~~~~~~~~~^^^^^^^^^^
  File "D:\Proyectos Jc Code\Archivos para BD rionegro\Observatorio\env\Lib\site-packages\mysql\connector\abstracts.py", line 1604, in connect
    self._open_connection()
    ~~~~~~~~~~~~~~~~~~~~~^^
  File "D:\Proyectos Jc Code\Archivos para BD rionegro\Observatorio\env\Lib\site-packages\mysql\connector\connection_cext.py", line 360, in _open_connection
    raise get_mysql_exception(
        err.errno, msg=err.msg, sqlstate=err.sqlstate
    ) from err
mysql.connector.errors.ProgrammingError: 1049 (42000): Unknown database 'observatorio_bilinguismo'

The above exception was the direct cause of the following exception:

Traceback (most recent call last):
  File "d:\Proyectos Jc Code\Archivos para BD rionegro\Observatorio\Base_datos\conexion.py", line 16, in <module>
    with engine.connect() as connection:
         ~~~~~~~~~~~~~~^^
  File "D:\Proyectos Jc Code\Archivos para BD rionegro\Observatorio\env\Lib\site-packages\sqlalchemy\engine\base.py", line 3277, in connect
    return self._connection_cls(self)
           ~~~~~~~~~~~~~~~~~~~~^^^^^^
  File "D:\Proyectos Jc Code\Archivos para BD rionegro\Observatorio\env\Lib\site-packages\sqlalchemy\engine\base.py", line 145, in __init__
    Connection._handle_dbapi_exception_noconnection(
    ~~~~~~~~~~~~~~~~~~~~~~~~~~~~~~~~~~~~~~~~~~~~~~~^
        err, dialect, engine
        ^^^^^^^^^^^^^^^^^^^^
    )
    ^
  File "D:\Proyectos Jc Code\Archivos para BD rionegro\Observatorio\env\Lib\site-packages\sqlalchemy\engine\base.py", line 2440, in _handle_dbapi_exception_noconnection
    raise sqlalchemy_exception.with_traceback(exc_info[2]) from e
  File "D:\Proyectos Jc Code\Archivos para BD rionegro\Observatorio\env\Lib\site-packages\sqlalchemy\engine\base.py", line 143, in __init__
    self._dbapi_connection = engine.raw_connection()
                             ~~~~~~~~~~~~~~~~~~~~~^^
  File "D:\Proyectos Jc Code\Archivos para BD rionegro\Observatorio\env\Lib\site-packages\sqlalchemy\engine\base.py", line 3301, in raw_connection
    return self.pool.connect()
           ~~~~~~~~~~~~~~~~~^^
  File "D:\Proyectos Jc Code\Archivos para BD rionegro\Observatorio\env\Lib\site-packages\sqlalchemy\pool\base.py", line 447, in connect
    return _ConnectionFairy._checkout(self)
           ~~~~~~~~~~~~~~~~~~~~~~~~~~^^^^^^
  File "D:\Proyectos Jc Code\Archivos para BD rionegro\Observatorio\env\Lib\site-packages\sqlalchemy\pool\base.py", line 1264, in _checkout
    fairy = _ConnectionRecord.checkout(pool)
  File "D:\Proyectos Jc Code\Archivos para BD rionegro\Observatorio\env\Lib\site-packages\sqlalchemy\pool\base.py", line 711, in checkout
    rec = pool._do_get()
  File "D:\Proyectos Jc Code\Archivos para BD rionegro\Observatorio\env\Lib\site-packages\sqlalchemy\pool\impl.py", line 177, in _do_get
    with util.safe_reraise():
         ~~~~~~~~~~~~~~~~~^^
  File "D:\Proyectos Jc Code\Archivos para BD rionegro\Observatorio\env\Lib\site-packages\sqlalchemy\util\langhelpers.py", line 224, in __exit__
    raise exc_value.with_traceback(exc_tb)
  File "D:\Proyectos Jc Code\Archivos para BD rionegro\Observatorio\env\Lib\site-packages\sqlalchemy\pool\impl.py", line 175, in _do_get
    return self._create_connection()
           ~~~~~~~~~~~~~~~~~~~~~~~^^
  File "D:\Proyectos Jc Code\Archivos para BD rionegro\Observatorio\env\Lib\site-packages\sqlalchemy\pool\base.py", line 388, in _create_connection
    return _ConnectionRecord(self)
  File "D:\Proyectos Jc Code\Archivos para BD rionegro\Observatorio\env\Lib\site-packages\sqlalchemy\pool\base.py", line 673, in __init__
    self.__connect()
    ~~~~~~~~~~~~~~^^
  File "D:\Proyectos Jc Code\Archivos para BD rionegro\Observatorio\env\Lib\site-packages\sqlalchemy\pool\base.py", line 899, in __connect
    with util.safe_reraise():
         ~~~~~~~~~~~~~~~~~^^
  File "D:\Proyectos Jc Code\Archivos para BD rionegro\Observatorio\env\Lib\site-packages\sqlalchemy\util\langhelpers.py", line 224, in __exit__
    raise exc_value.with_traceback(exc_tb)
  File "D:\Proyectos Jc Code\Archivos para BD rionegro\Observatorio\env\Lib\site-packages\sqlalchemy\pool\base.py", line 895, in __connect
    self.dbapi_connection = connection = pool._invoke_creator(self)
                                         ~~~~~~~~~~~~~~~~~~~~^^^^^^
  File "D:\Proyectos Jc Code\Archivos para BD rionegro\Observatorio\env\Lib\site-packages\sqlalchemy\engine\create.py", line 661, in connect
    return dialect.connect(*cargs, **cparams)
           ~~~~~~~~~~~~~~~^^^^^^^^^^^^^^^^^^^
  File "D:\Proyectos Jc Code\Archivos para BD rionegro\Observatorio\env\Lib\site-packages\sqlalchemy\engine\default.py", line 629, in connect
    return self.loaded_dbapi.connect(*cargs, **cparams)  # type: ignore[no-any-return]  # NOQA: E501
           ~~~~~~~~~~~~~~~~~~~~~~~~~^^^^^^^^^^^^^^^^^^^
  File "D:\Proyectos Jc Code\Archivos para BD rionegro\Observatorio\env\Lib\site-packages\mysql\connector\pooling.py", line 322, in connect
    return CMySQLConnection(*args, **kwargs)
  File "D:\Proyectos Jc Code\Archivos para BD rionegro\Observatorio\env\Lib\site-packages\mysql\connector\connection_cext.py", line 142, in __init__
    self.connect(**kwargs)
    ~~~~~~~~~~~~^^^^^^^^^^
  File "D:\Proyectos Jc Code\Archivos para BD rionegro\Observatorio\env\Lib\site-packages\mysql\connector\abstracts.py", line 1604, in connect
    self._open_connection()
    ~~~~~~~~~~~~~~~~~~~~~^^
  File "D:\Proyectos Jc Code\Archivos para BD rionegro\Observatorio\env\Lib\site-packages\mysql\connector\connection_cext.py", line 360, in _open_connection
    raise get_mysql_exception(
        err.errno, msg=err.msg, sqlstate=err.sqlstate
    ) from err
sqlalchemy.exc.ProgrammingError: (mysql.connector.errors.ProgrammingError) 1049 (42000): Unknown database 'observatorio_bilinguismo'
(Background on this error at: https://sqlalche.me/e/20/f405)
