2025-10-25 12:23:01,012 - conexion - INFO - Conexión exitosa a MySQL en puerto 3308
2025-10-25 12:23:02,901 - conexion - INFO - Conexión a base de datos cerrada
2025-10-25 12:23:02,965 - __main__ - INFO - Iniciando creación de tablas en la base de datos
2025-10-25 12:23:02,991 - __main__ - INFO - Tablas creadas exitosamente en observatorio_bilinguismo
2025-10-25 12:23:02,991 - __main__ - INFO - Proceso de creación de tablas finalizado
2025-10-25 12:24:08,649 - conexion - INFO - Conexión exitosa a MySQL en puerto 3308
2025-10-25 12:24:08,664 - conexion - INFO - Conexión a base de datos cerrada
2025-10-25 12:24:08,736 - __main__ - INFO - Iniciando creación de tablas en la base de datos
2025-10-25 12:24:08,764 - __main__ - INFO - Tablas creadas exitosamente en observatorio_bilinguismo
2025-10-25 12:24:08,766 - __main__ - INFO - Proceso de creación de tablas finalizado
2025-10-25 12:33:19,018 - conexion - ERROR - Error al conectar a la base de datos: (mysql.connector.errors.ProgrammingError) 1049 (42000): Unknown database 'observatorio_bilinguismo'
(Background on this error at: https://sqlalche.me/e/20/f405)
Traceback (most recent call last):
  File "D:\Proyectos Jc Code\Archivos para BD rionegro\Observatorio\env\Lib\site-packages\mysql\connector\connection_cext.py", line 354, in _open_connection
    self._cmysql.connect(**cnx_kwargs)
    ~~~~~~~~~~~~~~~~~~~~^^^^^^^^^^^^^^
_mysql_connector.MySQLInterfaceError: Unknown database 'observatorio_bilinguismo'

The above exception was the direct cause of the following exception:

Traceback (most recent call last):
  File "D:\Proyectos Jc Code\Archivos para BD rionegro\Observatorio\env\Lib\site-packages\sqlalchemy\engine\base.py", line 143, in __init__
    self._dbapi_connection = engine.raw_connection()
                             ~~~~~~~~~~~~~~~~~~~~~^^
  File "D:\Proyectos Jc Code\Archivos para BD rionegro\Observatorio\env\Lib\site-packages\sqlalchemy\engine\base.py", line 3301, in raw_connection
    return self.pool.connect()
           ~~~~~~~~~~~~~~~~~^^
  File "D:\Proyectos Jc Code\Archivos para BD rionegro\Observatorio\env\Lib\site-packages\sqlalchemy\pool\base.py", line 447, in connect
    return _ConnectionFairy._checkout(self)
           ~~~~~~~~~~~~~~~~~~~~~~~~~~^^^^^^
  File "D:\Proyectos Jc Code\Archivos para BD rionegro\Observatorio\env\Lib\site-packages\sqlalchemy\pool\base.py", line 1264, in _checkout
    fairy = _ConnectionRecord.checkout(pool)
  File "D:\Proyectos Jc Code\Archivos para BD rionegro\Observatorio\env\Lib\site-packages\sqlalchemy\pool\base.py", line 711, in checkout
    rec = pool._do_get()
  File "D:\Proyectos Jc Code\Archivos para BD rionegro\Observatorio\env\Lib\site-packages\sqlalchemy\pool\impl.py", line 177, in _do_get
    with util.safe_reraise():
         ~~~~~~~~~~~~~~~~~^^
  File "D:\Proyectos Jc Code\Archivos para BD rionegro\Observatorio\env\Lib\site-packages\sqlalchemy\util\langhelpers.py", line 224, in __exit__
    raise exc_value.with_traceback(exc_tb)
  File "D:\Proyectos Jc Code\Archivos para BD rionegro\Observatorio\env\Lib\site-packages\sqlalchemy\pool\impl.py", line 175, in _do_get
    return self._create_connection()
           ~~~~~~~~~~~~~~~~~~~~~~~^^
  File "D:\Proyectos Jc Code\Archivos para BD rionegro\Observatorio\env\Lib\site-packages\sqlalchemy\pool\base.py", line 388, in _create_connection
    return _ConnectionRecord(self)
  File "D:\Proyectos Jc Code\Archivos para BD rionegro\Observatorio\env\Lib\site-packages\sqlalchemy\pool\base.py", line 673, in __init__
    self.__connect()
    ~~~~~~~~~~~~~~^^
  File "D:\Proyectos Jc Code\Archivos para BD rionegro\Observatorio\env\Lib\site-packages\sqlalchemy\pool\base.py", line 899, in __connect
    with util.safe_reraise():
         ~~~~~~~~~~~~~~~~~^^
  File "D:\Proyectos Jc Code\Archivos para BD rionegro\Observatorio\env\Lib\site-packages\sqlalchemy\util\langhelpers.py", line 224, in __exit__
    raise exc_value.with_traceback(exc_tb)
  File "D:\Proyectos Jc Code\Archivos para BD rionegro\Observatorio\env\Lib\site-packages\sqlalchemy\pool\base.py", line 895, in __connect
    self.dbapi_connection = connection = pool._invoke_creator(self)
                                         ~~~~~~~~~~~~~~~~~~~~^^^^^^
  File "D:\Proyectos Jc Code\Archivos para BD rionegro\Observatorio\env\Lib\site-packages\sqlalchemy\engine\create.py", line 661, in connect
    return dialect.connect(*cargs, **cparams)
           ~~~~~~~~~~~~~~~^^^^^^^^^^^^^^^^^^^
  File "D:\Proyectos Jc Code\Archivos para BD rionegro\Observatorio\env\Lib\site-packages\sqlalchemy\engine\default.py", line 629, in connect
    return self.loaded_dbapi.connect(*cargs, **cparams)  # type: ignore[no-any-return]  # NOQA: E501
           ~~~~~~~~~~~~~~~~~~~~~~~~~^^^^^^^^^^^^^^^^^^^
  File "D:\Proyectos Jc Code\Archivos para BD rionegro\Observatorio\env\Lib\site-packages\mysql\connector\pooling.py", line 322, in connect
    return CMySQLConnection(*args, **kwargs)
  File "D:\Proyectos Jc Code\Archivos para BD rionegro\Observatorio\env\Lib\site-packages\mysql\connector\connection_cext.py", line 142, in __init__
    self.connect(**kwargs)
    ~~~~~~~~~~~~^^^^^^^^^^
  File "D:\Proyectos Jc Code\Archivos para BD rionegro\Observatorio\env\Lib\site-packages\mysql\connector\abstracts.py", line 1604, in connect
    self._open_connection()
    ~~~~~~~~~~~~~~~~~~~~~^^
  File "D:\Proyectos Jc Code\Archivos para BD rionegro\Observatorio\env\Lib\site-packages\mysql\connector\connection_cext.py", line 360, in _open_connection
    raise get_mysql_exception(
        err.errno, msg=err.msg, sqlstate=err.sqlstate
    ) from err
mysql.connector.errors.ProgrammingError: 1049 (42000): Unknown database 'observatorio_bilinguismo'

The above exception was the direct cause of the following exception:

Traceback (most recent call last):
  File "D:\Proyectos Jc Code\Archivos para BD rionegro\Observatorio\Base_datos\conexion.py", line 16, in <module>
    with engine.connect() as connection:
         ~~~~~~~~~~~~~~^^
  File "D:\Proyectos Jc Code\Archivos para BD rionegro\Observatorio\env\Lib\site-packages\sqlalchemy\engine\base.py", line 3277, in connect
    return self._connection_cls(self)
           ~~~~~~~~~~~~~~~~~~~~^^^^^^
  File "D:\Proyectos Jc Code\Archivos para BD rionegro\Observatorio\env\Lib\site-packages\sqlalchemy\engine\base.py", line 145, in __init__
    Connection._handle_dbapi_exception_noconnection(
    ~~~~~~~~~~~~~~~~~~~~~~~~~~~~~~~~~~~~~~~~~~~~~~~^
        err, dialect, engine
        ^^^^^^^^^^^^^^^^^^^^
    )
    ^
  File "D:\Proyectos Jc Code\Archivos para BD rionegro\Observatorio\env\Lib\site-packages\sqlalchemy\engine\base.py", line 2440, in _handle_dbapi_exception_noconnection
    raise sqlalchemy_exception.with_traceback(exc_info[2]) from e
  File "D:\Proyectos Jc Code\Archivos para BD rionegro\Observatorio\env\Lib\site-packages\sqlalchemy\engine\base.py", line 143, in __init__
    self._dbapi_connection = engine.raw_connection()
                             ~~~~~~~~~~~~~~~~~~~~~^^
  File "D:\Proyectos Jc Code\Archivos para BD rionegro\Observatorio\env\Lib\site-packages\sqlalchemy\engine\base.py", line 3301, in raw_connection
    return self.pool.connect()
           ~~~~~~~~~~~~~~~~~^^
  File "D:\Proyectos Jc Code\Archivos para BD rionegro\Observatorio\env\Lib\site-packages\sqlalchemy\pool\base.py", line 447, in connect
    return _ConnectionFairy._checkout(self)
           ~~~~~~~~~~~~~~~~~~~~~~~~~~^^^^^^
  File "D:\Proyectos Jc Code\Archivos para BD rionegro\Observatorio\env\Lib\site-packages\sqlalchemy\pool\base.py", line 1264, in _checkout
    fairy = _ConnectionRecord.checkout(pool)
  File "D:\Proyectos Jc Code\Archivos para BD rionegro\Observatorio\env\Lib\site-packages\sqlalchemy\pool\base.py", line 711, in checkout
    rec = pool._do_get()
  File "D:\Proyectos Jc Code\Archivos para BD rionegro\Observatorio\env\Lib\site-packages\sqlalchemy\pool\impl.py", line 177, in _do_get
    with util.safe_reraise():
         ~~~~~~~~~~~~~~~~~^^
  File "D:\Proyectos Jc Code\Archivos para BD rionegro\Observatorio\env\Lib\site-packages\sqlalchemy\util\langhelpers.py", line 224, in __exit__
    raise exc_value.with_traceback(exc_tb)
  File "D:\Proyectos Jc Code\Archivos para BD rionegro\Observatorio\env\Lib\site-packages\sqlalchemy\pool\impl.py", line 175, in _do_get
    return self._create_connection()
           ~~~~~~~~~~~~~~~~~~~~~~~^^
  File "D:\Proyectos Jc Code\Archivos para BD rionegro\Observatorio\env\Lib\site-packages\sqlalchemy\pool\base.py", line 388, in _create_connection
    return _ConnectionRecord(self)
  File "D:\Proyectos Jc Code\Archivos para BD rionegro\Observatorio\env\Lib\site-packages\sqlalchemy\pool\base.py", line 673, in __init__
    self.__connect()
    ~~~~~~~~~~~~~~^^
  File "D:\Proyectos Jc Code\Archivos para BD rionegro\Observatorio\env\Lib\site-packages\sqlalchemy\pool\base.py", line 899, in __connect
    with util.safe_reraise():
         ~~~~~~~~~~~~~~~~~^^
  File "D:\Proyectos Jc Code\Archivos para BD rionegro\Observatorio\env\Lib\site-packages\sqlalchemy\util\langhelpers.py", line 224, in __exit__
    raise exc_value.with_traceback(exc_tb)
  File "D:\Proyectos Jc Code\Archivos para BD rionegro\Observatorio\env\Lib\site-packages\sqlalchemy\pool\base.py", line 895, in __connect
    self.dbapi_connection = connection = pool._invoke_creator(self)
                                         ~~~~~~~~~~~~~~~~~~~~^^^^^^
  File "D:\Proyectos Jc Code\Archivos para BD rionegro\Observatorio\env\Lib\site-packages\sqlalchemy\engine\create.py", line 661, in connect
    return dialect.connect(*cargs, **cparams)
           ~~~~~~~~~~~~~~~^^^^^^^^^^^^^^^^^^^
  File "D:\Proyectos Jc Code\Archivos para BD rionegro\Observatorio\env\Lib\site-packages\sqlalchemy\engine\default.py", line 629, in connect
    return self.loaded_dbapi.connect(*cargs, **cparams)  # type: ignore[no-any-return]  # NOQA: E501
           ~~~~~~~~~~~~~~~~~~~~~~~~~^^^^^^^^^^^^^^^^^^^
  File "D:\Proyectos Jc Code\Archivos para BD rionegro\Observatorio\env\Lib\site-packages\mysql\connector\pooling.py", line 322, in connect
    return CMySQLConnection(*args, **kwargs)
  File "D:\Proyectos Jc Code\Archivos para BD rionegro\Observatorio\env\Lib\site-packages\mysql\connector\connection_cext.py", line 142, in __init__
    self.connect(**kwargs)
    ~~~~~~~~~~~~^^^^^^^^^^
  File "D:\Proyectos Jc Code\Archivos para BD rionegro\Observatorio\env\Lib\site-packages\mysql\connector\abstracts.py", line 1604, in connect
    self._open_connection()
    ~~~~~~~~~~~~~~~~~~~~~^^
  File "D:\Proyectos Jc Code\Archivos para BD rionegro\Observatorio\env\Lib\site-packages\mysql\connector\connection_cext.py", line 360, in _open_connection
    raise get_mysql_exception(
        err.errno, msg=err.msg, sqlstate=err.sqlstate
    ) from err
sqlalchemy.exc.ProgrammingError: (mysql.connector.errors.ProgrammingError) 1049 (42000): Unknown database 'observatorio_bilinguismo'
(Background on this error at: https://sqlalche.me/e/20/f405)
2025-10-25 12:33:19,044 - conexion - INFO - Conexión a base de datos cerrada
2025-10-25 12:33:50,931 - conexion - INFO - Conexión exitosa a MySQL en puerto 3308
2025-10-25 12:33:50,956 - conexion - INFO - Conexión a base de datos cerrada
2025-10-25 12:33:51,066 - __main__ - INFO - Iniciando creación de tablas en la base de datos
2025-10-25 12:33:51,389 - __main__ - INFO - Tablas creadas exitosamente en observatorio_bilinguismo
2025-10-25 12:33:51,391 - __main__ - INFO - Proceso de creación de tablas finalizado
2025-10-25 17:48:37,241 - conexion - INFO - Conexión exitosa a MySQL en puerto 3308
2025-10-25 17:48:37,258 - conexion - INFO - Conexión a base de datos cerrada
2025-10-25 17:48:38,465 - __main__ - INFO - Iniciando creación de tablas en la base de datos
2025-10-25 17:48:38,769 - __main__ - INFO - Tablas creadas exitosamente en observatorio_bilinguismo
2025-10-25 17:48:38,770 - __main__ - INFO - Proceso de creación de tablas finalizado
2025-10-25 17:49:10,041 - Base_datos.conexion - INFO - Conexión exitosa a MySQL en puerto 3308
2025-10-25 17:49:10,062 - Base_datos.conexion - INFO - Conexión a base de datos cerrada
2025-10-25 17:51:02,021 - Base_datos.conexion - INFO - Conexión exitosa a MySQL en puerto 3308
2025-10-25 17:51:02,049 - Base_datos.conexion - INFO - Conexión a base de datos cerrada
2025-10-25 17:53:42,942 - Base_datos.conexion - INFO - Conexión exitosa a MySQL en puerto 3308
2025-10-25 17:53:42,966 - Base_datos.conexion - INFO - Conexión a base de datos cerrada
2025-10-25 17:56:11,148 - Base_datos.conexion - INFO - Conexión exitosa a MySQL en puerto 3308
2025-10-25 17:56:11,170 - Base_datos.conexion - INFO - Conexión a base de datos cerrada
2025-10-25 17:58:20,669 - Base_datos.conexion - INFO - Conexión exitosa a MySQL en puerto 3308
2025-10-25 17:58:20,694 - Base_datos.conexion - INFO - Conexión a base de datos cerrada
2025-10-25 18:01:29,401 - Base_datos.conexion - INFO - Conexión exitosa a MySQL en puerto 3308
2025-10-25 18:01:29,436 - Base_datos.conexion - INFO - Conexión a base de datos cerrada
2025-10-25 18:08:07,961 - Base_datos.conexion - INFO - Conexión exitosa a MySQL en puerto 3308
2025-10-25 18:08:07,985 - Base_datos.conexion - INFO - Conexión a base de datos cerrada
2025-10-25 18:44:32,803 - conexion - INFO - Conexión exitosa a MySQL en puerto 3308
2025-10-25 18:44:32,825 - conexion - INFO - Conexión a base de datos cerrada
2025-10-25 18:44:32,956 - __main__ - INFO - Iniciando creación de tablas en la base de datos
2025-10-25 18:44:33,289 - __main__ - INFO - Tablas creadas exitosamente en observatorio_bilinguismo
2025-10-25 18:44:33,290 - __main__ - INFO - Proceso de creación de tablas finalizado
2025-10-25 18:44:39,737 - Base_datos.conexion - INFO - Conexión exitosa a MySQL en puerto 3308
2025-10-25 18:44:39,760 - Base_datos.conexion - INFO - Conexión a base de datos cerrada
2025-10-25 18:51:17,934 - Base_datos.conexion - INFO - Conexión exitosa a MySQL en puerto 3308
2025-10-25 18:51:17,967 - Base_datos.conexion - INFO - Conexión a base de datos cerrada
2025-10-25 18:54:32,917 - Base_datos.conexion - INFO - Conexión exitosa a MySQL en puerto 3308
2025-10-25 18:54:32,942 - Base_datos.conexion - INFO - Conexión a base de datos cerrada
2025-10-25 18:54:32,966 - __main__ - INFO - Loading data from d:\Proyectos Jc Code\Archivos para BD rionegro\Observatorio\CSVs\data_2025.csv
2025-10-25 18:54:33,012 - __main__ - INFO - Processing reference tables...
2025-10-25 18:54:33,021 - __main__ - ERROR - Fatal error during data import: nan
2025-10-25 18:55:55,086 - Base_datos.conexion - INFO - Conexión exitosa a MySQL en puerto 3308
2025-10-25 18:55:55,105 - Base_datos.conexion - INFO - Conexión a base de datos cerrada
2025-10-25 18:55:55,124 - __main__ - INFO - Loading data from d:\Proyectos Jc Code\Archivos para BD rionegro\Observatorio\CSVs\data_2025.csv
2025-10-25 18:55:55,167 - __main__ - INFO - Processing reference tables...
2025-10-25 18:55:55,180 - __main__ - INFO - Processing main tables...
2025-10-25 18:55:55,188 - __main__ - WARNING - Documentos inválidos encontrados: [nan, '1.036.938.903', nan, nan, nan, nan, nan, nan, nan]
2025-10-25 18:55:55,218 - __main__ - WARNING - Fechas de nacimiento inválidas encontradas: [nan, 'PENDIENTE', 'PENDIENTE', 'PENDIENTE', 'PENDIENTE', 'PENDIENTE', 'PENDIENTE', 'PENDIENTE', 'PENDIENTE', 'PENDIENTE', 'PENDIENTE', 'PENDIENTE', 'PENDIENTE', 'PENDIENTE', 'PENDIENTE', 'PENDIENTE', 'PENDIENTE', 'PENDIENTE', 'PENDIENTE', 'PENDIENTE', 'PENDIENTE', 'PENDIENTE', 'PENDIENTE', 'PENDIENTE', 'PENDIENTE', 'PENDIENTE', 'PENDIENTE', 'PENDIENTE', 'PENDIENTE', 'PENDIENTE', 'PENDIENTE', 'PENDIENTE', 'PENDIENTE', 'PENDIENTE', 'PENDIENTE', 'PENDIENTE', 'PENDIENTE', 'PENDIENTE', 'PENDIENTE', 'PENDIENTE', 'PENDIENTE', 'PENDIENTE', 'PENDIENTE', 'PENDIENTE', 'PENDIENTE', 'PENDIENTE', 'PENDIENTE', 'PENDIENTE', 'PENDIENTE', 'PENDIENTE', 'PENDIENTE', 'PENDIENTE', 'PENDIENTE', 'PENDIENTE', 'PENDIENTE', 'PENDIENTE', 'PENDIENTE', nan, nan, nan, nan, nan, nan, nan]
2025-10-25 18:55:55,219 - __main__ - ERROR - Registros con NOMBRES2 faltante: 8
2025-10-25 18:55:55,221 - __main__ - ERROR - Registros con APELLIDOS faltante: 8
2025-10-25 18:55:55,223 - __main__ - ERROR - Registros con NÚMERO DE IDENTIFICACIÓN faltante: 8
2025-10-25 18:55:55,234 - __main__ - WARNING - Correos electrónicos inválidos encontrados: [nan, 'no tiene', 'solmilena 1234@gmail.com', nan, 'lissac1989gmail.com', 'laura.c1020@outlook. es', 'x.londoñodelgado@gmail.com', 'pendiente', 'no tiene', 'wilderberriozapatagmail.com', nan, '1095180757', nan, 'pendiente', 'pendiente', 'ruamuñozsofia@gmail.com', nan, nan, nan, nan, nan, nan, nan]
2025-10-25 18:55:55,239 - __main__ - WARNING - Teléfonos inválidos en TELÉFONO 1: ['', '', '', '', '', '', '', '', '', '', '', '', '']
2025-10-25 18:55:55,243 - __main__ - WARNING - Teléfonos inválidos en TELÉFONO 2: ['', '', '', '', '', '', '', '', '', '', '', '', '', '', '', '', '', '', '', '', '', '', '0', '', '', '', '', '', '', '', '', '', '', '', '', '', '', '', '', '', '', '', '', '', '', '', '', '', '', '', '', '', '', '', '', '', '', '', '', '', '', '', '', '', '', '', '', '', '', '', '', '', '', '', '', '', '', '', '', '', '', '', '', '', '', '', '', '', '', '', '', '', '', '', '', '', '', '', '', '', '', '', '', '', '', '', '', '', '', '', '', '', '', '', '', '', '', '0', '', '', '', '', '', '', '', '', '', '', '', '', '', '', '', '', '', '', '', '', '', '', '', '', '', '', '', '', '', '', '', '', '', '', '', '', '', '', '', '', '', '', '', '', '', '', '', '', '', '', '', '', '', '', '', '', '', '', '', '', '', '', '', '', '', '', '', '', '', '', '', '', '', '', '', '', '', '', '', '', '', '', '', '', '', '', '', '', '', '', '', '', '', '', '', '', '', '', '', '', '', '', '', '', '', '', '', '', '', '', '', '', '', '', '', '', '', '', '', '', '', '', '', '', '', '', '', '', '', '', '', '', '', '', '', '', '', '', '']
2025-10-25 18:55:55,266 - __main__ - INFO - Inserting data into database...
2025-10-25 18:55:55,327 - __main__ - INFO - Successfully inserted 11 rows into Tipo_documentos
2025-10-25 18:55:55,369 - __main__ - ERROR - Error inserting data into Nivel_MCER: (mysql.connector.errors.InterfaceError) Failed executing the operation; Python type NivelMCERType cannot be converted
[SQL: INSERT INTO `Nivel_MCER` (`NIVEL_MCER`, `POBLACIÓN`, `ESTADO ETAPA 2`, `FECHA ACTUAL`, `ID`) VALUES (%(NIVEL_MCER)s, %(POBLACIÓN)s, %(ESTADO_ETAPA_2)s, %(FECHA_ACTUAL)s, %(ID)s)]
[parameters: [{'NIVEL_MCER': <NivelMCERType.SIN_DIAGNOSTICO: 'SIN DIAGNOSTICO'>, 'POBLACIÓN': None, 'ESTADO_ETAPA_2': None, 'FECHA_ACTUAL': None, 'ID': 1}, {'NIVEL_MCER': <NivelMCERType.SIN_DIAGNOSTICO: 'SIN DIAGNOSTICO'>, 'POBLACIÓN': 'R', 'ESTADO_ETAPA_2': 'Aprobado', 'FECHA_ACTUAL': '25/10/2025', 'ID': 2}, {'NIVEL_MCER': <NivelMCERType.SIN_DIAGNOSTICO: 'SIN DIAGNOSTICO'>, 'POBLACIÓN': 'Niños', 'ESTADO_ETAPA_2': '2025', 'FECHA_ACTUAL': '25/10/2025', 'ID': 3}, {'NIVEL_MCER': <NivelMCERType.SIN_DIAGNOSTICO: 'SIN DIAGNOSTICO'>, 'POBLACIÓN': 'Adolescentes', 'ESTADO_ETAPA_2': 'Aprobado', 'FECHA_ACTUAL': '25/10/2025', 'ID': 4}, {'NIVEL_MCER': <NivelMCERType.SIN_DIAGNOSTICO: 'SIN DIAGNOSTICO'>, 'POBLACIÓN': 'Adolescentes', 'ESTADO_ETAPA_2': '2025', 'FECHA_ACTUAL': '25/10/2025', 'ID': 5}, {'NIVEL_MCER': <NivelMCERType.SIN_DIAGNOSTICO: 'SIN DIAGNOSTICO'>, 'POBLACIÓN': 'Adolescentes ', 'ESTADO_ETAPA_2': '2025', 'FECHA_ACTUAL': '25/10/2025', 'ID': 6}, {'NIVEL_MCER': <NivelMCERType.SIN_DIAGNOSTICO: 'SIN DIAGNOSTICO'>, 'POBLACIÓN': 'Infantil', 'ESTADO_ETAPA_2': '2025', 'FECHA_ACTUAL': '25/10/2025', 'ID': 7}, {'NIVEL_MCER': <NivelMCERType.SIN_DIAGNOSTICO: 'SIN DIAGNOSTICO'>, 'POBLACIÓN': 'Niños', 'ESTADO_ETAPA_2': 'Aprobado', 'FECHA_ACTUAL': '25/10/2025', 'ID': 8}  ... displaying 10 of 16 total bound parameter sets ...  {'NIVEL_MCER': <NivelMCERType.SIN_DIAGNOSTICO: 'SIN DIAGNOSTICO'>, 'POBLACIÓN': 'R', 'ESTADO_ETAPA_2': None, 'FECHA_ACTUAL': '25/10/2025', 'ID': 15}, {'NIVEL_MCER': <NivelMCERType.SIN_DIAGNOSTICO: 'SIN DIAGNOSTICO'>, 'POBLACIÓN': None, 'ESTADO_ETAPA_2': None, 'FECHA_ACTUAL': None, 'ID': 16}]]
(Background on this error at: https://sqlalche.me/e/20/rvf5)
2025-10-25 18:55:55,371 - __main__ - ERROR - Fatal error during data import: (mysql.connector.errors.InterfaceError) Failed executing the operation; Python type NivelMCERType cannot be converted
[SQL: INSERT INTO `Nivel_MCER` (`NIVEL_MCER`, `POBLACIÓN`, `ESTADO ETAPA 2`, `FECHA ACTUAL`, `ID`) VALUES (%(NIVEL_MCER)s, %(POBLACIÓN)s, %(ESTADO_ETAPA_2)s, %(FECHA_ACTUAL)s, %(ID)s)]
[parameters: [{'NIVEL_MCER': <NivelMCERType.SIN_DIAGNOSTICO: 'SIN DIAGNOSTICO'>, 'POBLACIÓN': None, 'ESTADO_ETAPA_2': None, 'FECHA_ACTUAL': None, 'ID': 1}, {'NIVEL_MCER': <NivelMCERType.SIN_DIAGNOSTICO: 'SIN DIAGNOSTICO'>, 'POBLACIÓN': 'R', 'ESTADO_ETAPA_2': 'Aprobado', 'FECHA_ACTUAL': '25/10/2025', 'ID': 2}, {'NIVEL_MCER': <NivelMCERType.SIN_DIAGNOSTICO: 'SIN DIAGNOSTICO'>, 'POBLACIÓN': 'Niños', 'ESTADO_ETAPA_2': '2025', 'FECHA_ACTUAL': '25/10/2025', 'ID': 3}, {'NIVEL_MCER': <NivelMCERType.SIN_DIAGNOSTICO: 'SIN DIAGNOSTICO'>, 'POBLACIÓN': 'Adolescentes', 'ESTADO_ETAPA_2': 'Aprobado', 'FECHA_ACTUAL': '25/10/2025', 'ID': 4}, {'NIVEL_MCER': <NivelMCERType.SIN_DIAGNOSTICO: 'SIN DIAGNOSTICO'>, 'POBLACIÓN': 'Adolescentes', 'ESTADO_ETAPA_2': '2025', 'FECHA_ACTUAL': '25/10/2025', 'ID': 5}, {'NIVEL_MCER': <NivelMCERType.SIN_DIAGNOSTICO: 'SIN DIAGNOSTICO'>, 'POBLACIÓN': 'Adolescentes ', 'ESTADO_ETAPA_2': '2025', 'FECHA_ACTUAL': '25/10/2025', 'ID': 6}, {'NIVEL_MCER': <NivelMCERType.SIN_DIAGNOSTICO: 'SIN DIAGNOSTICO'>, 'POBLACIÓN': 'Infantil', 'ESTADO_ETAPA_2': '2025', 'FECHA_ACTUAL': '25/10/2025', 'ID': 7}, {'NIVEL_MCER': <NivelMCERType.SIN_DIAGNOSTICO: 'SIN DIAGNOSTICO'>, 'POBLACIÓN': 'Niños', 'ESTADO_ETAPA_2': 'Aprobado', 'FECHA_ACTUAL': '25/10/2025', 'ID': 8}  ... displaying 10 of 16 total bound parameter sets ...  {'NIVEL_MCER': <NivelMCERType.SIN_DIAGNOSTICO: 'SIN DIAGNOSTICO'>, 'POBLACIÓN': 'R', 'ESTADO_ETAPA_2': None, 'FECHA_ACTUAL': '25/10/2025', 'ID': 15}, {'NIVEL_MCER': <NivelMCERType.SIN_DIAGNOSTICO: 'SIN DIAGNOSTICO'>, 'POBLACIÓN': None, 'ESTADO_ETAPA_2': None, 'FECHA_ACTUAL': None, 'ID': 16}]]
(Background on this error at: https://sqlalche.me/e/20/rvf5)
2025-10-25 18:59:03,980 - Base_datos.conexion - INFO - Conexión exitosa a MySQL en puerto 3308
2025-10-25 18:59:04,002 - Base_datos.conexion - INFO - Conexión a base de datos cerrada
2025-10-25 18:59:04,021 - __main__ - INFO - Loading data from d:\Proyectos Jc Code\Archivos para BD rionegro\Observatorio\CSVs\data_2025.csv
2025-10-25 18:59:04,062 - __main__ - INFO - Processing reference tables...
2025-10-25 18:59:04,071 - __main__ - ERROR - Fatal error during data import: 'FECHA_ACTUAL'
2025-10-25 19:00:29,753 - Base_datos.conexion - INFO - Conexión exitosa a MySQL en puerto 3308
2025-10-25 19:00:29,779 - Base_datos.conexion - INFO - Conexión a base de datos cerrada
2025-10-25 19:00:29,800 - __main__ - INFO - Loading data from d:\Proyectos Jc Code\Archivos para BD rionegro\Observatorio\CSVs\data_2025.csv
2025-10-25 19:00:29,840 - __main__ - INFO - Processing reference tables...
2025-10-25 19:00:29,843 - __main__ - INFO - Columnas disponibles en el DataFrame: ['CODIGO SEDE-POBL-NIVEL-DOC', '#', 'TIPO DE IDENTIFICACIÓN', 'LUGAR DE EXPEDICIÓN', 'NÚMERO DE IDENTIFICACIÓN', 'NOMBRES2', 'APELLIDOS', 'TELÉFONO 1', 'TELÉFONO 2', '1', '2', '3', '4', '5', '6', '7', '8', '9', '10', 'FECHA DE NACIMIENTO', 'EDAD', 'CORREO ELECTRÓNICO', 'MUNICIPIO', 'DIRECCIÓN', 'NOMBRE DEL ACUDIENTE', 'TIPO DE DOCUMENTO', 'NÚMERO DE DOCUMENTO', 'PARENTESCO', 'Institución Educativa 2023', 'Sede I.E.', 'Grado 2023', 'Población 2023', 'Sede Nodal 2023', 'Sede Nodal 2023.1', 'Población 2023.1', 'Nivel 2023-ETAPA 2', 'ESTADO ETAPA 2', 'CERTIFICADO', 'INSTITUCIÓN EDUCATIVA 2025', 'SEDE 2025', 'COLEGIO ABREVIADO PARA LISTADOS', 'GRADO 2025', 'SEDE NODAL 2025', 'POBLACIÓN', 'NIVEL ETAPA 1 - 2025', 'NIVEL ETAPA 2 - 2025', 'JORNADA ETAPA 2025', 'DOCENTE - 2025', 'GRUPO - 2025', 'CATEGORÍA', 'ESTADO DEL ESTUDIANTE 2025', 'ESTADO MATRÍCULA 2025', '19-jul', '26-jul', '28-jul', '29-jul', '30-jul', '31-jul', '02-ago', '04-ago', '05-ago', '09-ago', '11-ago', '12-ago', '13-ago', '14-ago', '16-ago', '19-ago', '20-ago', '21-ago', '23-ago', '25-ago', '26-ago', '27-ago', '28-ago', '30-ago', '01-sep', '02-sep', '03-sep', '04-sep', '06-sep', '08-sep', '09-sep', '10-sep', '11-sep', '13-sep', '15-sep', '16-sep', 'ESTADO FINAL ETAPA 1', 'ENTREGA CONSENTIMIENTO INFORMADO', 'ENTREGA COPIA DE DOCUMENTO DE IDENTIFICACIÓN', '17-sep', '18-sep', '20-sep', '22-sep', '23-sep', '24-sep', '25-sep', '27-sep', '29-sep', '30-sep', '01-oct', '02-oct', '04-oct', '14-oct', '14-oct.1', '15-oct', '16-oct', '18-oct', '20-oct', '21-oct', '22-oct', '23-oct', '25-oct', '27-oct', '28-oct', '29-oct', '30-oct', '01-nov', '04-nov', '05-nov', '06-nov', '08-nov', '10-nov', '11-nov', '12-nov', '13-nov', '15-nov', '22-nov', 'ESTADO ETAPA 2.1', 'CERTIFICADO 2025', 'OBSERVACIONES LLAMADA 1', 'OBSERVACIONES LLAMADA 2', 'LLAMADAS', 'OBSERVACIONES', 'OBSERVACIONES LLAMADAS DE SEGUIMIENTO', 'OBSERVACION A DOCUMENTO', 'SEXO', 'FECHA ACTUAL', 'TIPO POBLACION', 'NIVEL_MCER', 'ENTIDAD', 'NOMBRE CURSO', 'IDIOMA', 'FECHA INICIAL', 'FECHA FINAL']
2025-10-25 19:00:31,754 - __main__ - INFO - Processing main tables...
2025-10-25 19:00:31,756 - __main__ - INFO - Preparando datos de Personas...
2025-10-25 19:00:31,758 - __main__ - ERROR - Error durante la limpieza de datos de Personas: 'NÚMERO DE IDENTIFICACIÓN'
2025-10-25 19:00:31,758 - __main__ - ERROR - Fatal error during data import: 'NÚMERO DE IDENTIFICACIÓN'
2025-10-25 19:01:47,454 - Base_datos.conexion - INFO - Conexión exitosa a MySQL en puerto 3308
2025-10-25 19:01:47,479 - Base_datos.conexion - INFO - Conexión a base de datos cerrada
2025-10-25 19:01:47,501 - __main__ - INFO - Loading data from d:\Proyectos Jc Code\Archivos para BD rionegro\Observatorio\CSVs\data_2025.csv
2025-10-25 19:01:47,544 - __main__ - INFO - Processing reference tables...
2025-10-25 19:01:47,547 - __main__ - INFO - Columnas disponibles en el DataFrame: ['CODIGO SEDE-POBL-NIVEL-DOC', '#', 'TIPO DE IDENTIFICACIÓN', 'LUGAR DE EXPEDICIÓN', 'NÚMERO DE IDENTIFICACIÓN', 'NOMBRES2', 'APELLIDOS', 'TELÉFONO 1', 'TELÉFONO 2', '1', '2', '3', '4', '5', '6', '7', '8', '9', '10', 'FECHA DE NACIMIENTO', 'EDAD', 'CORREO ELECTRÓNICO', 'MUNICIPIO', 'DIRECCIÓN', 'NOMBRE DEL ACUDIENTE', 'TIPO DE DOCUMENTO', 'NÚMERO DE DOCUMENTO', 'PARENTESCO', 'Institución Educativa 2023', 'Sede I.E.', 'Grado 2023', 'Población 2023', 'Sede Nodal 2023', 'Sede Nodal 2023.1', 'Población 2023.1', 'Nivel 2023-ETAPA 2', 'ESTADO ETAPA 2', 'CERTIFICADO', 'INSTITUCIÓN EDUCATIVA 2025', 'SEDE 2025', 'COLEGIO ABREVIADO PARA LISTADOS', 'GRADO 2025', 'SEDE NODAL 2025', 'POBLACIÓN', 'NIVEL ETAPA 1 - 2025', 'NIVEL ETAPA 2 - 2025', 'JORNADA ETAPA 2025', 'DOCENTE - 2025', 'GRUPO - 2025', 'CATEGORÍA', 'ESTADO DEL ESTUDIANTE 2025', 'ESTADO MATRÍCULA 2025', '19-jul', '26-jul', '28-jul', '29-jul', '30-jul', '31-jul', '02-ago', '04-ago', '05-ago', '09-ago', '11-ago', '12-ago', '13-ago', '14-ago', '16-ago', '19-ago', '20-ago', '21-ago', '23-ago', '25-ago', '26-ago', '27-ago', '28-ago', '30-ago', '01-sep', '02-sep', '03-sep', '04-sep', '06-sep', '08-sep', '09-sep', '10-sep', '11-sep', '13-sep', '15-sep', '16-sep', 'ESTADO FINAL ETAPA 1', 'ENTREGA CONSENTIMIENTO INFORMADO', 'ENTREGA COPIA DE DOCUMENTO DE IDENTIFICACIÓN', '17-sep', '18-sep', '20-sep', '22-sep', '23-sep', '24-sep', '25-sep', '27-sep', '29-sep', '30-sep', '01-oct', '02-oct', '04-oct', '14-oct', '14-oct.1', '15-oct', '16-oct', '18-oct', '20-oct', '21-oct', '22-oct', '23-oct', '25-oct', '27-oct', '28-oct', '29-oct', '30-oct', '01-nov', '04-nov', '05-nov', '06-nov', '08-nov', '10-nov', '11-nov', '12-nov', '13-nov', '15-nov', '22-nov', 'ESTADO ETAPA 2.1', 'CERTIFICADO 2025', 'OBSERVACIONES LLAMADA 1', 'OBSERVACIONES LLAMADA 2', 'LLAMADAS', 'OBSERVACIONES', 'OBSERVACIONES LLAMADAS DE SEGUIMIENTO', 'OBSERVACION A DOCUMENTO', 'SEXO', 'FECHA ACTUAL', 'TIPO POBLACION', 'NIVEL_MCER', 'ENTIDAD', 'NOMBRE CURSO', 'IDIOMA', 'FECHA INICIAL', 'FECHA FINAL']
2025-10-25 19:01:47,556 - __main__ - INFO - Processing main tables...
2025-10-25 19:01:47,559 - __main__ - INFO - Preparando datos de Personas...
2025-10-25 19:01:47,564 - __main__ - WARNING - Documentos inválidos encontrados: [nan, nan, nan, nan, nan, nan, nan, nan]
2025-10-25 19:01:47,575 - __main__ - ERROR - Error durante la limpieza de datos de Personas: cannot access local variable 'invalid_dates' where it is not associated with a value
2025-10-25 19:01:47,576 - __main__ - ERROR - Fatal error during data import: cannot access local variable 'invalid_dates' where it is not associated with a value
2025-10-25 19:02:08,477 - Base_datos.conexion - INFO - Conexión exitosa a MySQL en puerto 3308
2025-10-25 19:02:08,502 - Base_datos.conexion - INFO - Conexión a base de datos cerrada
2025-10-25 19:02:08,524 - __main__ - INFO - Loading data from d:\Proyectos Jc Code\Archivos para BD rionegro\Observatorio\CSVs\data_2025.csv
2025-10-25 19:02:08,565 - __main__ - INFO - Processing reference tables...
2025-10-25 19:02:08,572 - __main__ - INFO - Columnas disponibles en el DataFrame: ['CODIGO SEDE-POBL-NIVEL-DOC', '#', 'TIPO DE IDENTIFICACIÓN', 'LUGAR DE EXPEDICIÓN', 'NÚMERO DE IDENTIFICACIÓN', 'NOMBRES2', 'APELLIDOS', 'TELÉFONO 1', 'TELÉFONO 2', '1', '2', '3', '4', '5', '6', '7', '8', '9', '10', 'FECHA DE NACIMIENTO', 'EDAD', 'CORREO ELECTRÓNICO', 'MUNICIPIO', 'DIRECCIÓN', 'NOMBRE DEL ACUDIENTE', 'TIPO DE DOCUMENTO', 'NÚMERO DE DOCUMENTO', 'PARENTESCO', 'Institución Educativa 2023', 'Sede I.E.', 'Grado 2023', 'Población 2023', 'Sede Nodal 2023', 'Sede Nodal 2023.1', 'Población 2023.1', 'Nivel 2023-ETAPA 2', 'ESTADO ETAPA 2', 'CERTIFICADO', 'INSTITUCIÓN EDUCATIVA 2025', 'SEDE 2025', 'COLEGIO ABREVIADO PARA LISTADOS', 'GRADO 2025', 'SEDE NODAL 2025', 'POBLACIÓN', 'NIVEL ETAPA 1 - 2025', 'NIVEL ETAPA 2 - 2025', 'JORNADA ETAPA 2025', 'DOCENTE - 2025', 'GRUPO - 2025', 'CATEGORÍA', 'ESTADO DEL ESTUDIANTE 2025', 'ESTADO MATRÍCULA 2025', '19-jul', '26-jul', '28-jul', '29-jul', '30-jul', '31-jul', '02-ago', '04-ago', '05-ago', '09-ago', '11-ago', '12-ago', '13-ago', '14-ago', '16-ago', '19-ago', '20-ago', '21-ago', '23-ago', '25-ago', '26-ago', '27-ago', '28-ago', '30-ago', '01-sep', '02-sep', '03-sep', '04-sep', '06-sep', '08-sep', '09-sep', '10-sep', '11-sep', '13-sep', '15-sep', '16-sep', 'ESTADO FINAL ETAPA 1', 'ENTREGA CONSENTIMIENTO INFORMADO', 'ENTREGA COPIA DE DOCUMENTO DE IDENTIFICACIÓN', '17-sep', '18-sep', '20-sep', '22-sep', '23-sep', '24-sep', '25-sep', '27-sep', '29-sep', '30-sep', '01-oct', '02-oct', '04-oct', '14-oct', '14-oct.1', '15-oct', '16-oct', '18-oct', '20-oct', '21-oct', '22-oct', '23-oct', '25-oct', '27-oct', '28-oct', '29-oct', '30-oct', '01-nov', '04-nov', '05-nov', '06-nov', '08-nov', '10-nov', '11-nov', '12-nov', '13-nov', '15-nov', '22-nov', 'ESTADO ETAPA 2.1', 'CERTIFICADO 2025', 'OBSERVACIONES LLAMADA 1', 'OBSERVACIONES LLAMADA 2', 'LLAMADAS', 'OBSERVACIONES', 'OBSERVACIONES LLAMADAS DE SEGUIMIENTO', 'OBSERVACION A DOCUMENTO', 'SEXO', 'FECHA ACTUAL', 'TIPO POBLACION', 'NIVEL_MCER', 'ENTIDAD', 'NOMBRE CURSO', 'IDIOMA', 'FECHA INICIAL', 'FECHA FINAL']
2025-10-25 19:02:08,587 - __main__ - INFO - Processing main tables...
2025-10-25 19:02:08,594 - __main__ - INFO - Preparando datos de Personas...
2025-10-25 19:02:08,606 - __main__ - WARNING - Documentos inválidos encontrados: [nan, nan, nan, nan, nan, nan, nan, nan]
2025-10-25 19:02:08,607 - __main__ - ERROR - Error durante la limpieza de datos de Personas: cannot access local variable 'invalid_dates' where it is not associated with a value
2025-10-25 19:02:08,607 - __main__ - ERROR - Fatal error during data import: cannot access local variable 'invalid_dates' where it is not associated with a value
